Using pre-set license
Built from '2020.3/staging' branch; Version is '2020.3.33f1 (915a7af8b0d5) revision 9525882'; Using compiler version '192528614'; Build Type 'Release'
OS: 'Windows 10  (10.0.19042) 64bit Professional' Language: 'ko' Physical Memory: 7997 MB
BatchMode: 1, IsHumanControllingUs: 0, StartBugReporterOnCrash: 0, Is64bit: 1, IsPro: 0

COMMAND LINE ARGUMENTS:
C:\Program Files\Unity 2020.3.33f1\Editor\Unity.exe
-adb2
-batchMode
-noUpm
-name
AssetImportWorker1
-projectPath
E:/4학년 1학기 캡스톤/gitDesktop/Capstone_2022_Japgokbap/project
-logFile
Logs/AssetImportWorker1.log
-srvPort
52357
Successfully changed project path to: E:/4학년 1학기 캡스톤/gitDesktop/Capstone_2022_Japgokbap/project
E:/4학년 1학기 캡스톤/gitDesktop/Capstone_2022_Japgokbap/project
Using Asset Import Pipeline V2.
Refreshing native plugins compatible for Editor in 53.17 ms, found 2 plugins.
Preloading 0 native plugins for Editor in 0.00 ms.
Initialize engine version: 2020.3.33f1 (915a7af8b0d5)
[Subsystems] Discovering subsystems at path C:/Program Files/Unity 2020.3.33f1/Editor/Data/Resources/UnitySubsystems
[Subsystems] Discovering subsystems at path E:/4학년 1학기 캡스톤/gitDesktop/Capstone_2022_Japgokbap/project/Assets
GfxDevice: creating device client; threaded=0
Direct3D:
    Version:  Direct3D 11.0 [level 11.1]
    Renderer: NVIDIA GeForce GTX 1650 (ID=0x1f91)
    Vendor:   
    VRAM:     3962 MB
    Driver:   27.21.14.5763
Initialize mono
Mono path[0] = 'C:/Program Files/Unity 2020.3.33f1/Editor/Data/Managed'
Mono path[1] = 'C:/Program Files/Unity 2020.3.33f1/Editor/Data/MonoBleedingEdge/lib/mono/unityjit'
Mono config path = 'C:/Program Files/Unity 2020.3.33f1/Editor/Data/MonoBleedingEdge/etc'
Using monoOptions --debugger-agent=transport=dt_socket,embedding=1,server=y,suspend=n,address=127.0.0.1:56408
Begin MonoManager ReloadAssembly
Registering precompiled unity dll's ...
Register platform support module: C:/Program Files/Unity 2020.3.33f1/Editor/Data/PlaybackEngines/WindowsStandaloneSupport/UnityEditor.WindowsStandalone.Extensions.dll
Registered in 0.008867 seconds.
Native extension for WindowsStandalone target not found
Refreshing native plugins compatible for Editor in 44.15 ms, found 2 plugins.
Preloading 0 native plugins for Editor in 0.00 ms.
Mono: successfully reloaded assembly
- Completed reload, in  0.905 seconds
Domain Reload Profiling:
	ReloadAssembly (905ms)
		BeginReloadAssembly (199ms)
			ExecutionOrderSort (0ms)
			DisableScriptedObjects (0ms)
			BackupInstance (0ms)
			ReleaseScriptingObjects (0ms)
			CreateAndSetChildDomain (1ms)
		EndReloadAssembly (575ms)
			LoadAssemblies (187ms)
			RebuildTransferFunctionScriptingTraits (0ms)
			SetupTypeCache (189ms)
			ReleaseScriptCaches (0ms)
			RebuildScriptCaches (32ms)
			SetupLoadedEditorAssemblies (204ms)
				LogAssemblyErrors (0ms)
				InitializePlatformSupportModulesInManaged (6ms)
				SetLoadedEditorAssemblies (0ms)
				RefreshPlugins (44ms)
				BeforeProcessingInitializeOnLoad (18ms)
				ProcessInitializeOnLoadAttributes (100ms)
				ProcessInitializeOnLoadMethodAttributes (35ms)
				AfterProcessingInitializeOnLoad (0ms)
				EditorAssembliesLoaded (0ms)
			ExecutionOrderSort2 (0ms)
			AwakeInstancesAfterBackupRestoration (0ms)
Platform modules already initialized, skipping
Registering precompiled user dll's ...
Registered in 0.005170 seconds.
Begin MonoManager ReloadAssembly
Symbol file LoadedFromMemory doesn't match image E:\4학년 1학기 캡스톤\gitDesktop\Capstone_2022_Japgokbap\project\Library\PackageCache\com.unity.collab-proxy@1.15.15\Lib\Editor\PlasticSCM\unityplastic.dll
Native extension for WindowsStandalone target not found
Refreshing native plugins compatible for Editor in 0.73 ms, found 2 plugins.
Preloading 0 native plugins for Editor in 0.00 ms.
Mono: successfully reloaded assembly
- Completed reload, in  3.454 seconds
Domain Reload Profiling:
	ReloadAssembly (3466ms)
		BeginReloadAssembly (304ms)
			ExecutionOrderSort (0ms)
			DisableScriptedObjects (6ms)
			BackupInstance (0ms)
			ReleaseScriptingObjects (0ms)
			CreateAndSetChildDomain (25ms)
		EndReloadAssembly (3033ms)
			LoadAssemblies (1616ms)
			RebuildTransferFunctionScriptingTraits (0ms)
			SetupTypeCache (420ms)
			ReleaseScriptCaches (1ms)
			RebuildScriptCaches (59ms)
			SetupLoadedEditorAssemblies (883ms)
				LogAssemblyErrors (0ms)
				InitializePlatformSupportModulesInManaged (7ms)
				SetLoadedEditorAssemblies (1ms)
				RefreshPlugins (1ms)
				BeforeProcessingInitializeOnLoad (168ms)
				ProcessInitializeOnLoadAttributes (653ms)
				ProcessInitializeOnLoadMethodAttributes (19ms)
				AfterProcessingInitializeOnLoad (32ms)
				EditorAssembliesLoaded (0ms)
			ExecutionOrderSort2 (0ms)
			AwakeInstancesAfterBackupRestoration (7ms)
Platform modules already initialized, skipping
========================================================================
Worker process is ready to serve import requests
Launched and connected shader compiler UnityShaderCompiler.exe after 0.09 seconds
Refreshing native plugins compatible for Editor in 0.50 ms, found 2 plugins.
Preloading 0 native plugins for Editor in 0.00 ms.
Unloading 1646 Unused Serialized files (Serialized files now loaded: 0)
System memory in use before: 102.9 MB.
System memory in use after: 102.9 MB.

Unloading 17 unused Assets to reduce memory usage. Loaded Objects now: 2108.
Total: 5.169500 ms (FindLiveObjects: 0.245500 ms CreateObjectMapping: 0.050700 ms MarkObjects: 4.715900 ms  DeleteObjects: 0.156000 ms)

AssetImportParameters requested are different than current active one (requested -> active):
  custom:framework-win-MediaFoundation: 216162199b28c13a410421893ffa2e32 -> 
  custom:video-decoder-ogg-theora: a1e56fd34408186e4bbccfd4996cb3dc -> 
  custom:container-muxer-webm: aa71ff27fc2769a1b78a27578f13a17b -> 
  custom:container-demuxer-webm: 4f35f7cbe854078d1ac9338744f61a02 -> 
  custom:container-demuxer-ogg: 62fdf1f143b41e24485cea50d1cbac27 -> 
  custom:video-encoder-webm-vp8: eb34c28f22e8b96e1ab97ce403110664 -> 
  custom:video-decoder-webm-vp8: 9c59270c3fd7afecdb556c50c9e8de78 -> 
  custom:audio-decoder-ogg-vorbis: bf7c407c2cedff20999df2af8eb42d56 -> 
  custom:audio-encoder-webm-vorbis: bf7c407c2cedff20999df2af8eb42d56 -> 
========================================================================
Received Import Request.
  path: Assets/Scripts/PlayerMovement.cs
  artifactKey: Guid(59d2c714e302c4a45a84fd11e6feb6f5) Importer(815301076,1909f56bfc062723c751e8b465ee728b)
Start importing Assets/Scripts/PlayerMovement.cs using Guid(59d2c714e302c4a45a84fd11e6feb6f5) Importer(815301076,1909f56bfc062723c751e8b465ee728b)  -> (artifact id: 'b9c8d51e68977f6c0921369cfdf7de42') in 0.116848 seconds 
========================================================================
Received Prepare
Registering precompiled user dll's ...
Registered in 0.009543 seconds.
Begin MonoManager ReloadAssembly
Symbol file LoadedFromMemory doesn't match image E:\4학년 1학기 캡스톤\gitDesktop\Capstone_2022_Japgokbap\project\Library\PackageCache\com.unity.collab-proxy@1.15.15\Lib\Editor\PlasticSCM\unityplastic.dll
Native extension for WindowsStandalone target not found
Refreshing native plugins compatible for Editor in 0.51 ms, found 2 plugins.
Preloading 0 native plugins for Editor in 0.00 ms.
Mono: successfully reloaded assembly
- Completed reload, in  1.669 seconds
Domain Reload Profiling:
	ReloadAssembly (1670ms)
		BeginReloadAssembly (260ms)
			ExecutionOrderSort (0ms)
			DisableScriptedObjects (9ms)
			BackupInstance (0ms)
			ReleaseScriptingObjects (0ms)
			CreateAndSetChildDomain (58ms)
		EndReloadAssembly (1263ms)
			LoadAssemblies (232ms)
			RebuildTransferFunctionScriptingTraits (0ms)
			SetupTypeCache (381ms)
			ReleaseScriptCaches (1ms)
			RebuildScriptCaches (48ms)
			SetupLoadedEditorAssemblies (548ms)
				LogAssemblyErrors (0ms)
				InitializePlatformSupportModulesInManaged (7ms)
				SetLoadedEditorAssemblies (1ms)
				RefreshPlugins (1ms)
				BeforeProcessingInitializeOnLoad (140ms)
				ProcessInitializeOnLoadAttributes (356ms)
				ProcessInitializeOnLoadMethodAttributes (14ms)
				AfterProcessingInitializeOnLoad (31ms)
				EditorAssembliesLoaded (0ms)
			ExecutionOrderSort2 (0ms)
			AwakeInstancesAfterBackupRestoration (10ms)
Platform modules already initialized, skipping
Refreshing native plugins compatible for Editor in 0.71 ms, found 2 plugins.
Preloading 0 native plugins for Editor in 0.00 ms.
Unloading 1634 Unused Serialized files (Serialized files now loaded: 0)
System memory in use before: 102.3 MB.
System memory in use after: 102.4 MB.

Unloading 12 unused Assets to reduce memory usage. Loaded Objects now: 2112.
Total: 3.927500 ms (FindLiveObjects: 0.213500 ms CreateObjectMapping: 0.059100 ms MarkObjects: 3.617700 ms  DeleteObjects: 0.035800 ms)

AssetImportParameters requested are different than current active one (requested -> active):
  custom:framework-win-MediaFoundation: 216162199b28c13a410421893ffa2e32 -> 
  custom:video-decoder-ogg-theora: a1e56fd34408186e4bbccfd4996cb3dc -> 
  custom:container-muxer-webm: aa71ff27fc2769a1b78a27578f13a17b -> 
  custom:container-demuxer-webm: 4f35f7cbe854078d1ac9338744f61a02 -> 
  custom:container-demuxer-ogg: 62fdf1f143b41e24485cea50d1cbac27 -> 
  custom:video-encoder-webm-vp8: eb34c28f22e8b96e1ab97ce403110664 -> 
  custom:video-decoder-webm-vp8: 9c59270c3fd7afecdb556c50c9e8de78 -> 
  custom:audio-decoder-ogg-vorbis: bf7c407c2cedff20999df2af8eb42d56 -> 
  custom:audio-encoder-webm-vorbis: bf7c407c2cedff20999df2af8eb42d56 -> 
========================================================================
Received Prepare
Registering precompiled user dll's ...
Registered in 0.006393 seconds.
Begin MonoManager ReloadAssembly
Symbol file LoadedFromMemory doesn't match image E:\4학년 1학기 캡스톤\gitDesktop\Capstone_2022_Japgokbap\project\Library\PackageCache\com.unity.collab-proxy@1.15.15\Lib\Editor\PlasticSCM\unityplastic.dll
Native extension for WindowsStandalone target not found
Refreshing native plugins compatible for Editor in 0.49 ms, found 2 plugins.
Preloading 0 native plugins for Editor in 0.00 ms.
Mono: successfully reloaded assembly
- Completed reload, in  1.631 seconds
Domain Reload Profiling:
	ReloadAssembly (1632ms)
		BeginReloadAssembly (216ms)
			ExecutionOrderSort (0ms)
			DisableScriptedObjects (5ms)
			BackupInstance (0ms)
			ReleaseScriptingObjects (0ms)
			CreateAndSetChildDomain (43ms)
		EndReloadAssembly (1294ms)
			LoadAssemblies (194ms)
			RebuildTransferFunctionScriptingTraits (0ms)
			SetupTypeCache (341ms)
			ReleaseScriptCaches (1ms)
			RebuildScriptCaches (47ms)
			SetupLoadedEditorAssemblies (636ms)
				LogAssemblyErrors (0ms)
				InitializePlatformSupportModulesInManaged (8ms)
				SetLoadedEditorAssemblies (1ms)
				RefreshPlugins (1ms)
				BeforeProcessingInitializeOnLoad (169ms)
				ProcessInitializeOnLoadAttributes (407ms)
				ProcessInitializeOnLoadMethodAttributes (15ms)
				AfterProcessingInitializeOnLoad (35ms)
				EditorAssembliesLoaded (0ms)
			ExecutionOrderSort2 (0ms)
			AwakeInstancesAfterBackupRestoration (13ms)
Platform modules already initialized, skipping
Refreshing native plugins compatible for Editor in 0.59 ms, found 2 plugins.
Preloading 0 native plugins for Editor in 0.00 ms.
Unloading 1634 Unused Serialized files (Serialized files now loaded: 0)
System memory in use before: 102.3 MB.
System memory in use after: 102.4 MB.

Unloading 12 unused Assets to reduce memory usage. Loaded Objects now: 2116.
Total: 3.873500 ms (FindLiveObjects: 0.196400 ms CreateObjectMapping: 0.048700 ms MarkObjects: 3.600500 ms  DeleteObjects: 0.026100 ms)

AssetImportParameters requested are different than current active one (requested -> active):
  custom:framework-win-MediaFoundation: 216162199b28c13a410421893ffa2e32 -> 
  custom:video-decoder-ogg-theora: a1e56fd34408186e4bbccfd4996cb3dc -> 
  custom:container-muxer-webm: aa71ff27fc2769a1b78a27578f13a17b -> 
  custom:container-demuxer-webm: 4f35f7cbe854078d1ac9338744f61a02 -> 
  custom:container-demuxer-ogg: 62fdf1f143b41e24485cea50d1cbac27 -> 
  custom:video-encoder-webm-vp8: eb34c28f22e8b96e1ab97ce403110664 -> 
  custom:video-decoder-webm-vp8: 9c59270c3fd7afecdb556c50c9e8de78 -> 
  custom:audio-decoder-ogg-vorbis: bf7c407c2cedff20999df2af8eb42d56 -> 
  custom:audio-encoder-webm-vorbis: bf7c407c2cedff20999df2af8eb42d56 -> 
========================================================================
Received Import Request.
  Time since last request: 121.199842 seconds.
  path: Assets/Unit/Skeletons/weapon/1skel_asset/1skel_weapon.fbx
  artifactKey: Guid(f305edf362fb2854aa17940d7df07c64) Importer(815301076,1909f56bfc062723c751e8b465ee728b)
Start importing Assets/Unit/Skeletons/weapon/1skel_asset/1skel_weapon.fbx using Guid(f305edf362fb2854aa17940d7df07c64) Importer(815301076,1909f56bfc062723c751e8b465ee728b)  -> (artifact id: '434a3b74f96adc32f55b97f76e998368') in 0.334375 seconds 
========================================================================
Received Import Request.
  Time since last request: 0.000291 seconds.
  path: Assets/Unit/Skeletons/skeleton_asset/3skel/New Folder 2/3skel_sh.prefab
  artifactKey: Guid(1f2b3ca399ad1604884c9014e6a843fb) Importer(815301076,1909f56bfc062723c751e8b465ee728b)
Start importing Assets/Unit/Skeletons/skeleton_asset/3skel/New Folder 2/3skel_sh.prefab using Guid(1f2b3ca399ad1604884c9014e6a843fb) Importer(815301076,1909f56bfc062723c751e8b465ee728b)  -> (artifact id: 'c00af7cfa5e19b2cd470c2ebf38f8e1d') in 0.137649 seconds 
========================================================================
Received Import Request.
  Time since last request: 0.000296 seconds.
  path: Assets/Unit/Skeletons/skeleton_asset/3skel/헬멧/3skel_helmet.fbx
  artifactKey: Guid(a2357ce7e099b0d4096aee8bd9e2c57b) Importer(815301076,1909f56bfc062723c751e8b465ee728b)
Start importing Assets/Unit/Skeletons/skeleton_asset/3skel/헬멧/3skel_helmet.fbx using Guid(a2357ce7e099b0d4096aee8bd9e2c57b) Importer(815301076,1909f56bfc062723c751e8b465ee728b)  -> (artifact id: '36ba88bd50aa2497e0235a9d14ff888a') in 0.124273 seconds 
========================================================================
Received Import Request.
  Time since last request: 0.000291 seconds.
  path: Assets/Unit/Skeletons/1skeleton_base.prefab
  artifactKey: Guid(519d29ca10ba3b0438a8063a736c2a10) Importer(815301076,1909f56bfc062723c751e8b465ee728b)
Start importing Assets/Unit/Skeletons/1skeleton_base.prefab using Guid(519d29ca10ba3b0438a8063a736c2a10) Importer(815301076,1909f56bfc062723c751e8b465ee728b)  -> (artifact id: '36b95bb5f6aec844116ccd0a7b3ed3a6') in 0.162222 seconds 
========================================================================
Received Import Request.
  Time since last request: 0.000287 seconds.
  path: Assets/Unit/Skeletons/2skeleton_base.prefab
  artifactKey: Guid(91691ce530e661e4da7848d37ae92bab) Importer(815301076,1909f56bfc062723c751e8b465ee728b)
Start importing Assets/Unit/Skeletons/2skeleton_base.prefab using Guid(91691ce530e661e4da7848d37ae92bab) Importer(815301076,1909f56bfc062723c751e8b465ee728b)  -> (artifact id: '5bd861549bb2d2b64afe79f37e0df60c') in 0.179511 seconds 
========================================================================
Received Import Request.
  Time since last request: 0.000296 seconds.
  path: Assets/Unit/Skeletons/skeleton_asset/3skel/3skel_armor.fbx
  artifactKey: Guid(b2da0586102fe144ca7af7f979ff04c3) Importer(815301076,1909f56bfc062723c751e8b465ee728b)
Start importing Assets/Unit/Skeletons/skeleton_asset/3skel/3skel_armor.fbx using Guid(b2da0586102fe144ca7af7f979ff04c3) Importer(815301076,1909f56bfc062723c751e8b465ee728b)  -> (artifact id: 'a05f7a84b8b6cdc8faf0a96db39dc14f') in 0.148810 seconds 
========================================================================
Received Import Request.
  Time since last request: 0.000291 seconds.
  path: Assets/Unit/Skeletons/skeleton_asset/3skel/3skel_sh.fbx
  artifactKey: Guid(edd838a28ce44544592e9377e8a7beec) Importer(815301076,1909f56bfc062723c751e8b465ee728b)
Start importing Assets/Unit/Skeletons/skeleton_asset/3skel/3skel_sh.fbx using Guid(edd838a28ce44544592e9377e8a7beec) Importer(815301076,1909f56bfc062723c751e8b465ee728b)  -> (artifact id: '124009b6ace39715b12471637ec6276f') in 0.151904 seconds 
========================================================================
Received Import Request.
  Time since last request: 0.000328 seconds.
  path: Assets/Unit/Skeletons/skeleton_asset/3skel/New Folder/3sk_sheld.fbx
  artifactKey: Guid(c7cefab4ec59ba047874d2a962bc5e9a) Importer(815301076,1909f56bfc062723c751e8b465ee728b)
Start importing Assets/Unit/Skeletons/skeleton_asset/3skel/New Folder/3sk_sheld.fbx using Guid(c7cefab4ec59ba047874d2a962bc5e9a) Importer(815301076,1909f56bfc062723c751e8b465ee728b)  -> (artifact id: '2bc5d52eb7205f3a0227aaf2a9fe228b') in 0.118743 seconds 
========================================================================
Received Import Request.
  Time since last request: 1.195320 seconds.
  path: Assets/Unit/Skeletons/3skeleton_base.prefab
  artifactKey: Guid(fc73b4d271895774fbbd8aa55f6466d6) Importer(815301076,1909f56bfc062723c751e8b465ee728b)
Start importing Assets/Unit/Skeletons/3skeleton_base.prefab using Guid(fc73b4d271895774fbbd8aa55f6466d6) Importer(815301076,1909f56bfc062723c751e8b465ee728b)  -> (artifact id: '7745559df282a396af148a3e663b5578') in 0.151550 seconds 
========================================================================
Received Import Request.
  Time since last request: 0.000280 seconds.
  path: Assets/Unit/Goblins/goblin_base.fbx
  artifactKey: Guid(1335b80dfd92b0244b6397e0cc880a08) Importer(815301076,1909f56bfc062723c751e8b465ee728b)
Start importing Assets/Unit/Goblins/goblin_base.fbx using Guid(1335b80dfd92b0244b6397e0cc880a08) Importer(815301076,1909f56bfc062723c751e8b465ee728b)  -> (artifact id: '32cc3e47c9ed684e35787b4f3a3f22b3') in 0.165587 seconds 
========================================================================
Received Import Request.
  Time since last request: 0.000262 seconds.
  path: Assets/Unit/Goblins/goblin_base.prefab
  artifactKey: Guid(8137ffd54ed64144da81e7919c21d09a) Importer(815301076,1909f56bfc062723c751e8b465ee728b)
Start importing Assets/Unit/Goblins/goblin_base.prefab using Guid(8137ffd54ed64144da81e7919c21d09a) Importer(815301076,1909f56bfc062723c751e8b465ee728b)  -> (artifact id: 'd9c87c48adbc7918e2186def448538b8') in 0.133663 seconds 
========================================================================
Received Import Request.
  Time since last request: 0.000334 seconds.
  path: Assets/Characters/warrior/warrior_asset/mix base.fbx
  artifactKey: Guid(ed7b334fe5c2e6841aa9cc25b5362afd) Importer(815301076,1909f56bfc062723c751e8b465ee728b)
Start importing Assets/Characters/warrior/warrior_asset/mix base.fbx using Guid(ed7b334fe5c2e6841aa9cc25b5362afd) Importer(815301076,1909f56bfc062723c751e8b465ee728b)  -> (artifact id: 'b830fc3d84683024c5a5b759d2cb1265') in 0.150860 seconds 
========================================================================
Received Import Request.
  Time since last request: 0.000379 seconds.
  path: Assets/Unit/Skeletons/4skeleton_base.prefab
  artifactKey: Guid(4049c4c1d2fdaee49981a4e44d1bc300) Importer(815301076,1909f56bfc062723c751e8b465ee728b)
Start importing Assets/Unit/Skeletons/4skeleton_base.prefab using Guid(4049c4c1d2fdaee49981a4e44d1bc300) Importer(815301076,1909f56bfc062723c751e8b465ee728b)  -> (artifact id: '57a86394ed6f284bca0c347c22fa3ee6') in 0.249921 seconds 
========================================================================
Received Import Request.
  Time since last request: 20.672735 seconds.
  path: Assets/Unit/Skeletons/skeleton_asset/3skel/무기/3skel_weapon.fbx
  artifactKey: Guid(3ec0d00fb387b1848952cae215f16cd0) Importer(815301076,1909f56bfc062723c751e8b465ee728b)
Start importing Assets/Unit/Skeletons/skeleton_asset/3skel/무기/3skel_weapon.fbx using Guid(3ec0d00fb387b1848952cae215f16cd0) Importer(815301076,1909f56bfc062723c751e8b465ee728b)  -> (artifact id: '1e8346fb949d8bcfb2efdfe854bffd21') in 0.169560 seconds 
========================================================================
Received Import Request.
  Time since last request: 0.000253 seconds.
  path: Assets/Unit/Skeletons/New Folder/armor.fbx
  artifactKey: Guid(d25a2ab36b3d3204f85b8a354a9e6300) Importer(815301076,1909f56bfc062723c751e8b465ee728b)
Start importing Assets/Unit/Skeletons/New Folder/armor.fbx using Guid(d25a2ab36b3d3204f85b8a354a9e6300) Importer(815301076,1909f56bfc062723c751e8b465ee728b)  -> (artifact id: '150ac694d24c1a145fe78aa4a9166ede') in 0.168601 seconds 
========================================================================
Received Import Request.
  Time since last request: 0.000347 seconds.
  path: Assets/Prefabs/AttackPrefab.prefab
  artifactKey: Guid(3a2f1f3c86f7f7747a7eb2a33b20a52d) Importer(815301076,1909f56bfc062723c751e8b465ee728b)
Start importing Assets/Prefabs/AttackPrefab.prefab using Guid(3a2f1f3c86f7f7747a7eb2a33b20a52d) Importer(815301076,1909f56bfc062723c751e8b465ee728b)  -> (artifact id: '11051459ea5b957d62d1afe2d7526d49') in 0.127457 seconds 
========================================================================
Received Import Request.
  Time since last request: 40.456219 seconds.
  path: Assets/Characters/Great Sword Walk.fbx
  artifactKey: Guid(646acc3e3609f03408ea6b3b08cb7b97) Importer(815301076,1909f56bfc062723c751e8b465ee728b)
Start importing Assets/Characters/Great Sword Walk.fbx using Guid(646acc3e3609f03408ea6b3b08cb7b97) Importer(815301076,1909f56bfc062723c751e8b465ee728b)  -> (artifact id: 'b5abacb93633f595ca1d4447c8b7986e') in 0.257566 seconds 
========================================================================
Received Import Request.
  Time since last request: 0.000305 seconds.
  path: Assets/Unit/Skeletons/skeleton_asset/3skel/New Folder 2/skeleton_base.fbx
  artifactKey: Guid(8e688bc8258b83244b7a1ff73fb87e5b) Importer(815301076,1909f56bfc062723c751e8b465ee728b)
Start importing Assets/Unit/Skeletons/skeleton_asset/3skel/New Folder 2/skeleton_base.fbx using Guid(8e688bc8258b83244b7a1ff73fb87e5b) Importer(815301076,1909f56bfc062723c751e8b465ee728b)  -> (artifact id: '4cd399808a3d29e06f896aa618058b40') in 0.156340 seconds 
========================================================================
Received Import Request.
  Time since last request: 0.000411 seconds.
  path: Assets/Characters/warrior/mix base2.fbx
  artifactKey: Guid(106571eb7a7d3a0448f0c534cbfa7d3e) Importer(815301076,1909f56bfc062723c751e8b465ee728b)
Start importing Assets/Characters/warrior/mix base2.fbx using Guid(106571eb7a7d3a0448f0c534cbfa7d3e) Importer(815301076,1909f56bfc062723c751e8b465ee728b)  -> (artifact id: '9d8665e2d476b044b49b3e7001e9d414') in 0.808306 seconds 
========================================================================
Received Prepare
Registering precompiled user dll's ...
Registered in 0.103954 seconds.
Begin MonoManager ReloadAssembly
Symbol file LoadedFromMemory doesn't match image E:\4학년 1학기 캡스톤\gitDesktop\Capstone_2022_Japgokbap\project\Library\PackageCache\com.unity.collab-proxy@1.15.15\Lib\Editor\PlasticSCM\unityplastic.dll
Native extension for WindowsStandalone target not found
Refreshing native plugins compatible for Editor in 0.50 ms, found 2 plugins.
Preloading 0 native plugins for Editor in 0.00 ms.
Mono: successfully reloaded assembly
- Completed reload, in  1.758 seconds
Domain Reload Profiling:
	ReloadAssembly (1759ms)
		BeginReloadAssembly (236ms)
			ExecutionOrderSort (0ms)
			DisableScriptedObjects (5ms)
			BackupInstance (0ms)
			ReleaseScriptingObjects (0ms)
			CreateAndSetChildDomain (46ms)
		EndReloadAssembly (1413ms)
			LoadAssemblies (213ms)
			RebuildTransferFunctionScriptingTraits (0ms)
			SetupTypeCache (376ms)
			ReleaseScriptCaches (1ms)
			RebuildScriptCaches (54ms)
			SetupLoadedEditorAssemblies (711ms)
				LogAssemblyErrors (0ms)
				InitializePlatformSupportModulesInManaged (6ms)
				SetLoadedEditorAssemblies (1ms)
				RefreshPlugins (1ms)
				BeforeProcessingInitializeOnLoad (145ms)
				ProcessInitializeOnLoadAttributes (396ms)
				ProcessInitializeOnLoadMethodAttributes (131ms)
				AfterProcessingInitializeOnLoad (31ms)
				EditorAssembliesLoaded (0ms)
			ExecutionOrderSort2 (0ms)
			AwakeInstancesAfterBackupRestoration (13ms)
Platform modules already initialized, skipping
Refreshing native plugins compatible for Editor in 0.51 ms, found 2 plugins.
Preloading 0 native plugins for Editor in 0.00 ms.
Unloading 1634 Unused Serialized files (Serialized files now loaded: 0)
System memory in use before: 119.6 MB.
System memory in use after: 119.7 MB.

Unloading 13 unused Assets to reduce memory usage. Loaded Objects now: 2165.
Total: 3.942900 ms (FindLiveObjects: 0.205400 ms CreateObjectMapping: 0.054300 ms MarkObjects: 3.649100 ms  DeleteObjects: 0.032600 ms)

AssetImportParameters requested are different than current active one (requested -> active):
  custom:framework-win-MediaFoundation: 216162199b28c13a410421893ffa2e32 -> 
  custom:video-decoder-ogg-theora: a1e56fd34408186e4bbccfd4996cb3dc -> 
  custom:container-muxer-webm: aa71ff27fc2769a1b78a27578f13a17b -> 
  custom:container-demuxer-webm: 4f35f7cbe854078d1ac9338744f61a02 -> 
  custom:container-demuxer-ogg: 62fdf1f143b41e24485cea50d1cbac27 -> 
  custom:video-encoder-webm-vp8: eb34c28f22e8b96e1ab97ce403110664 -> 
  custom:video-decoder-webm-vp8: 9c59270c3fd7afecdb556c50c9e8de78 -> 
  custom:audio-decoder-ogg-vorbis: bf7c407c2cedff20999df2af8eb42d56 -> 
  custom:audio-encoder-webm-vorbis: bf7c407c2cedff20999df2af8eb42d56 -> 
========================================================================
Received Prepare
Registering precompiled user dll's ...
Registered in 0.005473 seconds.
Begin MonoManager ReloadAssembly
Symbol file LoadedFromMemory doesn't match image E:\4학년 1학기 캡스톤\gitDesktop\Capstone_2022_Japgokbap\project\Library\PackageCache\com.unity.collab-proxy@1.15.15\Lib\Editor\PlasticSCM\unityplastic.dll
Native extension for WindowsStandalone target not found
Refreshing native plugins compatible for Editor in 0.46 ms, found 2 plugins.
Preloading 0 native plugins for Editor in 0.00 ms.
Mono: successfully reloaded assembly
- Completed reload, in  1.624 seconds
Domain Reload Profiling:
	ReloadAssembly (1625ms)
		BeginReloadAssembly (249ms)
			ExecutionOrderSort (0ms)
			DisableScriptedObjects (8ms)
			BackupInstance (0ms)
			ReleaseScriptingObjects (0ms)
			CreateAndSetChildDomain (51ms)
		EndReloadAssembly (1264ms)
			LoadAssemblies (222ms)
			RebuildTransferFunctionScriptingTraits (0ms)
			SetupTypeCache (367ms)
			ReleaseScriptCaches (1ms)
			RebuildScriptCaches (50ms)
			SetupLoadedEditorAssemblies (537ms)
				LogAssemblyErrors (0ms)
				InitializePlatformSupportModulesInManaged (7ms)
				SetLoadedEditorAssemblies (1ms)
				RefreshPlugins (1ms)
				BeforeProcessingInitializeOnLoad (149ms)
				ProcessInitializeOnLoadAttributes (334ms)
				ProcessInitializeOnLoadMethodAttributes (13ms)
				AfterProcessingInitializeOnLoad (31ms)
				EditorAssembliesLoaded (0ms)
			ExecutionOrderSort2 (0ms)
			AwakeInstancesAfterBackupRestoration (10ms)
Platform modules already initialized, skipping
Refreshing native plugins compatible for Editor in 0.64 ms, found 2 plugins.
Preloading 0 native plugins for Editor in 0.00 ms.
Unloading 1634 Unused Serialized files (Serialized files now loaded: 0)
System memory in use before: 119.6 MB.
System memory in use after: 119.7 MB.

Unloading 12 unused Assets to reduce memory usage. Loaded Objects now: 2169.
Total: 3.847800 ms (FindLiveObjects: 0.196600 ms CreateObjectMapping: 0.043900 ms MarkObjects: 3.578000 ms  DeleteObjects: 0.027800 ms)

AssetImportParameters requested are different than current active one (requested -> active):
  custom:framework-win-MediaFoundation: 216162199b28c13a410421893ffa2e32 -> 
  custom:video-decoder-ogg-theora: a1e56fd34408186e4bbccfd4996cb3dc -> 
  custom:container-muxer-webm: aa71ff27fc2769a1b78a27578f13a17b -> 
  custom:container-demuxer-webm: 4f35f7cbe854078d1ac9338744f61a02 -> 
  custom:container-demuxer-ogg: 62fdf1f143b41e24485cea50d1cbac27 -> 
  custom:video-encoder-webm-vp8: eb34c28f22e8b96e1ab97ce403110664 -> 
  custom:video-decoder-webm-vp8: 9c59270c3fd7afecdb556c50c9e8de78 -> 
  custom:audio-decoder-ogg-vorbis: bf7c407c2cedff20999df2af8eb42d56 -> 
  custom:audio-encoder-webm-vorbis: bf7c407c2cedff20999df2af8eb42d56 -> 
========================================================================
Received Import Request.
  Time since last request: 214.244568 seconds.
  path: Assets/Unit/Skeletons/sk@Sword And Shield Walk.fbx
  artifactKey: Guid(5a4324e6319037d4c958de7a99bccb7f) Importer(815301076,1909f56bfc062723c751e8b465ee728b)
Start importing Assets/Unit/Skeletons/sk@Sword And Shield Walk.fbx using Guid(5a4324e6319037d4c958de7a99bccb7f) Importer(815301076,1909f56bfc062723c751e8b465ee728b)  -> (artifact id: '7c8faf15ebded6f88a75adaf07a4e33b') in 0.110320 seconds 
========================================================================
Received Import Request.
  Time since last request: 0.000471 seconds.
  path: Assets/Unit/Skeletons/Skeleton1.prefab
  artifactKey: Guid(f966031d9aaa6f54e946d15294b48e18) Importer(815301076,1909f56bfc062723c751e8b465ee728b)
Start importing Assets/Unit/Skeletons/Skeleton1.prefab using Guid(f966031d9aaa6f54e946d15294b48e18) Importer(815301076,1909f56bfc062723c751e8b465ee728b)  -> (artifact id: 'be39fe1884a51c512691868140e9f51f') in 0.507315 seconds 
========================================================================
Received Import Request.
  Time since last request: 0.000408 seconds.
  path: Assets/Unit/Skeletons/Skeleton2.prefab
  artifactKey: Guid(493bef09536156c4098f060fb48e35de) Importer(815301076,1909f56bfc062723c751e8b465ee728b)
Start importing Assets/Unit/Skeletons/Skeleton2.prefab using Guid(493bef09536156c4098f060fb48e35de) Importer(815301076,1909f56bfc062723c751e8b465ee728b)  -> (artifact id: '2c94fe8c53deec1123d2ed4a2bd27456') in 0.142255 seconds 
========================================================================
Received Import Request.
  Time since last request: 0.000299 seconds.
  path: Assets/Unit/Skeletons/Skeleton4.prefab
  artifactKey: Guid(ceb82173a6538e745964d5c23f170081) Importer(815301076,1909f56bfc062723c751e8b465ee728b)
Start importing Assets/Unit/Skeletons/Skeleton4.prefab using Guid(ceb82173a6538e745964d5c23f170081) Importer(815301076,1909f56bfc062723c751e8b465ee728b)  -> (artifact id: '66c677d71816d3a34ba9e14914752b96') in 0.163104 seconds 
========================================================================
Received Import Request.
  Time since last request: 0.000310 seconds.
  path: Assets/Unit/Skeletons/Skeleton3.prefab
  artifactKey: Guid(b76dfcab8424d25449f82dcbedc315d0) Importer(815301076,1909f56bfc062723c751e8b465ee728b)
Start importing Assets/Unit/Skeletons/Skeleton3.prefab using Guid(b76dfcab8424d25449f82dcbedc315d0) Importer(815301076,1909f56bfc062723c751e8b465ee728b)  -> (artifact id: 'cce5c8892adedf595a2e64f68a54f5a2') in 0.166828 seconds 
========================================================================
Received Prepare
Registering precompiled user dll's ...
Registered in 0.006679 seconds.
Begin MonoManager ReloadAssembly
Symbol file LoadedFromMemory doesn't match image E:\4학년 1학기 캡스톤\gitDesktop\Capstone_2022_Japgokbap\project\Library\PackageCache\com.unity.collab-proxy@1.15.15\Lib\Editor\PlasticSCM\unityplastic.dll
Native extension for WindowsStandalone target not found
Refreshing native plugins compatible for Editor in 0.44 ms, found 2 plugins.
Preloading 0 native plugins for Editor in 0.00 ms.
Mono: successfully reloaded assembly
- Completed reload, in  1.913 seconds
Domain Reload Profiling:
	ReloadAssembly (1914ms)
		BeginReloadAssembly (220ms)
			ExecutionOrderSort (0ms)
			DisableScriptedObjects (5ms)
			BackupInstance (0ms)
			ReleaseScriptingObjects (0ms)
			CreateAndSetChildDomain (44ms)
		EndReloadAssembly (1575ms)
			LoadAssemblies (204ms)
			RebuildTransferFunctionScriptingTraits (0ms)
			SetupTypeCache (417ms)
			ReleaseScriptCaches (1ms)
			RebuildScriptCaches (44ms)
			SetupLoadedEditorAssemblies (582ms)
				LogAssemblyErrors (0ms)
				InitializePlatformSupportModulesInManaged (6ms)
				SetLoadedEditorAssemblies (1ms)
				RefreshPlugins (1ms)
				BeforeProcessingInitializeOnLoad (148ms)
				ProcessInitializeOnLoadAttributes (367ms)
				ProcessInitializeOnLoadMethodAttributes (17ms)
				AfterProcessingInitializeOnLoad (41ms)
				EditorAssembliesLoaded (1ms)
			ExecutionOrderSort2 (0ms)
			AwakeInstancesAfterBackupRestoration (14ms)
Platform modules already initialized, skipping
Refreshing native plugins compatible for Editor in 0.49 ms, found 2 plugins.
Preloading 0 native plugins for Editor in 0.00 ms.
Unloading 1634 Unused Serialized files (Serialized files now loaded: 0)
System memory in use before: 119.7 MB.
System memory in use after: 119.8 MB.

Unloading 13 unused Assets to reduce memory usage. Loaded Objects now: 2174.
Total: 4.462700 ms (FindLiveObjects: 0.362700 ms CreateObjectMapping: 0.059200 ms MarkObjects: 4.000300 ms  DeleteObjects: 0.038300 ms)

AssetImportParameters requested are different than current active one (requested -> active):
  custom:framework-win-MediaFoundation: 216162199b28c13a410421893ffa2e32 -> 
  custom:video-decoder-ogg-theora: a1e56fd34408186e4bbccfd4996cb3dc -> 
  custom:container-muxer-webm: aa71ff27fc2769a1b78a27578f13a17b -> 
  custom:container-demuxer-webm: 4f35f7cbe854078d1ac9338744f61a02 -> 
  custom:container-demuxer-ogg: 62fdf1f143b41e24485cea50d1cbac27 -> 
  custom:video-encoder-webm-vp8: eb34c28f22e8b96e1ab97ce403110664 -> 
  custom:video-decoder-webm-vp8: 9c59270c3fd7afecdb556c50c9e8de78 -> 
  custom:audio-decoder-ogg-vorbis: bf7c407c2cedff20999df2af8eb42d56 -> 
  custom:audio-encoder-webm-vorbis: bf7c407c2cedff20999df2af8eb42d56 -> 
========================================================================
Received Import Request.
  Time since last request: 18.918203 seconds.
  path: Assets/Unit/Skeletons/Skeleton1.prefab
  artifactKey: Guid(f966031d9aaa6f54e946d15294b48e18) Importer(815301076,1909f56bfc062723c751e8b465ee728b)
Start importing Assets/Unit/Skeletons/Skeleton1.prefab using Guid(f966031d9aaa6f54e946d15294b48e18) Importer(815301076,1909f56bfc062723c751e8b465ee728b)  -> (artifact id: '491110bdb22f3c1146beb4f727c441a6') in 0.191707 seconds 
========================================================================
Received Import Request.
  Time since last request: 0.000244 seconds.
  path: Assets/Unit/Skeletons/Skeleton2.prefab
  artifactKey: Guid(493bef09536156c4098f060fb48e35de) Importer(815301076,1909f56bfc062723c751e8b465ee728b)
Start importing Assets/Unit/Skeletons/Skeleton2.prefab using Guid(493bef09536156c4098f060fb48e35de) Importer(815301076,1909f56bfc062723c751e8b465ee728b)  -> (artifact id: 'cbf4e70cc88c3806c5c6398a53f2c41f') in 0.149295 seconds 
========================================================================
Received Import Request.
  Time since last request: 0.000261 seconds.
  path: Assets/Unit/Skeletons/Skeleton4.prefab
  artifactKey: Guid(ceb82173a6538e745964d5c23f170081) Importer(815301076,1909f56bfc062723c751e8b465ee728b)
Start importing Assets/Unit/Skeletons/Skeleton4.prefab using Guid(ceb82173a6538e745964d5c23f170081) Importer(815301076,1909f56bfc062723c751e8b465ee728b)  -> (artifact id: '2579c3ed2719ec07a4952b205362331c') in 0.152737 seconds 
========================================================================
Received Import Request.
  Time since last request: 0.000338 seconds.
  path: Assets/Unit/Skeletons/Skeleton3.prefab
  artifactKey: Guid(b76dfcab8424d25449f82dcbedc315d0) Importer(815301076,1909f56bfc062723c751e8b465ee728b)
Start importing Assets/Unit/Skeletons/Skeleton3.prefab using Guid(b76dfcab8424d25449f82dcbedc315d0) Importer(815301076,1909f56bfc062723c751e8b465ee728b)  -> (artifact id: '4fc45a70f6e1e19187d57e997085f5c2') in 0.154359 seconds 
========================================================================
Received Import Request.
  Time since last request: 88.315016 seconds.
  path: Assets/Prefabs/Map.prefab
  artifactKey: Guid(b9b400eabeb92274fa481100a7bf27f2) Importer(815301076,1909f56bfc062723c751e8b465ee728b)
Start importing Assets/Prefabs/Map.prefab using Guid(b9b400eabeb92274fa481100a7bf27f2) Importer(815301076,1909f56bfc062723c751e8b465ee728b)  -> (artifact id: '9d22d7ee39b5988901f48dcaaaf9aa68') in 0.618775 seconds 
========================================================================
Received Prepare
Registering precompiled user dll's ...
Registered in 0.005215 seconds.
Begin MonoManager ReloadAssembly
Symbol file LoadedFromMemory doesn't match image E:\4학년 1학기 캡스톤\gitDesktop\Capstone_2022_Japgokbap\project\Library\PackageCache\com.unity.collab-proxy@1.15.15\Lib\Editor\PlasticSCM\unityplastic.dll
Native extension for WindowsStandalone target not found
Refreshing native plugins compatible for Editor in 0.52 ms, found 2 plugins.
Preloading 0 native plugins for Editor in 0.00 ms.
Mono: successfully reloaded assembly
- Completed reload, in  1.780 seconds
Domain Reload Profiling:
	ReloadAssembly (1781ms)
		BeginReloadAssembly (280ms)
			ExecutionOrderSort (0ms)
			DisableScriptedObjects (6ms)
			BackupInstance (0ms)
			ReleaseScriptingObjects (0ms)
			CreateAndSetChildDomain (60ms)
		EndReloadAssembly (1342ms)
			LoadAssemblies (250ms)
			RebuildTransferFunctionScriptingTraits (0ms)
			SetupTypeCache (415ms)
			ReleaseScriptCaches (1ms)
			RebuildScriptCaches (56ms)
			SetupLoadedEditorAssemblies (552ms)
				LogAssemblyErrors (0ms)
				InitializePlatformSupportModulesInManaged (8ms)
				SetLoadedEditorAssemblies (1ms)
				RefreshPlugins (1ms)
				BeforeProcessingInitializeOnLoad (160ms)
				ProcessInitializeOnLoadAttributes (334ms)
				ProcessInitializeOnLoadMethodAttributes (14ms)
				AfterProcessingInitializeOnLoad (35ms)
				EditorAssembliesLoaded (0ms)
			ExecutionOrderSort2 (0ms)
			AwakeInstancesAfterBackupRestoration (11ms)
Platform modules already initialized, skipping
Refreshing native plugins compatible for Editor in 0.81 ms, found 2 plugins.
Preloading 0 native plugins for Editor in 0.00 ms.
Unloading 1634 Unused Serialized files (Serialized files now loaded: 0)
System memory in use before: 119.8 MB.
System memory in use after: 119.9 MB.

Unloading 13 unused Assets to reduce memory usage. Loaded Objects now: 2179.
Total: 4.706700 ms (FindLiveObjects: 0.211200 ms CreateObjectMapping: 0.051600 ms MarkObjects: 4.393200 ms  DeleteObjects: 0.049000 ms)

AssetImportParameters requested are different than current active one (requested -> active):
  custom:framework-win-MediaFoundation: 216162199b28c13a410421893ffa2e32 -> 
  custom:video-decoder-ogg-theora: a1e56fd34408186e4bbccfd4996cb3dc -> 
  custom:container-muxer-webm: aa71ff27fc2769a1b78a27578f13a17b -> 
  custom:container-demuxer-webm: 4f35f7cbe854078d1ac9338744f61a02 -> 
  custom:container-demuxer-ogg: 62fdf1f143b41e24485cea50d1cbac27 -> 
  custom:video-encoder-webm-vp8: eb34c28f22e8b96e1ab97ce403110664 -> 
  custom:video-decoder-webm-vp8: 9c59270c3fd7afecdb556c50c9e8de78 -> 
  custom:audio-decoder-ogg-vorbis: bf7c407c2cedff20999df2af8eb42d56 -> 
  custom:audio-encoder-webm-vorbis: bf7c407c2cedff20999df2af8eb42d56 -> 
========================================================================
Received Import Request.
  Time since last request: 38.222214 seconds.
  path: Assets/Object/boxsample.fbx
  artifactKey: Guid(2ced5fa3c1338994da52cb926df219d6) Importer(815301076,1909f56bfc062723c751e8b465ee728b)
Start importing Assets/Object/boxsample.fbx using Guid(2ced5fa3c1338994da52cb926df219d6) Importer(815301076,1909f56bfc062723c751e8b465ee728b)  -> (artifact id: 'eb1cbe78c5415e3b2a913cf4b0eee0b1') in 0.289989 seconds 
========================================================================
Received Import Request.
  Time since last request: 0.000287 seconds.
  path: Assets/Object/boxsample.prefab
  artifactKey: Guid(d9546dbd37e27f24dac6589af2091684) Importer(815301076,1909f56bfc062723c751e8b465ee728b)
Start importing Assets/Object/boxsample.prefab using Guid(d9546dbd37e27f24dac6589af2091684) Importer(815301076,1909f56bfc062723c751e8b465ee728b)  -> (artifact id: '6cc838bb7d2dd4dff49e8f7a00dabccd') in 0.110871 seconds 
========================================================================
Received Import Request.
  Time since last request: 0.000372 seconds.
  path: Assets/Object/boxuvw.png
  artifactKey: Guid(be16fb43543731944b804d4c420ae5ef) Importer(815301076,1909f56bfc062723c751e8b465ee728b)
Start importing Assets/Object/boxuvw.png using Guid(be16fb43543731944b804d4c420ae5ef) Importer(815301076,1909f56bfc062723c751e8b465ee728b)  -> (artifact id: 'b1b16b0f0c6f3f0ea8e3e7b60a0eb2df') in 0.136017 seconds 
========================================================================
Received Import Request.
  Time since last request: 0.191690 seconds.
  path: Assets/Materials/boxuvw.mat
  artifactKey: Guid(77b462c1dd109b94c999882c69480154) Importer(815301076,1909f56bfc062723c751e8b465ee728b)
Start importing Assets/Materials/boxuvw.mat using Guid(77b462c1dd109b94c999882c69480154) Importer(815301076,1909f56bfc062723c751e8b465ee728b)  -> (artifact id: 'e03fe931f36cfef361f63e8bfb028b79') in 0.121860 seconds 
========================================================================
Received Import Request.
  Time since last request: 0.000271 seconds.
  path: Assets/Materials/CheckHeadingMaterial.mat
  artifactKey: Guid(0b497d377c560204c9ea8480204a178e) Importer(815301076,1909f56bfc062723c751e8b465ee728b)
Start importing Assets/Materials/CheckHeadingMaterial.mat using Guid(0b497d377c560204c9ea8480204a178e) Importer(815301076,1909f56bfc062723c751e8b465ee728b)  -> (artifact id: '0d8d24803642551c253faaa082940c83') in 0.100170 seconds 
========================================================================
Received Import Request.
  Time since last request: 0.000382 seconds.
  path: Assets/Materials/TestAttackMaterial.mat
  artifactKey: Guid(06db9b3a41704ca4f8424b02389836dd) Importer(815301076,1909f56bfc062723c751e8b465ee728b)
Start importing Assets/Materials/TestAttackMaterial.mat using Guid(06db9b3a41704ca4f8424b02389836dd) Importer(815301076,1909f56bfc062723c751e8b465ee728b)  -> (artifact id: '9a73eec2698cd2b1af5edd8a9d3f7a9a') in 0.126173 seconds 
========================================================================
Received Import Request.
  Time since last request: 0.000312 seconds.
  path: Assets/Materials/wp7818612-medieval-castle-wallpapers.jpg
  artifactKey: Guid(1df5c8316cf5a9d4398b15da8abdb784) Importer(815301076,1909f56bfc062723c751e8b465ee728b)
Start importing Assets/Materials/wp7818612-medieval-castle-wallpapers.jpg using Guid(1df5c8316cf5a9d4398b15da8abdb784) Importer(815301076,1909f56bfc062723c751e8b465ee728b)  -> (artifact id: 'dc341706e03e8cfd88b0bc95b307cb7a') in 0.147210 seconds 
========================================================================
Received Import Request.
  Time since last request: 0.095909 seconds.
  path: Assets/Maps/New Terrain 1.asset
  artifactKey: Guid(8babee5cfc9e2ef43800ffb593d2d72a) Importer(815301076,1909f56bfc062723c751e8b465ee728b)
Start importing Assets/Maps/New Terrain 1.asset using Guid(8babee5cfc9e2ef43800ffb593d2d72a) Importer(815301076,1909f56bfc062723c751e8b465ee728b)  -> (artifact id: 'fcade85c5a11fd271c935afcc1098296') in 0.174097 seconds 
========================================================================
Received Import Request.
  Time since last request: 0.000318 seconds.
  path: Assets/Maps/TerrainData_2ae281c7-248f-4621-b18d-5dab0e3455e8.asset
  artifactKey: Guid(f036f5a2c5f91d04692428b3f930d75c) Importer(815301076,1909f56bfc062723c751e8b465ee728b)
Start importing Assets/Maps/TerrainData_2ae281c7-248f-4621-b18d-5dab0e3455e8.asset using Guid(f036f5a2c5f91d04692428b3f930d75c) Importer(815301076,1909f56bfc062723c751e8b465ee728b)  -> (artifact id: 'a401fb7d262ffd456ca6118a7d72e9a2') in 0.116551 seconds 
========================================================================
Received Import Request.
  Time since last request: 0.000343 seconds.
  path: Assets/Maps/NewLayer 1.terrainlayer
  artifactKey: Guid(8c9d8662592ceea4ab8216298b27a9eb) Importer(815301076,1909f56bfc062723c751e8b465ee728b)
Start importing Assets/Maps/NewLayer 1.terrainlayer using Guid(8c9d8662592ceea4ab8216298b27a9eb) Importer(815301076,1909f56bfc062723c751e8b465ee728b)  -> (artifact id: 'f63c69ef2415ec34e909a50c2819248c') in 0.118802 seconds 
========================================================================
Received Import Request.
  Time since last request: 0.000323 seconds.
  path: Assets/Maps/TerrainData_0b5c5a32-89f2-4184-aa28-a86e309d2431.asset
  artifactKey: Guid(101c78e4acc31484f9847a6a3a381d3d) Importer(815301076,1909f56bfc062723c751e8b465ee728b)
Start importing Assets/Maps/TerrainData_0b5c5a32-89f2-4184-aa28-a86e309d2431.asset using Guid(101c78e4acc31484f9847a6a3a381d3d) Importer(815301076,1909f56bfc062723c751e8b465ee728b)  -> (artifact id: '0ce1831f074dccbde895bba882e54944') in 0.126685 seconds 
========================================================================
Received Import Request.
  Time since last request: 0.000427 seconds.
  path: Assets/Maps/New Terrain 2.asset
  artifactKey: Guid(a1ea4db5b87bb1d4e885ece10558f7cd) Importer(815301076,1909f56bfc062723c751e8b465ee728b)
Start importing Assets/Maps/New Terrain 2.asset using Guid(a1ea4db5b87bb1d4e885ece10558f7cd) Importer(815301076,1909f56bfc062723c751e8b465ee728b)  -> (artifact id: 'f744a06cee47eb007a5a787221d01a4e') in 0.132138 seconds 
========================================================================
Received Import Request.
  Time since last request: 0.000345 seconds.
  path: Assets/Maps/NewLayer.terrainlayer
  artifactKey: Guid(d0ba3363cffb2a94ea4c827fe2036fbb) Importer(815301076,1909f56bfc062723c751e8b465ee728b)
Start importing Assets/Maps/NewLayer.terrainlayer using Guid(d0ba3363cffb2a94ea4c827fe2036fbb) Importer(815301076,1909f56bfc062723c751e8b465ee728b)  -> (artifact id: '70a4fee1c328b9ce333b98cd9cfe409a') in 0.103248 seconds 
========================================================================
Received Import Request.
  Time since last request: 0.610974 seconds.
  path: Assets/Characters/axe mat.mat
  artifactKey: Guid(1150453554f2a7448b6f92953468d15a) Importer(815301076,1909f56bfc062723c751e8b465ee728b)
Start importing Assets/Characters/axe mat.mat using Guid(1150453554f2a7448b6f92953468d15a) Importer(815301076,1909f56bfc062723c751e8b465ee728b)  -> (artifact id: '917a9b7f2ee256812f2abd62ab0a4799') in 0.310036 seconds 
========================================================================
Received Import Request.
  Time since last request: 0.000316 seconds.
  path: Assets/Characters/warrior mat.mat
  artifactKey: Guid(7235da4d4a6394c4c90b755fd9acc9b0) Importer(815301076,1909f56bfc062723c751e8b465ee728b)
Start importing Assets/Characters/warrior mat.mat using Guid(7235da4d4a6394c4c90b755fd9acc9b0) Importer(815301076,1909f56bfc062723c751e8b465ee728b)  -> (artifact id: '3f8fbe293171a56fce641b5667882e9b') in 0.085651 seconds 
========================================================================
Received Import Request.
  Time since last request: 0.000311 seconds.
  path: Assets/Characters/Walk.fbx
  artifactKey: Guid(7748a1b5566b57e4c90273cf27d94e22) Importer(815301076,1909f56bfc062723c751e8b465ee728b)
Start importing Assets/Characters/Walk.fbx using Guid(7748a1b5566b57e4c90273cf27d94e22) Importer(815301076,1909f56bfc062723c751e8b465ee728b)  -> (artifact id: '55b2ca6e983293306ba602589758504b') in 0.037707 seconds 
========================================================================
Received Import Request.
  Time since last request: 0.000332 seconds.
  path: Assets/Characters/Idle.fbx
  artifactKey: Guid(b9dddf4d20e129c40b3d5f6ee2fc5902) Importer(815301076,1909f56bfc062723c751e8b465ee728b)
Start importing Assets/Characters/Idle.fbx using Guid(b9dddf4d20e129c40b3d5f6ee2fc5902) Importer(815301076,1909f56bfc062723c751e8b465ee728b)  -> (artifact id: '872764b3f9a61b3ebfee722a6bcec582') in 0.069127 seconds 
========================================================================
Received Import Request.
  Time since last request: 0.000464 seconds.
  path: Assets/Characters/Slash.fbx
  artifactKey: Guid(666c9e22e1ac17f47a709b5e8ace67d9) Importer(815301076,1909f56bfc062723c751e8b465ee728b)
Start importing Assets/Characters/Slash.fbx using Guid(666c9e22e1ac17f47a709b5e8ace67d9) Importer(815301076,1909f56bfc062723c751e8b465ee728b)  -> (artifact id: 'ab135dba4242f88e5cc44cab114322c9') in 0.057939 seconds 
========================================================================
Received Import Request.
  Time since last request: 0.000347 seconds.
  path: Assets/Characters/Great Sword Walk.prefab
  artifactKey: Guid(a0af58571d7ce104ea01d2863437c206) Importer(815301076,1909f56bfc062723c751e8b465ee728b)
Start importing Assets/Characters/Great Sword Walk.prefab using Guid(a0af58571d7ce104ea01d2863437c206) Importer(815301076,1909f56bfc062723c751e8b465ee728b)  -> (artifact id: 'cf7f897c5cf834b714cb414042b81a9e') in 0.339315 seconds 
========================================================================
Received Import Request.
  Time since last request: 3.207409 seconds.
  path: Assets/Prefabs
  artifactKey: Guid(8317d2ffd04f2da48976654f70bf9ba4) Importer(815301076,1909f56bfc062723c751e8b465ee728b)
Start importing Assets/Prefabs using Guid(8317d2ffd04f2da48976654f70bf9ba4) Importer(815301076,1909f56bfc062723c751e8b465ee728b)  -> (artifact id: 'f1b9c9a456269d78b1bfdde82940b99c') in 0.263455 seconds 
========================================================================
Received Import Request.
  Time since last request: 4.078305 seconds.
  path: Assets/PlayFabEditorExtensions
  artifactKey: Guid(e343c9a06c2de7a4ab88f67b8692d4dd) Importer(815301076,1909f56bfc062723c751e8b465ee728b)
Start importing Assets/PlayFabEditorExtensions using Guid(e343c9a06c2de7a4ab88f67b8692d4dd) Importer(815301076,1909f56bfc062723c751e8b465ee728b)  -> (artifact id: 'ffdd220cc1d366cfa5d50d20552a8b67') in 0.060419 seconds 
========================================================================
Received Import Request.
  Time since last request: 0.948370 seconds.
  path: Assets/PlayFabSDK
  artifactKey: Guid(e53d5e839d5caa945b9b859abe15689b) Importer(815301076,1909f56bfc062723c751e8b465ee728b)
Start importing Assets/PlayFabSDK using Guid(e53d5e839d5caa945b9b859abe15689b) Importer(815301076,1909f56bfc062723c751e8b465ee728b)  -> (artifact id: '27785818fa5774b791c89feb09724130') in 0.061866 seconds 
========================================================================
Received Import Request.
  Time since last request: 0.477735 seconds.
  path: Assets/Characters
  artifactKey: Guid(38ace054e030b474d992f846e79b41df) Importer(815301076,1909f56bfc062723c751e8b465ee728b)
Start importing Assets/Characters using Guid(38ace054e030b474d992f846e79b41df) Importer(815301076,1909f56bfc062723c751e8b465ee728b)  -> (artifact id: '5151a0a133270dfabf8fc908fc6a767b') in 0.059089 seconds 
========================================================================
Received Import Request.
  Time since last request: 9.910877 seconds.
  path: Assets/Characters/Toon
  artifactKey: Guid(cae4834980828d74c9012ec3eea93ddc) Importer(815301076,1909f56bfc062723c751e8b465ee728b)
Start importing Assets/Characters/Toon using Guid(cae4834980828d74c9012ec3eea93ddc) Importer(815301076,1909f56bfc062723c751e8b465ee728b)  -> (artifact id: '808c14fca24980d1786a5e8bb9059e2e') in 0.129696 seconds 
========================================================================
Received Import Request.
  Time since last request: 4.873688 seconds.
  path: Assets/Unit
  artifactKey: Guid(ef428ec79014b8b49bdfbb7f4bb7f406) Importer(815301076,1909f56bfc062723c751e8b465ee728b)
Start importing Assets/Unit using Guid(ef428ec79014b8b49bdfbb7f4bb7f406) Importer(815301076,1909f56bfc062723c751e8b465ee728b)  -> (artifact id: '22b29c45035938ff9c192303ef11cf17') in 0.059758 seconds 
========================================================================
Received Import Request.
  Time since last request: 1.014692 seconds.
  path: Assets/Unit/Skeletons
  artifactKey: Guid(1e72db6b4cf5e4740aaf6ab361a1954d) Importer(815301076,1909f56bfc062723c751e8b465ee728b)
Start importing Assets/Unit/Skeletons using Guid(1e72db6b4cf5e4740aaf6ab361a1954d) Importer(815301076,1909f56bfc062723c751e8b465ee728b)  -> (artifact id: 'c77f6cae2d942f0d9c4a5abc363f90ba') in 0.062334 seconds 
========================================================================
Received Prepare
Registering precompiled user dll's ...
Registered in 0.006224 seconds.
Begin MonoManager ReloadAssembly
Symbol file LoadedFromMemory doesn't match image E:\4학년 1학기 캡스톤\gitDesktop\Capstone_2022_Japgokbap\project\Library\PackageCache\com.unity.collab-proxy@1.15.15\Lib\Editor\PlasticSCM\unityplastic.dll
Native extension for WindowsStandalone target not found
Refreshing native plugins compatible for Editor in 0.58 ms, found 2 plugins.
Preloading 0 native plugins for Editor in 0.00 ms.
Mono: successfully reloaded assembly
- Completed reload, in  1.689 seconds
Domain Reload Profiling:
	ReloadAssembly (1690ms)
		BeginReloadAssembly (243ms)
			ExecutionOrderSort (0ms)
			DisableScriptedObjects (5ms)
			BackupInstance (0ms)
			ReleaseScriptingObjects (0ms)
			CreateAndSetChildDomain (41ms)
		EndReloadAssembly (1333ms)
			LoadAssemblies (237ms)
			RebuildTransferFunctionScriptingTraits (0ms)
			SetupTypeCache (429ms)
			ReleaseScriptCaches (1ms)
			RebuildScriptCaches (42ms)
			SetupLoadedEditorAssemblies (567ms)
				LogAssemblyErrors (0ms)
				InitializePlatformSupportModulesInManaged (9ms)
				SetLoadedEditorAssemblies (1ms)
				RefreshPlugins (1ms)
				BeforeProcessingInitializeOnLoad (151ms)
				ProcessInitializeOnLoadAttributes (363ms)
				ProcessInitializeOnLoadMethodAttributes (12ms)
				AfterProcessingInitializeOnLoad (30ms)
				EditorAssembliesLoaded (0ms)
			ExecutionOrderSort2 (0ms)
			AwakeInstancesAfterBackupRestoration (12ms)
Platform modules already initialized, skipping
Refreshing native plugins compatible for Editor in 0.53 ms, found 2 plugins.
Preloading 0 native plugins for Editor in 0.00 ms.
Unloading 1634 Unused Serialized files (Serialized files now loaded: 0)
System memory in use before: 120.4 MB.
System memory in use after: 120.6 MB.

Unloading 12 unused Assets to reduce memory usage. Loaded Objects now: 2190.
Total: 4.590000 ms (FindLiveObjects: 0.271600 ms CreateObjectMapping: 0.050200 ms MarkObjects: 4.233500 ms  DeleteObjects: 0.032900 ms)

AssetImportParameters requested are different than current active one (requested -> active):
  custom:framework-win-MediaFoundation: 216162199b28c13a410421893ffa2e32 -> 
  custom:video-decoder-ogg-theora: a1e56fd34408186e4bbccfd4996cb3dc -> 
  custom:container-muxer-webm: aa71ff27fc2769a1b78a27578f13a17b -> 
  custom:container-demuxer-webm: 4f35f7cbe854078d1ac9338744f61a02 -> 
  custom:container-demuxer-ogg: 62fdf1f143b41e24485cea50d1cbac27 -> 
  custom:video-encoder-webm-vp8: eb34c28f22e8b96e1ab97ce403110664 -> 
  custom:video-decoder-webm-vp8: 9c59270c3fd7afecdb556c50c9e8de78 -> 
  custom:audio-decoder-ogg-vorbis: bf7c407c2cedff20999df2af8eb42d56 -> 
  custom:audio-encoder-webm-vorbis: bf7c407c2cedff20999df2af8eb42d56 -> 
========================================================================
Received Prepare
Registering precompiled user dll's ...
Registered in 0.005434 seconds.
Begin MonoManager ReloadAssembly
Symbol file LoadedFromMemory doesn't match image E:\4학년 1학기 캡스톤\gitDesktop\Capstone_2022_Japgokbap\project\Library\PackageCache\com.unity.collab-proxy@1.15.15\Lib\Editor\PlasticSCM\unityplastic.dll
Native extension for WindowsStandalone target not found
Refreshing native plugins compatible for Editor in 0.47 ms, found 2 plugins.
Preloading 0 native plugins for Editor in 0.00 ms.
Mono: successfully reloaded assembly
- Completed reload, in  1.645 seconds
Domain Reload Profiling:
	ReloadAssembly (1645ms)
		BeginReloadAssembly (216ms)
			ExecutionOrderSort (0ms)
			DisableScriptedObjects (6ms)
			BackupInstance (0ms)
			ReleaseScriptingObjects (0ms)
			CreateAndSetChildDomain (43ms)
		EndReloadAssembly (1323ms)
			LoadAssemblies (192ms)
			RebuildTransferFunctionScriptingTraits (0ms)
			SetupTypeCache (416ms)
			ReleaseScriptCaches (1ms)
			RebuildScriptCaches (51ms)
			SetupLoadedEditorAssemblies (577ms)
				LogAssemblyErrors (0ms)
				InitializePlatformSupportModulesInManaged (8ms)
				SetLoadedEditorAssemblies (1ms)
				RefreshPlugins (1ms)
				BeforeProcessingInitializeOnLoad (168ms)
				ProcessInitializeOnLoadAttributes (358ms)
				ProcessInitializeOnLoadMethodAttributes (12ms)
				AfterProcessingInitializeOnLoad (29ms)
				EditorAssembliesLoaded (0ms)
			ExecutionOrderSort2 (0ms)
			AwakeInstancesAfterBackupRestoration (10ms)
Platform modules already initialized, skipping
Refreshing native plugins compatible for Editor in 0.88 ms, found 2 plugins.
Preloading 0 native plugins for Editor in 0.00 ms.
Unloading 1634 Unused Serialized files (Serialized files now loaded: 0)
System memory in use before: 120.5 MB.
System memory in use after: 120.6 MB.

Unloading 12 unused Assets to reduce memory usage. Loaded Objects now: 2194.
Total: 4.105700 ms (FindLiveObjects: 0.216700 ms CreateObjectMapping: 0.061400 ms MarkObjects: 3.795500 ms  DeleteObjects: 0.030700 ms)

AssetImportParameters requested are different than current active one (requested -> active):
  custom:framework-win-MediaFoundation: 216162199b28c13a410421893ffa2e32 -> 
  custom:video-decoder-ogg-theora: a1e56fd34408186e4bbccfd4996cb3dc -> 
  custom:container-muxer-webm: aa71ff27fc2769a1b78a27578f13a17b -> 
  custom:container-demuxer-webm: 4f35f7cbe854078d1ac9338744f61a02 -> 
  custom:container-demuxer-ogg: 62fdf1f143b41e24485cea50d1cbac27 -> 
  custom:video-encoder-webm-vp8: eb34c28f22e8b96e1ab97ce403110664 -> 
  custom:video-decoder-webm-vp8: 9c59270c3fd7afecdb556c50c9e8de78 -> 
  custom:audio-decoder-ogg-vorbis: bf7c407c2cedff20999df2af8eb42d56 -> 
  custom:audio-encoder-webm-vorbis: bf7c407c2cedff20999df2af8eb42d56 -> 
========================================================================
Received Import Request.
  Time since last request: 134.962040 seconds.
  path: ProjectSettings/TagManager.asset
  artifactKey: Guid(00000000000000003000000000000000) Importer(815301076,1909f56bfc062723c751e8b465ee728b)
Start importing ProjectSettings/TagManager.asset using Guid(00000000000000003000000000000000) Importer(815301076,1909f56bfc062723c751e8b465ee728b)  -> (artifact id: 'a94f486105e56eb6f3f8bf2ead0d1fbf') in 0.078015 seconds 
========================================================================
Received Prepare
Registering precompiled user dll's ...
Registered in 0.005795 seconds.
Begin MonoManager ReloadAssembly
Symbol file LoadedFromMemory doesn't match image E:\4학년 1학기 캡스톤\gitDesktop\Capstone_2022_Japgokbap\project\Library\PackageCache\com.unity.collab-proxy@1.15.15\Lib\Editor\PlasticSCM\unityplastic.dll
Native extension for WindowsStandalone target not found
Refreshing native plugins compatible for Editor in 0.46 ms, found 2 plugins.
Preloading 0 native plugins for Editor in 0.00 ms.
Mono: successfully reloaded assembly
- Completed reload, in  1.749 seconds
Domain Reload Profiling:
	ReloadAssembly (1749ms)
		BeginReloadAssembly (228ms)
			ExecutionOrderSort (0ms)
			DisableScriptedObjects (6ms)
			BackupInstance (0ms)
			ReleaseScriptingObjects (0ms)
			CreateAndSetChildDomain (46ms)
		EndReloadAssembly (1394ms)
			LoadAssemblies (211ms)
			RebuildTransferFunctionScriptingTraits (0ms)
			SetupTypeCache (492ms)
			ReleaseScriptCaches (1ms)
			RebuildScriptCaches (53ms)
			SetupLoadedEditorAssemblies (556ms)
				LogAssemblyErrors (0ms)
				InitializePlatformSupportModulesInManaged (6ms)
				SetLoadedEditorAssemblies (1ms)
				RefreshPlugins (1ms)
				BeforeProcessingInitializeOnLoad (135ms)
				ProcessInitializeOnLoadAttributes (362ms)
				ProcessInitializeOnLoadMethodAttributes (17ms)
				AfterProcessingInitializeOnLoad (34ms)
				EditorAssembliesLoaded (0ms)
			ExecutionOrderSort2 (0ms)
			AwakeInstancesAfterBackupRestoration (12ms)
Platform modules already initialized, skipping
Refreshing native plugins compatible for Editor in 0.48 ms, found 2 plugins.
Preloading 0 native plugins for Editor in 0.00 ms.
Unloading 1634 Unused Serialized files (Serialized files now loaded: 0)
System memory in use before: 120.5 MB.
System memory in use after: 120.6 MB.

Unloading 13 unused Assets to reduce memory usage. Loaded Objects now: 2198.
Total: 3.893800 ms (FindLiveObjects: 0.230000 ms CreateObjectMapping: 0.044800 ms MarkObjects: 3.588700 ms  DeleteObjects: 0.029100 ms)

AssetImportParameters requested are different than current active one (requested -> active):
  custom:framework-win-MediaFoundation: 216162199b28c13a410421893ffa2e32 -> 
  custom:video-decoder-ogg-theora: a1e56fd34408186e4bbccfd4996cb3dc -> 
  custom:container-muxer-webm: aa71ff27fc2769a1b78a27578f13a17b -> 
  custom:container-demuxer-webm: 4f35f7cbe854078d1ac9338744f61a02 -> 
  custom:container-demuxer-ogg: 62fdf1f143b41e24485cea50d1cbac27 -> 
  custom:video-encoder-webm-vp8: eb34c28f22e8b96e1ab97ce403110664 -> 
  custom:video-decoder-webm-vp8: 9c59270c3fd7afecdb556c50c9e8de78 -> 
  custom:audio-decoder-ogg-vorbis: bf7c407c2cedff20999df2af8eb42d56 -> 
  custom:audio-encoder-webm-vorbis: bf7c407c2cedff20999df2af8eb42d56 -> 
========================================================================
Received Prepare
Registering precompiled user dll's ...
Registered in 0.004817 seconds.
Begin MonoManager ReloadAssembly
Symbol file LoadedFromMemory doesn't match image E:\4학년 1학기 캡스톤\gitDesktop\Capstone_2022_Japgokbap\project\Library\PackageCache\com.unity.collab-proxy@1.15.15\Lib\Editor\PlasticSCM\unityplastic.dll
Native extension for WindowsStandalone target not found
Refreshing native plugins compatible for Editor in 0.45 ms, found 2 plugins.
Preloading 0 native plugins for Editor in 0.00 ms.
Mono: successfully reloaded assembly
- Completed reload, in  1.654 seconds
Domain Reload Profiling:
	ReloadAssembly (1654ms)
		BeginReloadAssembly (256ms)
			ExecutionOrderSort (0ms)
			DisableScriptedObjects (7ms)
			BackupInstance (0ms)
			ReleaseScriptingObjects (0ms)
			CreateAndSetChildDomain (54ms)
		EndReloadAssembly (1265ms)
			LoadAssemblies (217ms)
			RebuildTransferFunctionScriptingTraits (0ms)
			SetupTypeCache (377ms)
			ReleaseScriptCaches (1ms)
			RebuildScriptCaches (46ms)
			SetupLoadedEditorAssemblies (566ms)
				LogAssemblyErrors (0ms)
				InitializePlatformSupportModulesInManaged (7ms)
				SetLoadedEditorAssemblies (1ms)
				RefreshPlugins (1ms)
				BeforeProcessingInitializeOnLoad (144ms)
				ProcessInitializeOnLoadAttributes (371ms)
				ProcessInitializeOnLoadMethodAttributes (14ms)
				AfterProcessingInitializeOnLoad (29ms)
				EditorAssembliesLoaded (0ms)
			ExecutionOrderSort2 (0ms)
			AwakeInstancesAfterBackupRestoration (11ms)
Platform modules already initialized, skipping
Refreshing native plugins compatible for Editor in 0.51 ms, found 2 plugins.
Preloading 0 native plugins for Editor in 0.00 ms.
Unloading 1634 Unused Serialized files (Serialized files now loaded: 0)
System memory in use before: 120.5 MB.
System memory in use after: 120.6 MB.

Unloading 12 unused Assets to reduce memory usage. Loaded Objects now: 2202.
Total: 4.044900 ms (FindLiveObjects: 0.207900 ms CreateObjectMapping: 0.051200 ms MarkObjects: 3.754300 ms  DeleteObjects: 0.030200 ms)

AssetImportParameters requested are different than current active one (requested -> active):
  custom:framework-win-MediaFoundation: 216162199b28c13a410421893ffa2e32 -> 
  custom:video-decoder-ogg-theora: a1e56fd34408186e4bbccfd4996cb3dc -> 
  custom:container-muxer-webm: aa71ff27fc2769a1b78a27578f13a17b -> 
  custom:container-demuxer-webm: 4f35f7cbe854078d1ac9338744f61a02 -> 
  custom:container-demuxer-ogg: 62fdf1f143b41e24485cea50d1cbac27 -> 
  custom:video-encoder-webm-vp8: eb34c28f22e8b96e1ab97ce403110664 -> 
  custom:video-decoder-webm-vp8: 9c59270c3fd7afecdb556c50c9e8de78 -> 
  custom:audio-decoder-ogg-vorbis: bf7c407c2cedff20999df2af8eb42d56 -> 
  custom:audio-encoder-webm-vorbis: bf7c407c2cedff20999df2af8eb42d56 -> 
========================================================================
Received Prepare
Registering precompiled user dll's ...
Registered in 0.004987 seconds.
Begin MonoManager ReloadAssembly
Symbol file LoadedFromMemory doesn't match image E:\4학년 1학기 캡스톤\gitDesktop\Capstone_2022_Japgokbap\project\Library\PackageCache\com.unity.collab-proxy@1.15.15\Lib\Editor\PlasticSCM\unityplastic.dll
Native extension for WindowsStandalone target not found
Refreshing native plugins compatible for Editor in 0.62 ms, found 2 plugins.
Preloading 0 native plugins for Editor in 0.00 ms.
Mono: successfully reloaded assembly
- Completed reload, in  1.594 seconds
Domain Reload Profiling:
	ReloadAssembly (1595ms)
		BeginReloadAssembly (240ms)
			ExecutionOrderSort (0ms)
			DisableScriptedObjects (7ms)
			BackupInstance (0ms)
			ReleaseScriptingObjects (0ms)
			CreateAndSetChildDomain (44ms)
		EndReloadAssembly (1223ms)
			LoadAssemblies (220ms)
			RebuildTransferFunctionScriptingTraits (0ms)
			SetupTypeCache (382ms)
			ReleaseScriptCaches (1ms)
			RebuildScriptCaches (46ms)
			SetupLoadedEditorAssemblies (520ms)
				LogAssemblyErrors (0ms)
				InitializePlatformSupportModulesInManaged (8ms)
				SetLoadedEditorAssemblies (1ms)
				RefreshPlugins (1ms)
				BeforeProcessingInitializeOnLoad (133ms)
				ProcessInitializeOnLoadAttributes (331ms)
				ProcessInitializeOnLoadMethodAttributes (13ms)
				AfterProcessingInitializeOnLoad (33ms)
				EditorAssembliesLoaded (0ms)
			ExecutionOrderSort2 (0ms)
			AwakeInstancesAfterBackupRestoration (11ms)
Platform modules already initialized, skipping
Refreshing native plugins compatible for Editor in 0.55 ms, found 2 plugins.
Preloading 0 native plugins for Editor in 0.00 ms.
Unloading 1634 Unused Serialized files (Serialized files now loaded: 0)
System memory in use before: 120.5 MB.
System memory in use after: 120.6 MB.

Unloading 12 unused Assets to reduce memory usage. Loaded Objects now: 2206.
Total: 3.973900 ms (FindLiveObjects: 0.237500 ms CreateObjectMapping: 0.042700 ms MarkObjects: 3.661500 ms  DeleteObjects: 0.030600 ms)

AssetImportParameters requested are different than current active one (requested -> active):
  custom:framework-win-MediaFoundation: 216162199b28c13a410421893ffa2e32 -> 
  custom:video-decoder-ogg-theora: a1e56fd34408186e4bbccfd4996cb3dc -> 
  custom:container-muxer-webm: aa71ff27fc2769a1b78a27578f13a17b -> 
  custom:container-demuxer-webm: 4f35f7cbe854078d1ac9338744f61a02 -> 
  custom:container-demuxer-ogg: 62fdf1f143b41e24485cea50d1cbac27 -> 
  custom:video-encoder-webm-vp8: eb34c28f22e8b96e1ab97ce403110664 -> 
  custom:video-decoder-webm-vp8: 9c59270c3fd7afecdb556c50c9e8de78 -> 
  custom:audio-decoder-ogg-vorbis: bf7c407c2cedff20999df2af8eb42d56 -> 
  custom:audio-encoder-webm-vorbis: bf7c407c2cedff20999df2af8eb42d56 -> 
========================================================================
Received Prepare
Registering precompiled user dll's ...
Registered in 0.005344 seconds.
Begin MonoManager ReloadAssembly
Symbol file LoadedFromMemory doesn't match image E:\4학년 1학기 캡스톤\gitDesktop\Capstone_2022_Japgokbap\project\Library\PackageCache\com.unity.collab-proxy@1.15.15\Lib\Editor\PlasticSCM\unityplastic.dll
Native extension for WindowsStandalone target not found
Refreshing native plugins compatible for Editor in 0.48 ms, found 2 plugins.
Preloading 0 native plugins for Editor in 0.00 ms.
Mono: successfully reloaded assembly
- Completed reload, in  1.834 seconds
Domain Reload Profiling:
	ReloadAssembly (1834ms)
		BeginReloadAssembly (252ms)
			ExecutionOrderSort (0ms)
			DisableScriptedObjects (6ms)
			BackupInstance (0ms)
			ReleaseScriptingObjects (0ms)
			CreateAndSetChildDomain (48ms)
		EndReloadAssembly (1456ms)
			LoadAssemblies (225ms)
			RebuildTransferFunctionScriptingTraits (0ms)
			SetupTypeCache (477ms)
			ReleaseScriptCaches (1ms)
			RebuildScriptCaches (49ms)
			SetupLoadedEditorAssemblies (546ms)
				LogAssemblyErrors (0ms)
				InitializePlatformSupportModulesInManaged (9ms)
				SetLoadedEditorAssemblies (1ms)
				RefreshPlugins (1ms)
				BeforeProcessingInitializeOnLoad (150ms)
				ProcessInitializeOnLoadAttributes (340ms)
				ProcessInitializeOnLoadMethodAttributes (13ms)
				AfterProcessingInitializeOnLoad (32ms)
				EditorAssembliesLoaded (1ms)
			ExecutionOrderSort2 (0ms)
			AwakeInstancesAfterBackupRestoration (11ms)
Platform modules already initialized, skipping
Refreshing native plugins compatible for Editor in 0.98 ms, found 2 plugins.
Preloading 0 native plugins for Editor in 0.00 ms.
Unloading 1634 Unused Serialized files (Serialized files now loaded: 0)
System memory in use before: 120.5 MB.
System memory in use after: 120.6 MB.

Unloading 12 unused Assets to reduce memory usage. Loaded Objects now: 2210.
Total: 4.027400 ms (FindLiveObjects: 0.287800 ms CreateObjectMapping: 0.069000 ms MarkObjects: 3.638100 ms  DeleteObjects: 0.030900 ms)

AssetImportParameters requested are different than current active one (requested -> active):
  custom:framework-win-MediaFoundation: 216162199b28c13a410421893ffa2e32 -> 
  custom:video-decoder-ogg-theora: a1e56fd34408186e4bbccfd4996cb3dc -> 
  custom:container-muxer-webm: aa71ff27fc2769a1b78a27578f13a17b -> 
  custom:container-demuxer-webm: 4f35f7cbe854078d1ac9338744f61a02 -> 
  custom:container-demuxer-ogg: 62fdf1f143b41e24485cea50d1cbac27 -> 
  custom:video-encoder-webm-vp8: eb34c28f22e8b96e1ab97ce403110664 -> 
  custom:video-decoder-webm-vp8: 9c59270c3fd7afecdb556c50c9e8de78 -> 
  custom:audio-decoder-ogg-vorbis: bf7c407c2cedff20999df2af8eb42d56 -> 
  custom:audio-encoder-webm-vorbis: bf7c407c2cedff20999df2af8eb42d56 -> 
========================================================================
Received Prepare
Registering precompiled user dll's ...
Registered in 0.006089 seconds.
Begin MonoManager ReloadAssembly
Symbol file LoadedFromMemory doesn't match image E:\4학년 1학기 캡스톤\gitDesktop\Capstone_2022_Japgokbap\project\Library\PackageCache\com.unity.collab-proxy@1.15.15\Lib\Editor\PlasticSCM\unityplastic.dll
Native extension for WindowsStandalone target not found
Refreshing native plugins compatible for Editor in 0.64 ms, found 2 plugins.
Preloading 0 native plugins for Editor in 0.00 ms.
Mono: successfully reloaded assembly
- Completed reload, in  2.104 seconds
Domain Reload Profiling:
	ReloadAssembly (2105ms)
		BeginReloadAssembly (297ms)
			ExecutionOrderSort (0ms)
			DisableScriptedObjects (8ms)
			BackupInstance (0ms)
			ReleaseScriptingObjects (0ms)
			CreateAndSetChildDomain (58ms)
		EndReloadAssembly (1661ms)
			LoadAssemblies (292ms)
			RebuildTransferFunctionScriptingTraits (0ms)
			SetupTypeCache (486ms)
			ReleaseScriptCaches (1ms)
			RebuildScriptCaches (64ms)
			SetupLoadedEditorAssemblies (753ms)
				LogAssemblyErrors (0ms)
				InitializePlatformSupportModulesInManaged (9ms)
				SetLoadedEditorAssemblies (1ms)
				RefreshPlugins (1ms)
				BeforeProcessingInitializeOnLoad (180ms)
				ProcessInitializeOnLoadAttributes (506ms)
				ProcessInitializeOnLoadMethodAttributes (20ms)
				AfterProcessingInitializeOnLoad (36ms)
				EditorAssembliesLoaded (0ms)
			ExecutionOrderSort2 (0ms)
			AwakeInstancesAfterBackupRestoration (11ms)
Platform modules already initialized, skipping
Refreshing native plugins compatible for Editor in 0.46 ms, found 2 plugins.
Preloading 0 native plugins for Editor in 0.00 ms.
Unloading 1634 Unused Serialized files (Serialized files now loaded: 0)
System memory in use before: 120.5 MB.
System memory in use after: 120.6 MB.

Unloading 12 unused Assets to reduce memory usage. Loaded Objects now: 2214.
Total: 3.879100 ms (FindLiveObjects: 0.212200 ms CreateObjectMapping: 0.062800 ms MarkObjects: 3.572800 ms  DeleteObjects: 0.029800 ms)

AssetImportParameters requested are different than current active one (requested -> active):
  custom:framework-win-MediaFoundation: 216162199b28c13a410421893ffa2e32 -> 
  custom:video-decoder-ogg-theora: a1e56fd34408186e4bbccfd4996cb3dc -> 
  custom:container-muxer-webm: aa71ff27fc2769a1b78a27578f13a17b -> 
  custom:container-demuxer-webm: 4f35f7cbe854078d1ac9338744f61a02 -> 
  custom:container-demuxer-ogg: 62fdf1f143b41e24485cea50d1cbac27 -> 
  custom:video-encoder-webm-vp8: eb34c28f22e8b96e1ab97ce403110664 -> 
  custom:video-decoder-webm-vp8: 9c59270c3fd7afecdb556c50c9e8de78 -> 
  custom:audio-decoder-ogg-vorbis: bf7c407c2cedff20999df2af8eb42d56 -> 
  custom:audio-encoder-webm-vorbis: bf7c407c2cedff20999df2af8eb42d56 -> 
========================================================================
Received Prepare
Registering precompiled user dll's ...
Registered in 0.005761 seconds.
Begin MonoManager ReloadAssembly
Symbol file LoadedFromMemory doesn't match image E:\4학년 1학기 캡스톤\gitDesktop\Capstone_2022_Japgokbap\project\Library\PackageCache\com.unity.collab-proxy@1.15.15\Lib\Editor\PlasticSCM\unityplastic.dll
Native extension for WindowsStandalone target not found
Refreshing native plugins compatible for Editor in 1.29 ms, found 2 plugins.
Preloading 0 native plugins for Editor in 0.00 ms.
Mono: successfully reloaded assembly
- Completed reload, in  2.171 seconds
Domain Reload Profiling:
	ReloadAssembly (2171ms)
		BeginReloadAssembly (283ms)
			ExecutionOrderSort (0ms)
			DisableScriptedObjects (9ms)
			BackupInstance (0ms)
			ReleaseScriptingObjects (0ms)
			CreateAndSetChildDomain (56ms)
		EndReloadAssembly (1750ms)
			LoadAssemblies (252ms)
			RebuildTransferFunctionScriptingTraits (0ms)
			SetupTypeCache (453ms)
			ReleaseScriptCaches (2ms)
			RebuildScriptCaches (74ms)
			SetupLoadedEditorAssemblies (839ms)
				LogAssemblyErrors (0ms)
				InitializePlatformSupportModulesInManaged (12ms)
				SetLoadedEditorAssemblies (1ms)
				RefreshPlugins (1ms)
				BeforeProcessingInitializeOnLoad (226ms)
				ProcessInitializeOnLoadAttributes (531ms)
				ProcessInitializeOnLoadMethodAttributes (22ms)
				AfterProcessingInitializeOnLoad (45ms)
				EditorAssembliesLoaded (1ms)
			ExecutionOrderSort2 (0ms)
			AwakeInstancesAfterBackupRestoration (20ms)
Platform modules already initialized, skipping
Refreshing native plugins compatible for Editor in 1.23 ms, found 2 plugins.
Preloading 0 native plugins for Editor in 0.00 ms.
Unloading 1634 Unused Serialized files (Serialized files now loaded: 0)
System memory in use before: 120.5 MB.
System memory in use after: 120.6 MB.

Unloading 12 unused Assets to reduce memory usage. Loaded Objects now: 2218.
Total: 7.568700 ms (FindLiveObjects: 0.276000 ms CreateObjectMapping: 0.074500 ms MarkObjects: 7.164000 ms  DeleteObjects: 0.051900 ms)

AssetImportParameters requested are different than current active one (requested -> active):
  custom:framework-win-MediaFoundation: 216162199b28c13a410421893ffa2e32 -> 
  custom:video-decoder-ogg-theora: a1e56fd34408186e4bbccfd4996cb3dc -> 
  custom:container-muxer-webm: aa71ff27fc2769a1b78a27578f13a17b -> 
  custom:container-demuxer-webm: 4f35f7cbe854078d1ac9338744f61a02 -> 
  custom:container-demuxer-ogg: 62fdf1f143b41e24485cea50d1cbac27 -> 
  custom:video-encoder-webm-vp8: eb34c28f22e8b96e1ab97ce403110664 -> 
  custom:video-decoder-webm-vp8: 9c59270c3fd7afecdb556c50c9e8de78 -> 
  custom:audio-decoder-ogg-vorbis: bf7c407c2cedff20999df2af8eb42d56 -> 
  custom:audio-encoder-webm-vorbis: bf7c407c2cedff20999df2af8eb42d56 -> 
AssetImportWorkerClient::OnTransportError - code=2 error=End of file
