Using pre-set license
Built from '2020.3/staging' branch; Version is '2020.3.33f1 (915a7af8b0d5) revision 9525882'; Using compiler version '192528614'; Build Type 'Release'
OS: 'Windows 10  (10.0.19042) 64bit Education' Language: 'ko' Physical Memory: 16337 MB
BatchMode: 1, IsHumanControllingUs: 0, StartBugReporterOnCrash: 0, Is64bit: 1, IsPro: 0

COMMAND LINE ARGUMENTS:
C:\Program Files\Unity\Hub\Editor\2020.3.33f1\Editor\Unity.exe
-adb2
-batchMode
-noUpm
-name
AssetImportWorker0
-projectPath
C:/Users/Game/Desktop/gitdes/Capstone_2022_Japgokbap/project
-logFile
Logs/AssetImportWorker0.log
-srvPort
51005
Successfully changed project path to: C:/Users/Game/Desktop/gitdes/Capstone_2022_Japgokbap/project
C:/Users/Game/Desktop/gitdes/Capstone_2022_Japgokbap/project
Using Asset Import Pipeline V2.
Refreshing native plugins compatible for Editor in 38.24 ms, found 2 plugins.
Preloading 0 native plugins for Editor in 0.00 ms.
Initialize engine version: 2020.3.33f1 (915a7af8b0d5)
[Subsystems] Discovering subsystems at path C:/Program Files/Unity/Hub/Editor/2020.3.33f1/Editor/Data/Resources/UnitySubsystems
[Subsystems] Discovering subsystems at path C:/Users/Game/Desktop/gitdes/Capstone_2022_Japgokbap/project/Assets
GfxDevice: creating device client; threaded=0
Direct3D:
    Version:  Direct3D 11.0 [level 11.1]
    Renderer: NVIDIA GeForce GTX 1070 (ID=0x1b81)
    Vendor:   
    VRAM:     8088 MB
    Driver:   30.0.15.1215
Initialize mono
Mono path[0] = 'C:/Program Files/Unity/Hub/Editor/2020.3.33f1/Editor/Data/Managed'
Mono path[1] = 'C:/Program Files/Unity/Hub/Editor/2020.3.33f1/Editor/Data/MonoBleedingEdge/lib/mono/unityjit'
Mono config path = 'C:/Program Files/Unity/Hub/Editor/2020.3.33f1/Editor/Data/MonoBleedingEdge/etc'
Using monoOptions --debugger-agent=transport=dt_socket,embedding=1,server=y,suspend=n,address=127.0.0.1:56280
Begin MonoManager ReloadAssembly
Registering precompiled unity dll's ...
Register platform support module: C:/Program Files/Unity/Hub/Editor/2020.3.33f1/Editor/Data/PlaybackEngines/WindowsStandaloneSupport/UnityEditor.WindowsStandalone.Extensions.dll
Registered in 0.016441 seconds.
Native extension for WindowsStandalone target not found
Refreshing native plugins compatible for Editor in 34.65 ms, found 2 plugins.
Preloading 0 native plugins for Editor in 0.00 ms.
Mono: successfully reloaded assembly
- Completed reload, in  0.847 seconds
Domain Reload Profiling:
	ReloadAssembly (847ms)
		BeginReloadAssembly (136ms)
			ExecutionOrderSort (0ms)
			DisableScriptedObjects (0ms)
			BackupInstance (0ms)
			ReleaseScriptingObjects (0ms)
			CreateAndSetChildDomain (1ms)
		EndReloadAssembly (542ms)
			LoadAssemblies (131ms)
			RebuildTransferFunctionScriptingTraits (0ms)
			SetupTypeCache (190ms)
			ReleaseScriptCaches (0ms)
			RebuildScriptCaches (27ms)
			SetupLoadedEditorAssemblies (159ms)
				LogAssemblyErrors (0ms)
				InitializePlatformSupportModulesInManaged (5ms)
				SetLoadedEditorAssemblies (0ms)
				RefreshPlugins (35ms)
				BeforeProcessingInitializeOnLoad (13ms)
				ProcessInitializeOnLoadAttributes (82ms)
				ProcessInitializeOnLoadMethodAttributes (24ms)
				AfterProcessingInitializeOnLoad (0ms)
				EditorAssembliesLoaded (0ms)
			ExecutionOrderSort2 (0ms)
			AwakeInstancesAfterBackupRestoration (0ms)
Platform modules already initialized, skipping
Registering precompiled user dll's ...
Registered in 0.007548 seconds.
Begin MonoManager ReloadAssembly
Symbol file LoadedFromMemory doesn't match image C:\Users\Game\Desktop\gitdes\Capstone_2022_Japgokbap\project\Library\PackageCache\com.unity.collab-proxy@1.15.15\Lib\Editor\PlasticSCM\unityplastic.dll
Native extension for WindowsStandalone target not found
Refreshing native plugins compatible for Editor in 0.35 ms, found 2 plugins.
Preloading 0 native plugins for Editor in 0.00 ms.
Mono: successfully reloaded assembly
- Completed reload, in  1.571 seconds
Domain Reload Profiling:
	ReloadAssembly (1572ms)
		BeginReloadAssembly (417ms)
			ExecutionOrderSort (0ms)
			DisableScriptedObjects (4ms)
			BackupInstance (0ms)
			ReleaseScriptingObjects (0ms)
			CreateAndSetChildDomain (29ms)
		EndReloadAssembly (1070ms)
			LoadAssemblies (307ms)
			RebuildTransferFunctionScriptingTraits (0ms)
			SetupTypeCache (260ms)
			ReleaseScriptCaches (0ms)
			RebuildScriptCaches (36ms)
			SetupLoadedEditorAssemblies (589ms)
				LogAssemblyErrors (0ms)
				InitializePlatformSupportModulesInManaged (4ms)
				SetLoadedEditorAssemblies (0ms)
				RefreshPlugins (0ms)
				BeforeProcessingInitializeOnLoad (159ms)
				ProcessInitializeOnLoadAttributes (394ms)
				ProcessInitializeOnLoadMethodAttributes (9ms)
				AfterProcessingInitializeOnLoad (21ms)
				EditorAssembliesLoaded (0ms)
			ExecutionOrderSort2 (0ms)
			AwakeInstancesAfterBackupRestoration (5ms)
Platform modules already initialized, skipping
========================================================================
Worker process is ready to serve import requests
Launched and connected shader compiler UnityShaderCompiler.exe after 0.05 seconds
Refreshing native plugins compatible for Editor in 0.41 ms, found 2 plugins.
Preloading 0 native plugins for Editor in 0.00 ms.
Unloading 1686 Unused Serialized files (Serialized files now loaded: 0)
System memory in use before: 104.8 MB.
System memory in use after: 104.8 MB.

Unloading 17 unused Assets to reduce memory usage. Loaded Objects now: 2148.
Total: 4.727800 ms (FindLiveObjects: 0.205200 ms CreateObjectMapping: 0.106300 ms MarkObjects: 4.297900 ms  DeleteObjects: 0.117000 ms)

AssetImportParameters requested are different than current active one (requested -> active):
  custom:framework-win-MediaFoundation: 216162199b28c13a410421893ffa2e32 -> 
  custom:video-decoder-ogg-theora: a1e56fd34408186e4bbccfd4996cb3dc -> 
  custom:container-muxer-webm: aa71ff27fc2769a1b78a27578f13a17b -> 
  custom:container-demuxer-webm: 4f35f7cbe854078d1ac9338744f61a02 -> 
  custom:container-demuxer-ogg: 62fdf1f143b41e24485cea50d1cbac27 -> 
  custom:video-encoder-webm-vp8: eb34c28f22e8b96e1ab97ce403110664 -> 
  custom:video-decoder-webm-vp8: 9c59270c3fd7afecdb556c50c9e8de78 -> 
  custom:audio-decoder-ogg-vorbis: bf7c407c2cedff20999df2af8eb42d56 -> 
  custom:audio-encoder-webm-vorbis: bf7c407c2cedff20999df2af8eb42d56 -> 
========================================================================
Received Import Request.
  path: Assets/Scenes/LoadingScene.unity
  artifactKey: Guid(2353e3d164381b843b1d67c0e02aa0eb) Importer(815301076,1909f56bfc062723c751e8b465ee728b)
Start importing Assets/Scenes/LoadingScene.unity using Guid(2353e3d164381b843b1d67c0e02aa0eb) Importer(815301076,1909f56bfc062723c751e8b465ee728b)  -> (artifact id: 'c93f1c3269689dfadeade8fa3b4b2ed7') in 0.006125 seconds 
========================================================================
Received Import Request.
  Time since last request: 85.339227 seconds.
  path: Assets/UI/Progress Bars - Fantasy Ui Pack/3
  artifactKey: Guid(8cd7823d70df211498006adc28456cc2) Importer(815301076,1909f56bfc062723c751e8b465ee728b)
Start importing Assets/UI/Progress Bars - Fantasy Ui Pack/3 using Guid(8cd7823d70df211498006adc28456cc2) Importer(815301076,1909f56bfc062723c751e8b465ee728b)  -> (artifact id: '56d337dbf5f4f7233b798d13a5f09caf') in 0.004984 seconds 
========================================================================
Received Import Request.
  Time since last request: 82.130445 seconds.
  path: Assets/Scenes/LoadingScene.unity
  artifactKey: Guid(2353e3d164381b843b1d67c0e02aa0eb) Importer(815301076,1909f56bfc062723c751e8b465ee728b)
Start importing Assets/Scenes/LoadingScene.unity using Guid(2353e3d164381b843b1d67c0e02aa0eb) Importer(815301076,1909f56bfc062723c751e8b465ee728b)  -> (artifact id: 'be828136611bdf7c677b7c7a6d93a78c') in 0.004522 seconds 
========================================================================
Received Import Request.
  Time since last request: 18.461293 seconds.
  path: Assets/Scenes/LoadingScene.unity
  artifactKey: Guid(2353e3d164381b843b1d67c0e02aa0eb) Importer(815301076,1909f56bfc062723c751e8b465ee728b)
Start importing Assets/Scenes/LoadingScene.unity using Guid(2353e3d164381b843b1d67c0e02aa0eb) Importer(815301076,1909f56bfc062723c751e8b465ee728b)  -> (artifact id: '4915108a711294f516e53cd6926bc656') in 0.005156 seconds 
========================================================================
Received Import Request.
  Time since last request: 357.023606 seconds.
  path: Assets/Scripts/LoadingSceneManager.cs
  artifactKey: Guid(4ad7e760124d22b408ef70d977cb90b5) Importer(815301076,1909f56bfc062723c751e8b465ee728b)
Start importing Assets/Scripts/LoadingSceneManager.cs using Guid(4ad7e760124d22b408ef70d977cb90b5) Importer(815301076,1909f56bfc062723c751e8b465ee728b)  -> (artifact id: '984ade323e5c6d4c29754cb32db8e8a7') in 0.040323 seconds 
========================================================================
Received Prepare
Registering precompiled user dll's ...
Registered in 0.006989 seconds.
Begin MonoManager ReloadAssembly
Symbol file LoadedFromMemory doesn't match image C:\Users\Game\Desktop\gitdes\Capstone_2022_Japgokbap\project\Library\PackageCache\com.unity.collab-proxy@1.15.15\Lib\Editor\PlasticSCM\unityplastic.dll
Native extension for WindowsStandalone target not found
Refreshing native plugins compatible for Editor in 0.34 ms, found 2 plugins.
Preloading 0 native plugins for Editor in 0.00 ms.
Mono: successfully reloaded assembly
- Completed reload, in  1.538 seconds
Domain Reload Profiling:
	ReloadAssembly (1538ms)
		BeginReloadAssembly (165ms)
			ExecutionOrderSort (0ms)
			DisableScriptedObjects (4ms)
			BackupInstance (0ms)
			ReleaseScriptingObjects (0ms)
			CreateAndSetChildDomain (31ms)
		EndReloadAssembly (1272ms)
			LoadAssemblies (177ms)
			RebuildTransferFunctionScriptingTraits (0ms)
			SetupTypeCache (304ms)
			ReleaseScriptCaches (1ms)
			RebuildScriptCaches (48ms)
			SetupLoadedEditorAssemblies (650ms)
				LogAssemblyErrors (0ms)
				InitializePlatformSupportModulesInManaged (5ms)
				SetLoadedEditorAssemblies (0ms)
				RefreshPlugins (0ms)
				BeforeProcessingInitializeOnLoad (172ms)
				ProcessInitializeOnLoadAttributes (393ms)
				ProcessInitializeOnLoadMethodAttributes (23ms)
				AfterProcessingInitializeOnLoad (57ms)
				EditorAssembliesLoaded (1ms)
			ExecutionOrderSort2 (0ms)
			AwakeInstancesAfterBackupRestoration (18ms)
Platform modules already initialized, skipping
Refreshing native plugins compatible for Editor in 0.57 ms, found 2 plugins.
Preloading 0 native plugins for Editor in 0.00 ms.
Unloading 1675 Unused Serialized files (Serialized files now loaded: 0)
System memory in use before: 104.2 MB.
System memory in use after: 104.3 MB.

Unloading 13 unused Assets to reduce memory usage. Loaded Objects now: 2153.
Total: 2.253600 ms (FindLiveObjects: 0.124400 ms CreateObjectMapping: 0.058000 ms MarkObjects: 2.013400 ms  DeleteObjects: 0.057200 ms)

AssetImportParameters requested are different than current active one (requested -> active):
  custom:framework-win-MediaFoundation: 216162199b28c13a410421893ffa2e32 -> 
  custom:video-decoder-ogg-theora: a1e56fd34408186e4bbccfd4996cb3dc -> 
  custom:container-muxer-webm: aa71ff27fc2769a1b78a27578f13a17b -> 
  custom:container-demuxer-webm: 4f35f7cbe854078d1ac9338744f61a02 -> 
  custom:container-demuxer-ogg: 62fdf1f143b41e24485cea50d1cbac27 -> 
  custom:video-encoder-webm-vp8: eb34c28f22e8b96e1ab97ce403110664 -> 
  custom:video-decoder-webm-vp8: 9c59270c3fd7afecdb556c50c9e8de78 -> 
  custom:audio-decoder-ogg-vorbis: bf7c407c2cedff20999df2af8eb42d56 -> 
  custom:audio-encoder-webm-vorbis: bf7c407c2cedff20999df2af8eb42d56 -> 
========================================================================
Received Prepare
Registering precompiled user dll's ...
Registered in 0.012695 seconds.
Begin MonoManager ReloadAssembly
Symbol file LoadedFromMemory doesn't match image C:\Users\Game\Desktop\gitdes\Capstone_2022_Japgokbap\project\Library\PackageCache\com.unity.collab-proxy@1.15.15\Lib\Editor\PlasticSCM\unityplastic.dll
Native extension for WindowsStandalone target not found
Refreshing native plugins compatible for Editor in 0.37 ms, found 2 plugins.
Preloading 0 native plugins for Editor in 0.00 ms.
Mono: successfully reloaded assembly
- Completed reload, in  1.500 seconds
Domain Reload Profiling:
	ReloadAssembly (1500ms)
		BeginReloadAssembly (174ms)
			ExecutionOrderSort (0ms)
			DisableScriptedObjects (4ms)
			BackupInstance (0ms)
			ReleaseScriptingObjects (0ms)
			CreateAndSetChildDomain (34ms)
		EndReloadAssembly (1248ms)
			LoadAssemblies (159ms)
			RebuildTransferFunctionScriptingTraits (0ms)
			SetupTypeCache (282ms)
			ReleaseScriptCaches (1ms)
			RebuildScriptCaches (40ms)
			SetupLoadedEditorAssemblies (632ms)
				LogAssemblyErrors (0ms)
				InitializePlatformSupportModulesInManaged (4ms)
				SetLoadedEditorAssemblies (0ms)
				RefreshPlugins (0ms)
				BeforeProcessingInitializeOnLoad (215ms)
				ProcessInitializeOnLoadAttributes (359ms)
				ProcessInitializeOnLoadMethodAttributes (11ms)
				AfterProcessingInitializeOnLoad (41ms)
				EditorAssembliesLoaded (0ms)
			ExecutionOrderSort2 (0ms)
			AwakeInstancesAfterBackupRestoration (14ms)
Platform modules already initialized, skipping
Refreshing native plugins compatible for Editor in 0.34 ms, found 2 plugins.
Preloading 0 native plugins for Editor in 0.00 ms.
Unloading 1675 Unused Serialized files (Serialized files now loaded: 0)
System memory in use before: 104.3 MB.
System memory in use after: 104.3 MB.

Unloading 13 unused Assets to reduce memory usage. Loaded Objects now: 2157.
Total: 2.251100 ms (FindLiveObjects: 0.124200 ms CreateObjectMapping: 0.051300 ms MarkObjects: 2.017500 ms  DeleteObjects: 0.057100 ms)

AssetImportParameters requested are different than current active one (requested -> active):
  custom:framework-win-MediaFoundation: 216162199b28c13a410421893ffa2e32 -> 
  custom:video-decoder-ogg-theora: a1e56fd34408186e4bbccfd4996cb3dc -> 
  custom:container-muxer-webm: aa71ff27fc2769a1b78a27578f13a17b -> 
  custom:container-demuxer-webm: 4f35f7cbe854078d1ac9338744f61a02 -> 
  custom:container-demuxer-ogg: 62fdf1f143b41e24485cea50d1cbac27 -> 
  custom:video-encoder-webm-vp8: eb34c28f22e8b96e1ab97ce403110664 -> 
  custom:video-decoder-webm-vp8: 9c59270c3fd7afecdb556c50c9e8de78 -> 
  custom:audio-decoder-ogg-vorbis: bf7c407c2cedff20999df2af8eb42d56 -> 
  custom:audio-encoder-webm-vorbis: bf7c407c2cedff20999df2af8eb42d56 -> 
========================================================================
Received Prepare
Registering precompiled user dll's ...
Registered in 0.008717 seconds.
Begin MonoManager ReloadAssembly
Symbol file LoadedFromMemory doesn't match image C:\Users\Game\Desktop\gitdes\Capstone_2022_Japgokbap\project\Library\PackageCache\com.unity.collab-proxy@1.15.15\Lib\Editor\PlasticSCM\unityplastic.dll
Native extension for WindowsStandalone target not found
Refreshing native plugins compatible for Editor in 0.63 ms, found 2 plugins.
Preloading 0 native plugins for Editor in 0.00 ms.
Mono: successfully reloaded assembly
- Completed reload, in  1.309 seconds
Domain Reload Profiling:
	ReloadAssembly (1309ms)
		BeginReloadAssembly (198ms)
			ExecutionOrderSort (0ms)
			DisableScriptedObjects (5ms)
			BackupInstance (0ms)
			ReleaseScriptingObjects (0ms)
			CreateAndSetChildDomain (36ms)
		EndReloadAssembly (1005ms)
			LoadAssemblies (199ms)
			RebuildTransferFunctionScriptingTraits (0ms)
			SetupTypeCache (258ms)
			ReleaseScriptCaches (1ms)
			RebuildScriptCaches (36ms)
			SetupLoadedEditorAssemblies (422ms)
				LogAssemblyErrors (0ms)
				InitializePlatformSupportModulesInManaged (6ms)
				SetLoadedEditorAssemblies (1ms)
				RefreshPlugins (1ms)
				BeforeProcessingInitializeOnLoad (111ms)
				ProcessInitializeOnLoadAttributes (241ms)
				ProcessInitializeOnLoadMethodAttributes (17ms)
				AfterProcessingInitializeOnLoad (45ms)
				EditorAssembliesLoaded (0ms)
			ExecutionOrderSort2 (0ms)
			AwakeInstancesAfterBackupRestoration (19ms)
Platform modules already initialized, skipping
Refreshing native plugins compatible for Editor in 0.33 ms, found 2 plugins.
Preloading 0 native plugins for Editor in 0.00 ms.
Unloading 1675 Unused Serialized files (Serialized files now loaded: 0)
System memory in use before: 104.3 MB.
System memory in use after: 104.4 MB.

Unloading 13 unused Assets to reduce memory usage. Loaded Objects now: 2161.
Total: 2.671400 ms (FindLiveObjects: 0.132000 ms CreateObjectMapping: 0.051000 ms MarkObjects: 2.428600 ms  DeleteObjects: 0.059300 ms)

AssetImportParameters requested are different than current active one (requested -> active):
  custom:framework-win-MediaFoundation: 216162199b28c13a410421893ffa2e32 -> 
  custom:video-decoder-ogg-theora: a1e56fd34408186e4bbccfd4996cb3dc -> 
  custom:container-muxer-webm: aa71ff27fc2769a1b78a27578f13a17b -> 
  custom:container-demuxer-webm: 4f35f7cbe854078d1ac9338744f61a02 -> 
  custom:container-demuxer-ogg: 62fdf1f143b41e24485cea50d1cbac27 -> 
  custom:video-encoder-webm-vp8: eb34c28f22e8b96e1ab97ce403110664 -> 
  custom:video-decoder-webm-vp8: 9c59270c3fd7afecdb556c50c9e8de78 -> 
  custom:audio-decoder-ogg-vorbis: bf7c407c2cedff20999df2af8eb42d56 -> 
  custom:audio-encoder-webm-vorbis: bf7c407c2cedff20999df2af8eb42d56 -> 
========================================================================
Received Import Request.
  Time since last request: 418.065494 seconds.
  path: Assets/Prefabs/Canvas.prefab
  artifactKey: Guid(fe5cff6e4f9a16f4b9b9001b57fc9279) Importer(815301076,1909f56bfc062723c751e8b465ee728b)
Start importing Assets/Prefabs/Canvas.prefab using Guid(fe5cff6e4f9a16f4b9b9001b57fc9279) Importer(815301076,1909f56bfc062723c751e8b465ee728b)  -> (artifact id: '86d1d72b5e8a4ab8af35821d0817cd05') in 0.056313 seconds 
========================================================================
Received Import Request.
  Time since last request: 1.744892 seconds.
  path: Assets/Prefabs/Loading Scene Manager.prefab
  artifactKey: Guid(68627bde1ad975c4ab42557fde62e5e3) Importer(815301076,1909f56bfc062723c751e8b465ee728b)
Start importing Assets/Prefabs/Loading Scene Manager.prefab using Guid(68627bde1ad975c4ab42557fde62e5e3) Importer(815301076,1909f56bfc062723c751e8b465ee728b)  -> (artifact id: '8a3e1ff291632580e2a592cf50a1f8a6') in 0.007369 seconds 
========================================================================
Received Import Request.
  Time since last request: 12.104579 seconds.
  path: Assets/Prefabs/Canvas2.prefab
  artifactKey: Guid(fe5cff6e4f9a16f4b9b9001b57fc9279) Importer(815301076,1909f56bfc062723c751e8b465ee728b)
Start importing Assets/Prefabs/Canvas2.prefab using Guid(fe5cff6e4f9a16f4b9b9001b57fc9279) Importer(815301076,1909f56bfc062723c751e8b465ee728b)  -> (artifact id: 'b23f4ad2da751b5c0df1749ba563c14b') in 0.008833 seconds 
========================================================================
Received Import Request.
  Time since last request: 372.298640 seconds.
  path: Assets/Scenes/LoadingScene.unity
  artifactKey: Guid(2353e3d164381b843b1d67c0e02aa0eb) Importer(815301076,1909f56bfc062723c751e8b465ee728b)
Start importing Assets/Scenes/LoadingScene.unity using Guid(2353e3d164381b843b1d67c0e02aa0eb) Importer(815301076,1909f56bfc062723c751e8b465ee728b)  -> (artifact id: 'ccf99dcc1c2aa1451059346261e6aac4') in 0.005690 seconds 
========================================================================
Received Prepare
Registering precompiled user dll's ...
Registered in 0.007910 seconds.
Begin MonoManager ReloadAssembly
Symbol file LoadedFromMemory doesn't match image C:\Users\Game\Desktop\gitdes\Capstone_2022_Japgokbap\project\Library\PackageCache\com.unity.collab-proxy@1.15.15\Lib\Editor\PlasticSCM\unityplastic.dll
Native extension for WindowsStandalone target not found
Refreshing native plugins compatible for Editor in 0.61 ms, found 2 plugins.
Preloading 0 native plugins for Editor in 0.00 ms.
Mono: successfully reloaded assembly
- Completed reload, in  1.492 seconds
Domain Reload Profiling:
	ReloadAssembly (1492ms)
		BeginReloadAssembly (163ms)
			ExecutionOrderSort (0ms)
			DisableScriptedObjects (4ms)
			BackupInstance (0ms)
			ReleaseScriptingObjects (0ms)
			CreateAndSetChildDomain (34ms)
		EndReloadAssembly (1233ms)
			LoadAssemblies (151ms)
			RebuildTransferFunctionScriptingTraits (0ms)
			SetupTypeCache (463ms)
			ReleaseScriptCaches (1ms)
			RebuildScriptCaches (55ms)
			SetupLoadedEditorAssemblies (450ms)
				LogAssemblyErrors (0ms)
				InitializePlatformSupportModulesInManaged (8ms)
				SetLoadedEditorAssemblies (1ms)
				RefreshPlugins (1ms)
				BeforeProcessingInitializeOnLoad (164ms)
				ProcessInitializeOnLoadAttributes (245ms)
				ProcessInitializeOnLoadMethodAttributes (9ms)
				AfterProcessingInitializeOnLoad (21ms)
				EditorAssembliesLoaded (0ms)
			ExecutionOrderSort2 (0ms)
			AwakeInstancesAfterBackupRestoration (14ms)
Platform modules already initialized, skipping
Refreshing native plugins compatible for Editor in 0.34 ms, found 2 plugins.
Preloading 0 native plugins for Editor in 0.00 ms.
Unloading 1675 Unused Serialized files (Serialized files now loaded: 0)
System memory in use before: 104.3 MB.
System memory in use after: 104.4 MB.

Unloading 13 unused Assets to reduce memory usage. Loaded Objects now: 2165.
Total: 2.349000 ms (FindLiveObjects: 0.125000 ms CreateObjectMapping: 0.051700 ms MarkObjects: 2.113900 ms  DeleteObjects: 0.057500 ms)

AssetImportParameters requested are different than current active one (requested -> active):
  custom:framework-win-MediaFoundation: 216162199b28c13a410421893ffa2e32 -> 
  custom:video-decoder-ogg-theora: a1e56fd34408186e4bbccfd4996cb3dc -> 
  custom:container-muxer-webm: aa71ff27fc2769a1b78a27578f13a17b -> 
  custom:container-demuxer-webm: 4f35f7cbe854078d1ac9338744f61a02 -> 
  custom:container-demuxer-ogg: 62fdf1f143b41e24485cea50d1cbac27 -> 
  custom:video-encoder-webm-vp8: eb34c28f22e8b96e1ab97ce403110664 -> 
  custom:video-decoder-webm-vp8: 9c59270c3fd7afecdb556c50c9e8de78 -> 
  custom:audio-decoder-ogg-vorbis: bf7c407c2cedff20999df2af8eb42d56 -> 
  custom:audio-encoder-webm-vorbis: bf7c407c2cedff20999df2af8eb42d56 -> 
========================================================================
Received Import Request.
  Time since last request: 155.545810 seconds.
  path: Assets/Scenes/LobbyScene.unity
  artifactKey: Guid(7733889ae8585034c86cf3a7c183a30c) Importer(815301076,1909f56bfc062723c751e8b465ee728b)
Start importing Assets/Scenes/LobbyScene.unity using Guid(7733889ae8585034c86cf3a7c183a30c) Importer(815301076,1909f56bfc062723c751e8b465ee728b)  -> (artifact id: 'bd232206ac984b84fa5e15f3491a2b38') in 0.005972 seconds 
========================================================================
Received Import Request.
  Time since last request: 1.248287 seconds.
  path: Assets/Scenes/Loading Scene Manager.prefab
  artifactKey: Guid(9edcd7702c7f2a041b7f6095557a9728) Importer(815301076,1909f56bfc062723c751e8b465ee728b)
Start importing Assets/Scenes/Loading Scene Manager.prefab using Guid(9edcd7702c7f2a041b7f6095557a9728) Importer(815301076,1909f56bfc062723c751e8b465ee728b)  -> (artifact id: 'ed9b30d549960a470a55df4a5ca24057') in 0.027089 seconds 
========================================================================
Received Import Request.
  Time since last request: 5.083882 seconds.
  path: Assets/Scenes/Loading Bar.prefab
  artifactKey: Guid(2409cbbc5a98bea42a6c54b4487473f2) Importer(815301076,1909f56bfc062723c751e8b465ee728b)
Start importing Assets/Scenes/Loading Bar.prefab using Guid(2409cbbc5a98bea42a6c54b4487473f2) Importer(815301076,1909f56bfc062723c751e8b465ee728b)  -> (artifact id: 'b5055cb896973361448905b51c380bba') in 0.019595 seconds 
========================================================================
Received Import Request.
  Time since last request: 8.921278 seconds.
  path: Assets/Scenes/LoadingScene.unity
  artifactKey: Guid(2353e3d164381b843b1d67c0e02aa0eb) Importer(815301076,1909f56bfc062723c751e8b465ee728b)
Start importing Assets/Scenes/LoadingScene.unity using Guid(2353e3d164381b843b1d67c0e02aa0eb) Importer(815301076,1909f56bfc062723c751e8b465ee728b)  -> (artifact id: '0678333901c0888d2b45320c0612e8a9') in 0.005063 seconds 
========================================================================
Received Prepare
Registering precompiled user dll's ...
Registered in 0.007302 seconds.
Begin MonoManager ReloadAssembly
Symbol file LoadedFromMemory doesn't match image C:\Users\Game\Desktop\gitdes\Capstone_2022_Japgokbap\project\Library\PackageCache\com.unity.collab-proxy@1.15.15\Lib\Editor\PlasticSCM\unityplastic.dll
Native extension for WindowsStandalone target not found
Refreshing native plugins compatible for Editor in 0.35 ms, found 2 plugins.
Preloading 0 native plugins for Editor in 0.00 ms.
Mono: successfully reloaded assembly
- Completed reload, in  1.438 seconds
Domain Reload Profiling:
	ReloadAssembly (1439ms)
		BeginReloadAssembly (196ms)
			ExecutionOrderSort (0ms)
			DisableScriptedObjects (7ms)
			BackupInstance (0ms)
			ReleaseScriptingObjects (0ms)
			CreateAndSetChildDomain (29ms)
		EndReloadAssembly (1166ms)
			LoadAssemblies (183ms)
			RebuildTransferFunctionScriptingTraits (0ms)
			SetupTypeCache (306ms)
			ReleaseScriptCaches (1ms)
			RebuildScriptCaches (34ms)
			SetupLoadedEditorAssemblies (622ms)
				LogAssemblyErrors (0ms)
				InitializePlatformSupportModulesInManaged (5ms)
				SetLoadedEditorAssemblies (0ms)
				RefreshPlugins (0ms)
				BeforeProcessingInitializeOnLoad (190ms)
				ProcessInitializeOnLoadAttributes (397ms)
				ProcessInitializeOnLoadMethodAttributes (9ms)
				AfterProcessingInitializeOnLoad (21ms)
				EditorAssembliesLoaded (0ms)
			ExecutionOrderSort2 (0ms)
			AwakeInstancesAfterBackupRestoration (7ms)
Platform modules already initialized, skipping
Refreshing native plugins compatible for Editor in 0.34 ms, found 2 plugins.
Preloading 0 native plugins for Editor in 0.00 ms.
Unloading 1675 Unused Serialized files (Serialized files now loaded: 0)
System memory in use before: 104.3 MB.
System memory in use after: 104.4 MB.

Unloading 13 unused Assets to reduce memory usage. Loaded Objects now: 2169.
Total: 2.548200 ms (FindLiveObjects: 0.126000 ms CreateObjectMapping: 0.054200 ms MarkObjects: 2.305200 ms  DeleteObjects: 0.062000 ms)

AssetImportParameters requested are different than current active one (requested -> active):
  custom:framework-win-MediaFoundation: 216162199b28c13a410421893ffa2e32 -> 
  custom:video-decoder-ogg-theora: a1e56fd34408186e4bbccfd4996cb3dc -> 
  custom:container-muxer-webm: aa71ff27fc2769a1b78a27578f13a17b -> 
  custom:container-demuxer-webm: 4f35f7cbe854078d1ac9338744f61a02 -> 
  custom:container-demuxer-ogg: 62fdf1f143b41e24485cea50d1cbac27 -> 
  custom:video-encoder-webm-vp8: eb34c28f22e8b96e1ab97ce403110664 -> 
  custom:video-decoder-webm-vp8: 9c59270c3fd7afecdb556c50c9e8de78 -> 
  custom:audio-decoder-ogg-vorbis: bf7c407c2cedff20999df2af8eb42d56 -> 
  custom:audio-encoder-webm-vorbis: bf7c407c2cedff20999df2af8eb42d56 -> 
========================================================================
Received Prepare
Registering precompiled user dll's ...
Registered in 0.006746 seconds.
Begin MonoManager ReloadAssembly
Symbol file LoadedFromMemory doesn't match image C:\Users\Game\Desktop\gitdes\Capstone_2022_Japgokbap\project\Library\PackageCache\com.unity.collab-proxy@1.15.15\Lib\Editor\PlasticSCM\unityplastic.dll
Native extension for WindowsStandalone target not found
Refreshing native plugins compatible for Editor in 0.38 ms, found 2 plugins.
Preloading 0 native plugins for Editor in 0.00 ms.
Mono: successfully reloaded assembly
- Completed reload, in  1.482 seconds
Domain Reload Profiling:
	ReloadAssembly (1482ms)
		BeginReloadAssembly (207ms)
			ExecutionOrderSort (0ms)
			DisableScriptedObjects (4ms)
			BackupInstance (0ms)
			ReleaseScriptingObjects (0ms)
			CreateAndSetChildDomain (27ms)
		EndReloadAssembly (1186ms)
			LoadAssemblies (202ms)
			RebuildTransferFunctionScriptingTraits (0ms)
			SetupTypeCache (339ms)
			ReleaseScriptCaches (1ms)
			RebuildScriptCaches (82ms)
			SetupLoadedEditorAssemblies (513ms)
				LogAssemblyErrors (0ms)
				InitializePlatformSupportModulesInManaged (5ms)
				SetLoadedEditorAssemblies (0ms)
				RefreshPlugins (0ms)
				BeforeProcessingInitializeOnLoad (188ms)
				ProcessInitializeOnLoadAttributes (288ms)
				ProcessInitializeOnLoadMethodAttributes (9ms)
				AfterProcessingInitializeOnLoad (21ms)
				EditorAssembliesLoaded (0ms)
			ExecutionOrderSort2 (0ms)
			AwakeInstancesAfterBackupRestoration (7ms)
Platform modules already initialized, skipping
Refreshing native plugins compatible for Editor in 0.33 ms, found 2 plugins.
Preloading 0 native plugins for Editor in 0.00 ms.
Unloading 1675 Unused Serialized files (Serialized files now loaded: 0)
System memory in use before: 104.3 MB.
System memory in use after: 104.4 MB.

Unloading 13 unused Assets to reduce memory usage. Loaded Objects now: 2173.
Total: 2.542100 ms (FindLiveObjects: 0.133800 ms CreateObjectMapping: 0.053700 ms MarkObjects: 2.286900 ms  DeleteObjects: 0.066900 ms)

AssetImportParameters requested are different than current active one (requested -> active):
  custom:framework-win-MediaFoundation: 216162199b28c13a410421893ffa2e32 -> 
  custom:video-decoder-ogg-theora: a1e56fd34408186e4bbccfd4996cb3dc -> 
  custom:container-muxer-webm: aa71ff27fc2769a1b78a27578f13a17b -> 
  custom:container-demuxer-webm: 4f35f7cbe854078d1ac9338744f61a02 -> 
  custom:container-demuxer-ogg: 62fdf1f143b41e24485cea50d1cbac27 -> 
  custom:video-encoder-webm-vp8: eb34c28f22e8b96e1ab97ce403110664 -> 
  custom:video-decoder-webm-vp8: 9c59270c3fd7afecdb556c50c9e8de78 -> 
  custom:audio-decoder-ogg-vorbis: bf7c407c2cedff20999df2af8eb42d56 -> 
  custom:audio-encoder-webm-vorbis: bf7c407c2cedff20999df2af8eb42d56 -> 
========================================================================
Received Prepare
Registering precompiled user dll's ...
Registered in 0.007209 seconds.
Begin MonoManager ReloadAssembly
Symbol file LoadedFromMemory doesn't match image C:\Users\Game\Desktop\gitdes\Capstone_2022_Japgokbap\project\Library\PackageCache\com.unity.collab-proxy@1.15.15\Lib\Editor\PlasticSCM\unityplastic.dll
Native extension for WindowsStandalone target not found
Refreshing native plugins compatible for Editor in 0.64 ms, found 2 plugins.
Preloading 0 native plugins for Editor in 0.00 ms.
Mono: successfully reloaded assembly
- Completed reload, in  1.424 seconds
Domain Reload Profiling:
	ReloadAssembly (1425ms)
		BeginReloadAssembly (194ms)
			ExecutionOrderSort (0ms)
			DisableScriptedObjects (4ms)
			BackupInstance (0ms)
			ReleaseScriptingObjects (0ms)
			CreateAndSetChildDomain (28ms)
		EndReloadAssembly (1125ms)
			LoadAssemblies (191ms)
			RebuildTransferFunctionScriptingTraits (0ms)
			SetupTypeCache (343ms)
			ReleaseScriptCaches (1ms)
			RebuildScriptCaches (32ms)
			SetupLoadedEditorAssemblies (502ms)
				LogAssemblyErrors (0ms)
				InitializePlatformSupportModulesInManaged (12ms)
				SetLoadedEditorAssemblies (1ms)
				RefreshPlugins (1ms)
				BeforeProcessingInitializeOnLoad (193ms)
				ProcessInitializeOnLoadAttributes (264ms)
				ProcessInitializeOnLoadMethodAttributes (9ms)
				AfterProcessingInitializeOnLoad (22ms)
				EditorAssembliesLoaded (0ms)
			ExecutionOrderSort2 (0ms)
			AwakeInstancesAfterBackupRestoration (7ms)
Platform modules already initialized, skipping
Refreshing native plugins compatible for Editor in 0.33 ms, found 2 plugins.
Preloading 0 native plugins for Editor in 0.00 ms.
Unloading 1675 Unused Serialized files (Serialized files now loaded: 0)
System memory in use before: 104.3 MB.
System memory in use after: 104.4 MB.

Unloading 13 unused Assets to reduce memory usage. Loaded Objects now: 2177.
Total: 2.513200 ms (FindLiveObjects: 0.126200 ms CreateObjectMapping: 0.054100 ms MarkObjects: 2.274800 ms  DeleteObjects: 0.057400 ms)

AssetImportParameters requested are different than current active one (requested -> active):
  custom:framework-win-MediaFoundation: 216162199b28c13a410421893ffa2e32 -> 
  custom:video-decoder-ogg-theora: a1e56fd34408186e4bbccfd4996cb3dc -> 
  custom:container-muxer-webm: aa71ff27fc2769a1b78a27578f13a17b -> 
  custom:container-demuxer-webm: 4f35f7cbe854078d1ac9338744f61a02 -> 
  custom:container-demuxer-ogg: 62fdf1f143b41e24485cea50d1cbac27 -> 
  custom:video-encoder-webm-vp8: eb34c28f22e8b96e1ab97ce403110664 -> 
  custom:video-decoder-webm-vp8: 9c59270c3fd7afecdb556c50c9e8de78 -> 
  custom:audio-decoder-ogg-vorbis: bf7c407c2cedff20999df2af8eb42d56 -> 
  custom:audio-encoder-webm-vorbis: bf7c407c2cedff20999df2af8eb42d56 -> 
========================================================================
Received Prepare
Registering precompiled user dll's ...
Registered in 0.007117 seconds.
Begin MonoManager ReloadAssembly
Symbol file LoadedFromMemory doesn't match image C:\Users\Game\Desktop\gitdes\Capstone_2022_Japgokbap\project\Library\PackageCache\com.unity.collab-proxy@1.15.15\Lib\Editor\PlasticSCM\unityplastic.dll
Native extension for WindowsStandalone target not found
Refreshing native plugins compatible for Editor in 0.34 ms, found 2 plugins.
Preloading 0 native plugins for Editor in 0.00 ms.
Mono: successfully reloaded assembly
- Completed reload, in  1.424 seconds
Domain Reload Profiling:
	ReloadAssembly (1424ms)
		BeginReloadAssembly (163ms)
			ExecutionOrderSort (0ms)
			DisableScriptedObjects (4ms)
			BackupInstance (0ms)
			ReleaseScriptingObjects (0ms)
			CreateAndSetChildDomain (29ms)
		EndReloadAssembly (1185ms)
			LoadAssemblies (152ms)
			RebuildTransferFunctionScriptingTraits (0ms)
			SetupTypeCache (308ms)
			ReleaseScriptCaches (1ms)
			RebuildScriptCaches (35ms)
			SetupLoadedEditorAssemblies (642ms)
				LogAssemblyErrors (0ms)
				InitializePlatformSupportModulesInManaged (4ms)
				SetLoadedEditorAssemblies (0ms)
				RefreshPlugins (0ms)
				BeforeProcessingInitializeOnLoad (155ms)
				ProcessInitializeOnLoadAttributes (416ms)
				ProcessInitializeOnLoadMethodAttributes (20ms)
				AfterProcessingInitializeOnLoad (46ms)
				EditorAssembliesLoaded (0ms)
			ExecutionOrderSort2 (0ms)
			AwakeInstancesAfterBackupRestoration (8ms)
Platform modules already initialized, skipping
Refreshing native plugins compatible for Editor in 0.48 ms, found 2 plugins.
Preloading 0 native plugins for Editor in 0.00 ms.
Unloading 1675 Unused Serialized files (Serialized files now loaded: 0)
System memory in use before: 104.4 MB.
System memory in use after: 104.4 MB.

Unloading 13 unused Assets to reduce memory usage. Loaded Objects now: 2181.
Total: 2.318900 ms (FindLiveObjects: 0.123200 ms CreateObjectMapping: 0.054000 ms MarkObjects: 2.086300 ms  DeleteObjects: 0.054800 ms)

AssetImportParameters requested are different than current active one (requested -> active):
  custom:framework-win-MediaFoundation: 216162199b28c13a410421893ffa2e32 -> 
  custom:video-decoder-ogg-theora: a1e56fd34408186e4bbccfd4996cb3dc -> 
  custom:container-muxer-webm: aa71ff27fc2769a1b78a27578f13a17b -> 
  custom:container-demuxer-webm: 4f35f7cbe854078d1ac9338744f61a02 -> 
  custom:container-demuxer-ogg: 62fdf1f143b41e24485cea50d1cbac27 -> 
  custom:video-encoder-webm-vp8: eb34c28f22e8b96e1ab97ce403110664 -> 
  custom:video-decoder-webm-vp8: 9c59270c3fd7afecdb556c50c9e8de78 -> 
  custom:audio-decoder-ogg-vorbis: bf7c407c2cedff20999df2af8eb42d56 -> 
  custom:audio-encoder-webm-vorbis: bf7c407c2cedff20999df2af8eb42d56 -> 
========================================================================
Received Prepare
Registering precompiled user dll's ...
Registered in 0.007227 seconds.
Begin MonoManager ReloadAssembly
Symbol file LoadedFromMemory doesn't match image C:\Users\Game\Desktop\gitdes\Capstone_2022_Japgokbap\project\Library\PackageCache\com.unity.collab-proxy@1.15.15\Lib\Editor\PlasticSCM\unityplastic.dll
Native extension for WindowsStandalone target not found
Refreshing native plugins compatible for Editor in 0.39 ms, found 2 plugins.
Preloading 0 native plugins for Editor in 0.00 ms.
Mono: successfully reloaded assembly
- Completed reload, in  1.620 seconds
Domain Reload Profiling:
	ReloadAssembly (1621ms)
		BeginReloadAssembly (338ms)
			ExecutionOrderSort (0ms)
			DisableScriptedObjects (10ms)
			BackupInstance (0ms)
			ReleaseScriptingObjects (0ms)
			CreateAndSetChildDomain (52ms)
		EndReloadAssembly (1205ms)
			LoadAssemblies (271ms)
			RebuildTransferFunctionScriptingTraits (0ms)
			SetupTypeCache (287ms)
			ReleaseScriptCaches (1ms)
			RebuildScriptCaches (33ms)
			SetupLoadedEditorAssemblies (694ms)
				LogAssemblyErrors (0ms)
				InitializePlatformSupportModulesInManaged (5ms)
				SetLoadedEditorAssemblies (0ms)
				RefreshPlugins (0ms)
				BeforeProcessingInitializeOnLoad (260ms)
				ProcessInitializeOnLoadAttributes (394ms)
				ProcessInitializeOnLoadMethodAttributes (9ms)
				AfterProcessingInitializeOnLoad (25ms)
				EditorAssembliesLoaded (0ms)
			ExecutionOrderSort2 (0ms)
			AwakeInstancesAfterBackupRestoration (7ms)
Platform modules already initialized, skipping
Refreshing native plugins compatible for Editor in 0.34 ms, found 2 plugins.
Preloading 0 native plugins for Editor in 0.00 ms.
Unloading 1675 Unused Serialized files (Serialized files now loaded: 0)
System memory in use before: 104.4 MB.
System memory in use after: 104.4 MB.

Unloading 13 unused Assets to reduce memory usage. Loaded Objects now: 2185.
Total: 4.141000 ms (FindLiveObjects: 0.130700 ms CreateObjectMapping: 0.057500 ms MarkObjects: 3.854600 ms  DeleteObjects: 0.097000 ms)

AssetImportParameters requested are different than current active one (requested -> active):
  custom:framework-win-MediaFoundation: 216162199b28c13a410421893ffa2e32 -> 
  custom:video-decoder-ogg-theora: a1e56fd34408186e4bbccfd4996cb3dc -> 
  custom:container-muxer-webm: aa71ff27fc2769a1b78a27578f13a17b -> 
  custom:container-demuxer-webm: 4f35f7cbe854078d1ac9338744f61a02 -> 
  custom:container-demuxer-ogg: 62fdf1f143b41e24485cea50d1cbac27 -> 
  custom:video-encoder-webm-vp8: eb34c28f22e8b96e1ab97ce403110664 -> 
  custom:video-decoder-webm-vp8: 9c59270c3fd7afecdb556c50c9e8de78 -> 
  custom:audio-decoder-ogg-vorbis: bf7c407c2cedff20999df2af8eb42d56 -> 
  custom:audio-encoder-webm-vorbis: bf7c407c2cedff20999df2af8eb42d56 -> 
========================================================================
Received Prepare
Registering precompiled user dll's ...
Registered in 0.024819 seconds.
Begin MonoManager ReloadAssembly
Symbol file LoadedFromMemory doesn't match image C:\Users\Game\Desktop\gitdes\Capstone_2022_Japgokbap\project\Library\PackageCache\com.unity.collab-proxy@1.15.15\Lib\Editor\PlasticSCM\unityplastic.dll
Native extension for WindowsStandalone target not found
Refreshing native plugins compatible for Editor in 0.34 ms, found 2 plugins.
Preloading 0 native plugins for Editor in 0.00 ms.
Mono: successfully reloaded assembly
- Completed reload, in  1.234 seconds
Domain Reload Profiling:
	ReloadAssembly (1235ms)
		BeginReloadAssembly (170ms)
			ExecutionOrderSort (0ms)
			DisableScriptedObjects (4ms)
			BackupInstance (0ms)
			ReleaseScriptingObjects (0ms)
			CreateAndSetChildDomain (33ms)
		EndReloadAssembly (986ms)
			LoadAssemblies (151ms)
			RebuildTransferFunctionScriptingTraits (0ms)
			SetupTypeCache (259ms)
			ReleaseScriptCaches (1ms)
			RebuildScriptCaches (40ms)
			SetupLoadedEditorAssemblies (449ms)
				LogAssemblyErrors (0ms)
				InitializePlatformSupportModulesInManaged (5ms)
				SetLoadedEditorAssemblies (0ms)
				RefreshPlugins (0ms)
				BeforeProcessingInitializeOnLoad (103ms)
				ProcessInitializeOnLoadAttributes (308ms)
				ProcessInitializeOnLoadMethodAttributes (10ms)
				AfterProcessingInitializeOnLoad (22ms)
				EditorAssembliesLoaded (0ms)
			ExecutionOrderSort2 (0ms)
			AwakeInstancesAfterBackupRestoration (9ms)
Platform modules already initialized, skipping
Refreshing native plugins compatible for Editor in 0.34 ms, found 2 plugins.
Preloading 0 native plugins for Editor in 0.00 ms.
Unloading 1675 Unused Serialized files (Serialized files now loaded: 0)
System memory in use before: 104.4 MB.
System memory in use after: 104.5 MB.

Unloading 13 unused Assets to reduce memory usage. Loaded Objects now: 2189.
Total: 2.293300 ms (FindLiveObjects: 0.124700 ms CreateObjectMapping: 0.054200 ms MarkObjects: 2.058200 ms  DeleteObjects: 0.055600 ms)

AssetImportParameters requested are different than current active one (requested -> active):
  custom:framework-win-MediaFoundation: 216162199b28c13a410421893ffa2e32 -> 
  custom:video-decoder-ogg-theora: a1e56fd34408186e4bbccfd4996cb3dc -> 
  custom:container-muxer-webm: aa71ff27fc2769a1b78a27578f13a17b -> 
  custom:container-demuxer-webm: 4f35f7cbe854078d1ac9338744f61a02 -> 
  custom:container-demuxer-ogg: 62fdf1f143b41e24485cea50d1cbac27 -> 
  custom:video-encoder-webm-vp8: eb34c28f22e8b96e1ab97ce403110664 -> 
  custom:video-decoder-webm-vp8: 9c59270c3fd7afecdb556c50c9e8de78 -> 
  custom:audio-decoder-ogg-vorbis: bf7c407c2cedff20999df2af8eb42d56 -> 
  custom:audio-encoder-webm-vorbis: bf7c407c2cedff20999df2af8eb42d56 -> 
========================================================================
Received Import Request.
  Time since last request: 756.777853 seconds.
  path: Assets/Scenes/LoadingScene.unity
  artifactKey: Guid(2353e3d164381b843b1d67c0e02aa0eb) Importer(815301076,1909f56bfc062723c751e8b465ee728b)
Start importing Assets/Scenes/LoadingScene.unity using Guid(2353e3d164381b843b1d67c0e02aa0eb) Importer(815301076,1909f56bfc062723c751e8b465ee728b)  -> (artifact id: '4e08430d7ae0618b0d26f38bb95166e2') in 0.006329 seconds 
========================================================================
Received Import Request.
  Time since last request: 95.435460 seconds.
  path: Assets/Scenes/LobbyScene.unity
  artifactKey: Guid(7733889ae8585034c86cf3a7c183a30c) Importer(815301076,1909f56bfc062723c751e8b465ee728b)
Start importing Assets/Scenes/LobbyScene.unity using Guid(7733889ae8585034c86cf3a7c183a30c) Importer(815301076,1909f56bfc062723c751e8b465ee728b)  -> (artifact id: '92a2a4c9779510107f158be3fcf4a3bf') in 0.005173 seconds 
========================================================================
Received Prepare
Registering precompiled user dll's ...
Registered in 0.007100 seconds.
Begin MonoManager ReloadAssembly
Symbol file LoadedFromMemory doesn't match image C:\Users\Game\Desktop\gitdes\Capstone_2022_Japgokbap\project\Library\PackageCache\com.unity.collab-proxy@1.15.15\Lib\Editor\PlasticSCM\unityplastic.dll
Native extension for WindowsStandalone target not found
Refreshing native plugins compatible for Editor in 0.43 ms, found 2 plugins.
Preloading 0 native plugins for Editor in 0.00 ms.
Mono: successfully reloaded assembly
- Completed reload, in  1.217 seconds
Domain Reload Profiling:
	ReloadAssembly (1218ms)
		BeginReloadAssembly (221ms)
			ExecutionOrderSort (0ms)
			DisableScriptedObjects (4ms)
			BackupInstance (0ms)
			ReleaseScriptingObjects (0ms)
			CreateAndSetChildDomain (35ms)
		EndReloadAssembly (875ms)
			LoadAssemblies (205ms)
			RebuildTransferFunctionScriptingTraits (0ms)
			SetupTypeCache (257ms)
			ReleaseScriptCaches (1ms)
			RebuildScriptCaches (32ms)
			SetupLoadedEditorAssemblies (379ms)
				LogAssemblyErrors (0ms)
				InitializePlatformSupportModulesInManaged (5ms)
				SetLoadedEditorAssemblies (0ms)
				RefreshPlugins (1ms)
				BeforeProcessingInitializeOnLoad (104ms)
				ProcessInitializeOnLoadAttributes (238ms)
				ProcessInitializeOnLoadMethodAttributes (9ms)
				AfterProcessingInitializeOnLoad (21ms)
				EditorAssembliesLoaded (0ms)
			ExecutionOrderSort2 (0ms)
			AwakeInstancesAfterBackupRestoration (7ms)
Platform modules already initialized, skipping
Refreshing native plugins compatible for Editor in 0.34 ms, found 2 plugins.
Preloading 0 native plugins for Editor in 0.00 ms.
Unloading 1675 Unused Serialized files (Serialized files now loaded: 0)
System memory in use before: 104.4 MB.
System memory in use after: 104.5 MB.

Unloading 13 unused Assets to reduce memory usage. Loaded Objects now: 2193.
Total: 2.620900 ms (FindLiveObjects: 0.129600 ms CreateObjectMapping: 0.054700 ms MarkObjects: 2.373800 ms  DeleteObjects: 0.062000 ms)

AssetImportParameters requested are different than current active one (requested -> active):
  custom:framework-win-MediaFoundation: 216162199b28c13a410421893ffa2e32 -> 
  custom:video-decoder-ogg-theora: a1e56fd34408186e4bbccfd4996cb3dc -> 
  custom:container-muxer-webm: aa71ff27fc2769a1b78a27578f13a17b -> 
  custom:container-demuxer-webm: 4f35f7cbe854078d1ac9338744f61a02 -> 
  custom:container-demuxer-ogg: 62fdf1f143b41e24485cea50d1cbac27 -> 
  custom:video-encoder-webm-vp8: eb34c28f22e8b96e1ab97ce403110664 -> 
  custom:video-decoder-webm-vp8: 9c59270c3fd7afecdb556c50c9e8de78 -> 
  custom:audio-decoder-ogg-vorbis: bf7c407c2cedff20999df2af8eb42d56 -> 
  custom:audio-encoder-webm-vorbis: bf7c407c2cedff20999df2af8eb42d56 -> 
========================================================================
Received Prepare
Registering precompiled user dll's ...
Registered in 0.007463 seconds.
Begin MonoManager ReloadAssembly
Symbol file LoadedFromMemory doesn't match image C:\Users\Game\Desktop\gitdes\Capstone_2022_Japgokbap\project\Library\PackageCache\com.unity.collab-proxy@1.15.15\Lib\Editor\PlasticSCM\unityplastic.dll
Native extension for WindowsStandalone target not found
Refreshing native plugins compatible for Editor in 0.35 ms, found 2 plugins.
Preloading 0 native plugins for Editor in 0.00 ms.
Mono: successfully reloaded assembly
- Completed reload, in  1.215 seconds
Domain Reload Profiling:
	ReloadAssembly (1215ms)
		BeginReloadAssembly (164ms)
			ExecutionOrderSort (0ms)
			DisableScriptedObjects (4ms)
			BackupInstance (0ms)
			ReleaseScriptingObjects (0ms)
			CreateAndSetChildDomain (26ms)
		EndReloadAssembly (947ms)
			LoadAssemblies (154ms)
			RebuildTransferFunctionScriptingTraits (0ms)
			SetupTypeCache (274ms)
			ReleaseScriptCaches (1ms)
			RebuildScriptCaches (70ms)
			SetupLoadedEditorAssemblies (408ms)
				LogAssemblyErrors (0ms)
				InitializePlatformSupportModulesInManaged (4ms)
				SetLoadedEditorAssemblies (1ms)
				RefreshPlugins (0ms)
				BeforeProcessingInitializeOnLoad (139ms)
				ProcessInitializeOnLoadAttributes (233ms)
				ProcessInitializeOnLoadMethodAttributes (9ms)
				AfterProcessingInitializeOnLoad (21ms)
				EditorAssembliesLoaded (0ms)
			ExecutionOrderSort2 (0ms)
			AwakeInstancesAfterBackupRestoration (7ms)
Platform modules already initialized, skipping
Refreshing native plugins compatible for Editor in 0.33 ms, found 2 plugins.
Preloading 0 native plugins for Editor in 0.00 ms.
Unloading 1675 Unused Serialized files (Serialized files now loaded: 0)
System memory in use before: 104.4 MB.
System memory in use after: 104.5 MB.

Unloading 13 unused Assets to reduce memory usage. Loaded Objects now: 2197.
Total: 2.408300 ms (FindLiveObjects: 0.122900 ms CreateObjectMapping: 0.050800 ms MarkObjects: 2.174000 ms  DeleteObjects: 0.059700 ms)

AssetImportParameters requested are different than current active one (requested -> active):
  custom:framework-win-MediaFoundation: 216162199b28c13a410421893ffa2e32 -> 
  custom:video-decoder-ogg-theora: a1e56fd34408186e4bbccfd4996cb3dc -> 
  custom:container-muxer-webm: aa71ff27fc2769a1b78a27578f13a17b -> 
  custom:container-demuxer-webm: 4f35f7cbe854078d1ac9338744f61a02 -> 
  custom:container-demuxer-ogg: 62fdf1f143b41e24485cea50d1cbac27 -> 
  custom:video-encoder-webm-vp8: eb34c28f22e8b96e1ab97ce403110664 -> 
  custom:video-decoder-webm-vp8: 9c59270c3fd7afecdb556c50c9e8de78 -> 
  custom:audio-decoder-ogg-vorbis: bf7c407c2cedff20999df2af8eb42d56 -> 
  custom:audio-encoder-webm-vorbis: bf7c407c2cedff20999df2af8eb42d56 -> 
========================================================================
Received Prepare
Registering precompiled user dll's ...
Registered in 0.007261 seconds.
Begin MonoManager ReloadAssembly
Symbol file LoadedFromMemory doesn't match image C:\Users\Game\Desktop\gitdes\Capstone_2022_Japgokbap\project\Library\PackageCache\com.unity.collab-proxy@1.15.15\Lib\Editor\PlasticSCM\unityplastic.dll
Native extension for WindowsStandalone target not found
Refreshing native plugins compatible for Editor in 0.35 ms, found 2 plugins.
Preloading 0 native plugins for Editor in 0.00 ms.
Mono: successfully reloaded assembly
- Completed reload, in  1.292 seconds
Domain Reload Profiling:
	ReloadAssembly (1293ms)
		BeginReloadAssembly (191ms)
			ExecutionOrderSort (0ms)
			DisableScriptedObjects (4ms)
			BackupInstance (0ms)
			ReleaseScriptingObjects (0ms)
			CreateAndSetChildDomain (29ms)
		EndReloadAssembly (991ms)
			LoadAssemblies (180ms)
			RebuildTransferFunctionScriptingTraits (0ms)
			SetupTypeCache (307ms)
			ReleaseScriptCaches (1ms)
			RebuildScriptCaches (57ms)
			SetupLoadedEditorAssemblies (386ms)
				LogAssemblyErrors (0ms)
				InitializePlatformSupportModulesInManaged (4ms)
				SetLoadedEditorAssemblies (0ms)
				RefreshPlugins (0ms)
				BeforeProcessingInitializeOnLoad (104ms)
				ProcessInitializeOnLoadAttributes (248ms)
				ProcessInitializeOnLoadMethodAttributes (9ms)
				AfterProcessingInitializeOnLoad (21ms)
				EditorAssembliesLoaded (0ms)
			ExecutionOrderSort2 (0ms)
			AwakeInstancesAfterBackupRestoration (7ms)
Platform modules already initialized, skipping
Refreshing native plugins compatible for Editor in 0.34 ms, found 2 plugins.
Preloading 0 native plugins for Editor in 0.00 ms.
Unloading 1675 Unused Serialized files (Serialized files now loaded: 0)
System memory in use before: 104.4 MB.
System memory in use after: 104.5 MB.

Unloading 13 unused Assets to reduce memory usage. Loaded Objects now: 2201.
Total: 2.498900 ms (FindLiveObjects: 0.124400 ms CreateObjectMapping: 0.051100 ms MarkObjects: 2.264300 ms  DeleteObjects: 0.058500 ms)

AssetImportParameters requested are different than current active one (requested -> active):
  custom:framework-win-MediaFoundation: 216162199b28c13a410421893ffa2e32 -> 
  custom:video-decoder-ogg-theora: a1e56fd34408186e4bbccfd4996cb3dc -> 
  custom:container-muxer-webm: aa71ff27fc2769a1b78a27578f13a17b -> 
  custom:container-demuxer-webm: 4f35f7cbe854078d1ac9338744f61a02 -> 
  custom:container-demuxer-ogg: 62fdf1f143b41e24485cea50d1cbac27 -> 
  custom:video-encoder-webm-vp8: eb34c28f22e8b96e1ab97ce403110664 -> 
  custom:video-decoder-webm-vp8: 9c59270c3fd7afecdb556c50c9e8de78 -> 
  custom:audio-decoder-ogg-vorbis: bf7c407c2cedff20999df2af8eb42d56 -> 
  custom:audio-encoder-webm-vorbis: bf7c407c2cedff20999df2af8eb42d56 -> 
========================================================================
Received Import Request.
  Time since last request: 282.130775 seconds.
  path: Assets/Scenes/LoadingScene.unity
  artifactKey: Guid(2353e3d164381b843b1d67c0e02aa0eb) Importer(815301076,1909f56bfc062723c751e8b465ee728b)
Start importing Assets/Scenes/LoadingScene.unity using Guid(2353e3d164381b843b1d67c0e02aa0eb) Importer(815301076,1909f56bfc062723c751e8b465ee728b)  -> (artifact id: 'a4fbb2732ebc9fbc43ea586315985034') in 0.007106 seconds 
========================================================================
Received Prepare
Registering precompiled user dll's ...
Registered in 0.006756 seconds.
Begin MonoManager ReloadAssembly
Symbol file LoadedFromMemory doesn't match image C:\Users\Game\Desktop\gitdes\Capstone_2022_Japgokbap\project\Library\PackageCache\com.unity.collab-proxy@1.15.15\Lib\Editor\PlasticSCM\unityplastic.dll
Native extension for WindowsStandalone target not found
Refreshing native plugins compatible for Editor in 0.35 ms, found 2 plugins.
Preloading 0 native plugins for Editor in 0.00 ms.
Mono: successfully reloaded assembly
- Completed reload, in  1.204 seconds
Domain Reload Profiling:
	ReloadAssembly (1204ms)
		BeginReloadAssembly (218ms)
			ExecutionOrderSort (0ms)
			DisableScriptedObjects (4ms)
			BackupInstance (0ms)
			ReleaseScriptingObjects (0ms)
			CreateAndSetChildDomain (27ms)
		EndReloadAssembly (888ms)
			LoadAssemblies (213ms)
			RebuildTransferFunctionScriptingTraits (0ms)
			SetupTypeCache (248ms)
			ReleaseScriptCaches (1ms)
			RebuildScriptCaches (32ms)
			SetupLoadedEditorAssemblies (398ms)
				LogAssemblyErrors (0ms)
				InitializePlatformSupportModulesInManaged (5ms)
				SetLoadedEditorAssemblies (0ms)
				RefreshPlugins (0ms)
				BeforeProcessingInitializeOnLoad (128ms)
				ProcessInitializeOnLoadAttributes (234ms)
				ProcessInitializeOnLoadMethodAttributes (9ms)
				AfterProcessingInitializeOnLoad (21ms)
				EditorAssembliesLoaded (0ms)
			ExecutionOrderSort2 (0ms)
			AwakeInstancesAfterBackupRestoration (7ms)
Platform modules already initialized, skipping
Refreshing native plugins compatible for Editor in 0.34 ms, found 2 plugins.
Preloading 0 native plugins for Editor in 0.00 ms.
Unloading 1675 Unused Serialized files (Serialized files now loaded: 0)
System memory in use before: 104.4 MB.
System memory in use after: 104.5 MB.

Unloading 13 unused Assets to reduce memory usage. Loaded Objects now: 2205.
Total: 2.358900 ms (FindLiveObjects: 0.126600 ms CreateObjectMapping: 0.053000 ms MarkObjects: 2.122700 ms  DeleteObjects: 0.055800 ms)

AssetImportParameters requested are different than current active one (requested -> active):
  custom:framework-win-MediaFoundation: 216162199b28c13a410421893ffa2e32 -> 
  custom:video-decoder-ogg-theora: a1e56fd34408186e4bbccfd4996cb3dc -> 
  custom:container-muxer-webm: aa71ff27fc2769a1b78a27578f13a17b -> 
  custom:container-demuxer-webm: 4f35f7cbe854078d1ac9338744f61a02 -> 
  custom:container-demuxer-ogg: 62fdf1f143b41e24485cea50d1cbac27 -> 
  custom:video-encoder-webm-vp8: eb34c28f22e8b96e1ab97ce403110664 -> 
  custom:video-decoder-webm-vp8: 9c59270c3fd7afecdb556c50c9e8de78 -> 
  custom:audio-decoder-ogg-vorbis: bf7c407c2cedff20999df2af8eb42d56 -> 
  custom:audio-encoder-webm-vorbis: bf7c407c2cedff20999df2af8eb42d56 -> 
========================================================================
Received Import Request.
  Time since last request: 117.422673 seconds.
  path: Assets/Scenes/LobbyScene.unity
  artifactKey: Guid(7733889ae8585034c86cf3a7c183a30c) Importer(815301076,1909f56bfc062723c751e8b465ee728b)
Start importing Assets/Scenes/LobbyScene.unity using Guid(7733889ae8585034c86cf3a7c183a30c) Importer(815301076,1909f56bfc062723c751e8b465ee728b)  -> (artifact id: '0f6b1d10674e60bb2f2fb6a1e94f5d05') in 0.005979 seconds 
========================================================================
Received Prepare
Registering precompiled user dll's ...
Registered in 0.016780 seconds.
Begin MonoManager ReloadAssembly
Symbol file LoadedFromMemory doesn't match image C:\Users\Game\Desktop\gitdes\Capstone_2022_Japgokbap\project\Library\PackageCache\com.unity.collab-proxy@1.15.15\Lib\Editor\PlasticSCM\unityplastic.dll
Native extension for WindowsStandalone target not found
Refreshing native plugins compatible for Editor in 0.34 ms, found 2 plugins.
Preloading 0 native plugins for Editor in 0.00 ms.
Mono: successfully reloaded assembly
- Completed reload, in  1.214 seconds
Domain Reload Profiling:
	ReloadAssembly (1215ms)
		BeginReloadAssembly (164ms)
			ExecutionOrderSort (0ms)
			DisableScriptedObjects (7ms)
			BackupInstance (0ms)
			ReleaseScriptingObjects (0ms)
			CreateAndSetChildDomain (28ms)
		EndReloadAssembly (972ms)
			LoadAssemblies (197ms)
			RebuildTransferFunctionScriptingTraits (0ms)
			SetupTypeCache (269ms)
			ReleaseScriptCaches (1ms)
			RebuildScriptCaches (34ms)
			SetupLoadedEditorAssemblies (379ms)
				LogAssemblyErrors (0ms)
				InitializePlatformSupportModulesInManaged (4ms)
				SetLoadedEditorAssemblies (0ms)
				RefreshPlugins (0ms)
				BeforeProcessingInitializeOnLoad (104ms)
				ProcessInitializeOnLoadAttributes (239ms)
				ProcessInitializeOnLoadMethodAttributes (9ms)
				AfterProcessingInitializeOnLoad (21ms)
				EditorAssembliesLoaded (0ms)
			ExecutionOrderSort2 (0ms)
			AwakeInstancesAfterBackupRestoration (12ms)
Platform modules already initialized, skipping
Refreshing native plugins compatible for Editor in 0.34 ms, found 2 plugins.
Preloading 0 native plugins for Editor in 0.00 ms.
Unloading 1675 Unused Serialized files (Serialized files now loaded: 0)
System memory in use before: 104.4 MB.
System memory in use after: 104.5 MB.

Unloading 13 unused Assets to reduce memory usage. Loaded Objects now: 2209.
Total: 2.321100 ms (FindLiveObjects: 0.125300 ms CreateObjectMapping: 0.054700 ms MarkObjects: 2.086300 ms  DeleteObjects: 0.053900 ms)

AssetImportParameters requested are different than current active one (requested -> active):
  custom:framework-win-MediaFoundation: 216162199b28c13a410421893ffa2e32 -> 
  custom:video-decoder-ogg-theora: a1e56fd34408186e4bbccfd4996cb3dc -> 
  custom:container-muxer-webm: aa71ff27fc2769a1b78a27578f13a17b -> 
  custom:container-demuxer-webm: 4f35f7cbe854078d1ac9338744f61a02 -> 
  custom:container-demuxer-ogg: 62fdf1f143b41e24485cea50d1cbac27 -> 
  custom:video-encoder-webm-vp8: eb34c28f22e8b96e1ab97ce403110664 -> 
  custom:video-decoder-webm-vp8: 9c59270c3fd7afecdb556c50c9e8de78 -> 
  custom:audio-decoder-ogg-vorbis: bf7c407c2cedff20999df2af8eb42d56 -> 
  custom:audio-encoder-webm-vorbis: bf7c407c2cedff20999df2af8eb42d56 -> 
========================================================================
Received Import Request.
  Time since last request: 2131.048712 seconds.
  path: Assets/Scenes/SpawnTestScene.unity
  artifactKey: Guid(ee446ca4ba44da749bdb3e681fac08be) Importer(815301076,1909f56bfc062723c751e8b465ee728b)
Start importing Assets/Scenes/SpawnTestScene.unity using Guid(ee446ca4ba44da749bdb3e681fac08be) Importer(815301076,1909f56bfc062723c751e8b465ee728b)  -> (artifact id: '9ec850fe10129ddc2bed3557b6eae844') in 0.008037 seconds 
========================================================================
Received Prepare
Registering precompiled user dll's ...
Registered in 0.006805 seconds.
Begin MonoManager ReloadAssembly
Symbol file LoadedFromMemory doesn't match image C:\Users\Game\Desktop\gitdes\Capstone_2022_Japgokbap\project\Library\PackageCache\com.unity.collab-proxy@1.15.15\Lib\Editor\PlasticSCM\unityplastic.dll
Native extension for WindowsStandalone target not found
Refreshing native plugins compatible for Editor in 0.34 ms, found 2 plugins.
Preloading 0 native plugins for Editor in 0.00 ms.
Mono: successfully reloaded assembly
- Completed reload, in  1.775 seconds
Domain Reload Profiling:
	ReloadAssembly (1775ms)
		BeginReloadAssembly (159ms)
			ExecutionOrderSort (0ms)
			DisableScriptedObjects (4ms)
			BackupInstance (0ms)
			ReleaseScriptingObjects (0ms)
			CreateAndSetChildDomain (30ms)
		EndReloadAssembly (1480ms)
			LoadAssemblies (214ms)
			RebuildTransferFunctionScriptingTraits (0ms)
			SetupTypeCache (425ms)
			ReleaseScriptCaches (3ms)
			RebuildScriptCaches (144ms)
			SetupLoadedEditorAssemblies (490ms)
				LogAssemblyErrors (0ms)
				InitializePlatformSupportModulesInManaged (4ms)
				SetLoadedEditorAssemblies (0ms)
				RefreshPlugins (0ms)
				BeforeProcessingInitializeOnLoad (119ms)
				ProcessInitializeOnLoadAttributes (335ms)
				ProcessInitializeOnLoadMethodAttributes (9ms)
				AfterProcessingInitializeOnLoad (21ms)
				EditorAssembliesLoaded (0ms)
			ExecutionOrderSort2 (0ms)
			AwakeInstancesAfterBackupRestoration (7ms)
Platform modules already initialized, skipping
Refreshing native plugins compatible for Editor in 0.34 ms, found 2 plugins.
Preloading 0 native plugins for Editor in 0.00 ms.
Unloading 1675 Unused Serialized files (Serialized files now loaded: 0)
System memory in use before: 104.4 MB.
System memory in use after: 104.5 MB.

Unloading 13 unused Assets to reduce memory usage. Loaded Objects now: 2213.
Total: 2.305600 ms (FindLiveObjects: 0.125200 ms CreateObjectMapping: 0.053300 ms MarkObjects: 2.068400 ms  DeleteObjects: 0.057900 ms)

AssetImportParameters requested are different than current active one (requested -> active):
  custom:framework-win-MediaFoundation: 216162199b28c13a410421893ffa2e32 -> 
  custom:video-decoder-ogg-theora: a1e56fd34408186e4bbccfd4996cb3dc -> 
  custom:container-muxer-webm: aa71ff27fc2769a1b78a27578f13a17b -> 
  custom:container-demuxer-webm: 4f35f7cbe854078d1ac9338744f61a02 -> 
  custom:container-demuxer-ogg: 62fdf1f143b41e24485cea50d1cbac27 -> 
  custom:video-encoder-webm-vp8: eb34c28f22e8b96e1ab97ce403110664 -> 
  custom:video-decoder-webm-vp8: 9c59270c3fd7afecdb556c50c9e8de78 -> 
  custom:audio-decoder-ogg-vorbis: bf7c407c2cedff20999df2af8eb42d56 -> 
  custom:audio-encoder-webm-vorbis: bf7c407c2cedff20999df2af8eb42d56 -> 
========================================================================
Received Import Request.
  Time since last request: 37.924302 seconds.
  path: Assets/Unit/Skeletons/meterials
  artifactKey: Guid(4564b8c9bc35a1f46983f1a3ad16cdac) Importer(815301076,1909f56bfc062723c751e8b465ee728b)
Start importing Assets/Unit/Skeletons/meterials using Guid(4564b8c9bc35a1f46983f1a3ad16cdac) Importer(815301076,1909f56bfc062723c751e8b465ee728b)  -> (artifact id: '597b7f7f337fe8ff57244fa2346da32d') in 0.006775 seconds 
========================================================================
Received Import Request.
  Time since last request: 2.920490 seconds.
  path: Assets/Unit/Skeletons/skeleton_asset/skeleton_animation
  artifactKey: Guid(d1b0f0b0bd8383a4d8c6d49ed227df7e) Importer(815301076,1909f56bfc062723c751e8b465ee728b)
Start importing Assets/Unit/Skeletons/skeleton_asset/skeleton_animation using Guid(d1b0f0b0bd8383a4d8c6d49ed227df7e) Importer(815301076,1909f56bfc062723c751e8b465ee728b)  -> (artifact id: 'f62029e1add75ebafeec2d344cbf379e') in 0.006625 seconds 
========================================================================
Received Import Request.
  Time since last request: 16.928553 seconds.
  path: Assets/Unit/Skeletons/Skeleton1.controller
  artifactKey: Guid(b17a7794d81c8a14685122a10ff5b3eb) Importer(815301076,1909f56bfc062723c751e8b465ee728b)
Start importing Assets/Unit/Skeletons/Skeleton1.controller using Guid(b17a7794d81c8a14685122a10ff5b3eb) Importer(815301076,1909f56bfc062723c751e8b465ee728b)  -> (artifact id: '57de8a6f3ce1f63e2d3b68b58cc397db') in 0.105203 seconds 
========================================================================
Received Import Request.
  Time since last request: 6.387996 seconds.
  path: Assets/Unit/Skeletons/NewBehaviourScript.cs
  artifactKey: Guid(834ae02d6d6a2444da5007e94863a75b) Importer(815301076,1909f56bfc062723c751e8b465ee728b)
Start importing Assets/Unit/Skeletons/NewBehaviourScript.cs using Guid(834ae02d6d6a2444da5007e94863a75b) Importer(815301076,1909f56bfc062723c751e8b465ee728b)  -> (artifact id: 'cd82fcf20ac276711037ef89142108b4') in 0.005508 seconds 
========================================================================
Received Prepare
Registering precompiled user dll's ...
Registered in 0.007239 seconds.
Begin MonoManager ReloadAssembly
Symbol file LoadedFromMemory doesn't match image C:\Users\Game\Desktop\gitdes\Capstone_2022_Japgokbap\project\Library\PackageCache\com.unity.collab-proxy@1.15.15\Lib\Editor\PlasticSCM\unityplastic.dll
Native extension for WindowsStandalone target not found
Refreshing native plugins compatible for Editor in 0.40 ms, found 2 plugins.
Preloading 0 native plugins for Editor in 0.00 ms.
Mono: successfully reloaded assembly
- Completed reload, in  1.581 seconds
Domain Reload Profiling:
	ReloadAssembly (1582ms)
		BeginReloadAssembly (157ms)
			ExecutionOrderSort (0ms)
			DisableScriptedObjects (4ms)
			BackupInstance (0ms)
			ReleaseScriptingObjects (0ms)
			CreateAndSetChildDomain (29ms)
		EndReloadAssembly (1325ms)
			LoadAssemblies (216ms)
			RebuildTransferFunctionScriptingTraits (0ms)
			SetupTypeCache (339ms)
			ReleaseScriptCaches (1ms)
			RebuildScriptCaches (45ms)
			SetupLoadedEditorAssemblies (599ms)
				LogAssemblyErrors (0ms)
				InitializePlatformSupportModulesInManaged (6ms)
				SetLoadedEditorAssemblies (1ms)
				RefreshPlugins (0ms)
				BeforeProcessingInitializeOnLoad (151ms)
				ProcessInitializeOnLoadAttributes (371ms)
				ProcessInitializeOnLoadMethodAttributes (20ms)
				AfterProcessingInitializeOnLoad (50ms)
				EditorAssembliesLoaded (1ms)
			ExecutionOrderSort2 (0ms)
			AwakeInstancesAfterBackupRestoration (17ms)
Platform modules already initialized, skipping
Refreshing native plugins compatible for Editor in 0.34 ms, found 2 plugins.
Preloading 0 native plugins for Editor in 0.00 ms.
Unloading 1675 Unused Serialized files (Serialized files now loaded: 0)
System memory in use before: 104.4 MB.
System memory in use after: 104.5 MB.

Unloading 13 unused Assets to reduce memory usage. Loaded Objects now: 2217.
Total: 2.376300 ms (FindLiveObjects: 0.127200 ms CreateObjectMapping: 0.055000 ms MarkObjects: 2.138200 ms  DeleteObjects: 0.055300 ms)

AssetImportParameters requested are different than current active one (requested -> active):
  custom:framework-win-MediaFoundation: 216162199b28c13a410421893ffa2e32 -> 
  custom:video-decoder-ogg-theora: a1e56fd34408186e4bbccfd4996cb3dc -> 
  custom:container-muxer-webm: aa71ff27fc2769a1b78a27578f13a17b -> 
  custom:container-demuxer-webm: 4f35f7cbe854078d1ac9338744f61a02 -> 
  custom:container-demuxer-ogg: 62fdf1f143b41e24485cea50d1cbac27 -> 
  custom:video-encoder-webm-vp8: eb34c28f22e8b96e1ab97ce403110664 -> 
  custom:video-decoder-webm-vp8: 9c59270c3fd7afecdb556c50c9e8de78 -> 
  custom:audio-decoder-ogg-vorbis: bf7c407c2cedff20999df2af8eb42d56 -> 
  custom:audio-encoder-webm-vorbis: bf7c407c2cedff20999df2af8eb42d56 -> 
========================================================================
Received Import Request.
  Time since last request: 12.342774 seconds.
  path: Assets/Unit/Skeletons/Controller
  artifactKey: Guid(ee74799b28de0e74a9376f7527cc60f5) Importer(815301076,1909f56bfc062723c751e8b465ee728b)
Start importing Assets/Unit/Skeletons/Controller using Guid(ee74799b28de0e74a9376f7527cc60f5) Importer(815301076,1909f56bfc062723c751e8b465ee728b)  -> (artifact id: '764b2e17cca8cbcb81cfb9a3a276d9bd') in 0.006761 seconds 
========================================================================
Received Import Request.
  Time since last request: 4.156082 seconds.
  path: Assets/Unit/Skeletons/Controller/Skeleton1.controller
  artifactKey: Guid(b17a7794d81c8a14685122a10ff5b3eb) Importer(815301076,1909f56bfc062723c751e8b465ee728b)
Start importing Assets/Unit/Skeletons/Controller/Skeleton1.controller using Guid(b17a7794d81c8a14685122a10ff5b3eb) Importer(815301076,1909f56bfc062723c751e8b465ee728b)  -> (artifact id: 'c4ce3e521449ba47a8984a8a662e81eb') in 0.015776 seconds 
========================================================================
Received Import Request.
  Time since last request: 1.165961 seconds.
  path: Assets/Unit/Skeletons/Controller/Skeleton1 1.controller
  artifactKey: Guid(2cd97e430a3d096428ed4824bd18e2f4) Importer(815301076,1909f56bfc062723c751e8b465ee728b)
Start importing Assets/Unit/Skeletons/Controller/Skeleton1 1.controller using Guid(2cd97e430a3d096428ed4824bd18e2f4) Importer(815301076,1909f56bfc062723c751e8b465ee728b)  -> (artifact id: '4fc74e7e70765fb401c1911c3959a0ce') in 0.006110 seconds 
========================================================================
Received Import Request.
  Time since last request: 2.481430 seconds.
  path: Assets/Unit/Skeletons/Controller/Skeleton2.controller
  artifactKey: Guid(2cd97e430a3d096428ed4824bd18e2f4) Importer(815301076,1909f56bfc062723c751e8b465ee728b)
Start importing Assets/Unit/Skeletons/Controller/Skeleton2.controller using Guid(2cd97e430a3d096428ed4824bd18e2f4) Importer(815301076,1909f56bfc062723c751e8b465ee728b)  -> (artifact id: '3939de0eefff2a8948de8d27a4a63ffa') in 0.005541 seconds 
========================================================================
Received Import Request.
  Time since last request: 2.573284 seconds.
  path: Assets/Unit/Skeletons/Controller/Skeleton2 1.controller
  artifactKey: Guid(882ab105aa81405429160d3b58b2b996) Importer(815301076,1909f56bfc062723c751e8b465ee728b)
Start importing Assets/Unit/Skeletons/Controller/Skeleton2 1.controller using Guid(882ab105aa81405429160d3b58b2b996) Importer(815301076,1909f56bfc062723c751e8b465ee728b)  -> (artifact id: '68eacab8211becc42b04c446fa1e78df') in 0.007217 seconds 
========================================================================
Received Import Request.
  Time since last request: 1.516286 seconds.
  path: Assets/Unit/Skeletons/Controller/Skeleton3.controller
  artifactKey: Guid(882ab105aa81405429160d3b58b2b996) Importer(815301076,1909f56bfc062723c751e8b465ee728b)
Start importing Assets/Unit/Skeletons/Controller/Skeleton3.controller using Guid(882ab105aa81405429160d3b58b2b996) Importer(815301076,1909f56bfc062723c751e8b465ee728b)  -> (artifact id: 'ea987a60814a0c5f3f023dd8df071c53') in 0.006333 seconds 
========================================================================
Received Import Request.
  Time since last request: 1.055123 seconds.
  path: Assets/Unit/Skeletons/Controller/Skeleton2 2.controller
  artifactKey: Guid(8fc33559437b6954d98515a55cd8e17c) Importer(815301076,1909f56bfc062723c751e8b465ee728b)
Start importing Assets/Unit/Skeletons/Controller/Skeleton2 2.controller using Guid(8fc33559437b6954d98515a55cd8e17c) Importer(815301076,1909f56bfc062723c751e8b465ee728b)  -> (artifact id: 'b9393b631a6a5ade8d49f90542b1310a') in 0.006661 seconds 
========================================================================
Received Import Request.
  Time since last request: 1.501964 seconds.
  path: Assets/Unit/Skeletons/Controller/Skeleton4.controller
  artifactKey: Guid(8fc33559437b6954d98515a55cd8e17c) Importer(815301076,1909f56bfc062723c751e8b465ee728b)
Start importing Assets/Unit/Skeletons/Controller/Skeleton4.controller using Guid(8fc33559437b6954d98515a55cd8e17c) Importer(815301076,1909f56bfc062723c751e8b465ee728b)  -> (artifact id: '36e2fd93eb05182b61c3367ea92dac80') in 0.005781 seconds 
========================================================================
Received Import Request.
  Time since last request: 2.583553 seconds.
  path: Assets/Unit/Skeletons/Controller/Skeleton4 1.controller
  artifactKey: Guid(cae684442edb32c46a33146278dc7df4) Importer(815301076,1909f56bfc062723c751e8b465ee728b)
Start importing Assets/Unit/Skeletons/Controller/Skeleton4 1.controller using Guid(cae684442edb32c46a33146278dc7df4) Importer(815301076,1909f56bfc062723c751e8b465ee728b)  -> (artifact id: '963004406e1a94432c907ce412555a2a') in 0.006281 seconds 
========================================================================
Received Import Request.
  Time since last request: 1.630268 seconds.
  path: Assets/Unit/Skeletons/Controller/Skeleton5.controller
  artifactKey: Guid(cae684442edb32c46a33146278dc7df4) Importer(815301076,1909f56bfc062723c751e8b465ee728b)
Start importing Assets/Unit/Skeletons/Controller/Skeleton5.controller using Guid(cae684442edb32c46a33146278dc7df4) Importer(815301076,1909f56bfc062723c751e8b465ee728b)  -> (artifact id: 'cab357ca4161e1d31d74f9c6ee54555a') in 0.006076 seconds 
========================================================================
Received Import Request.
  Time since last request: 10.499047 seconds.
  path: Assets/Unit/Skeletons/skeleton_asset/skeleton_animation/skelton.controller
  artifactKey: Guid(02c959640e3313444b4ed7c3ead6a6af) Importer(815301076,1909f56bfc062723c751e8b465ee728b)
Start importing Assets/Unit/Skeletons/skeleton_asset/skeleton_animation/skelton.controller using Guid(02c959640e3313444b4ed7c3ead6a6af) Importer(815301076,1909f56bfc062723c751e8b465ee728b)  -> (artifact id: '21bbc65dbf126144f7af6a9b319effe1') in 0.007436 seconds 
========================================================================
Received Import Request.
  Time since last request: 32.074621 seconds.
  path: Assets/Unit/Skeletons/Skeleton1.prefab
  artifactKey: Guid(f966031d9aaa6f54e946d15294b48e18) Importer(815301076,1909f56bfc062723c751e8b465ee728b)
Start importing Assets/Unit/Skeletons/Skeleton1.prefab using Guid(f966031d9aaa6f54e946d15294b48e18) Importer(815301076,1909f56bfc062723c751e8b465ee728b)  -> (artifact id: 'c73af19ff1cd9cfdbcd45eb21b9f79d2') in 0.095550 seconds 
========================================================================
Received Import Request.
  Time since last request: 5.826355 seconds.
  path: Assets/Unit/Skeletons/Skeleton1.prefab
  artifactKey: Guid(f966031d9aaa6f54e946d15294b48e18) Importer(815301076,1909f56bfc062723c751e8b465ee728b)
Start importing Assets/Unit/Skeletons/Skeleton1.prefab using Guid(f966031d9aaa6f54e946d15294b48e18) Importer(815301076,1909f56bfc062723c751e8b465ee728b)  -> (artifact id: '299bdb0c17d609653d933e4f06c88dec') in 0.027270 seconds 
========================================================================
Received Import Request.
  Time since last request: 21.033528 seconds.
  path: Assets/Unit/Skeletons/Skeleton2.prefab
  artifactKey: Guid(493bef09536156c4098f060fb48e35de) Importer(815301076,1909f56bfc062723c751e8b465ee728b)
Start importing Assets/Unit/Skeletons/Skeleton2.prefab using Guid(493bef09536156c4098f060fb48e35de) Importer(815301076,1909f56bfc062723c751e8b465ee728b)  -> (artifact id: '6854478a6462d6ae77bf31efbb3927b4') in 0.034903 seconds 
========================================================================
Received Import Request.
  Time since last request: 6.641045 seconds.
  path: Assets/Unit/Skeletons/Skeleton3.prefab
  artifactKey: Guid(b76dfcab8424d25449f82dcbedc315d0) Importer(815301076,1909f56bfc062723c751e8b465ee728b)
Start importing Assets/Unit/Skeletons/Skeleton3.prefab using Guid(b76dfcab8424d25449f82dcbedc315d0) Importer(815301076,1909f56bfc062723c751e8b465ee728b)  -> (artifact id: 'e8f5f84f607a6738f377922243ccc4de') in 0.044230 seconds 
========================================================================
Received Import Request.
  Time since last request: 6.526594 seconds.
  path: Assets/Unit/Skeletons/Skeleton4.prefab
  artifactKey: Guid(ceb82173a6538e745964d5c23f170081) Importer(815301076,1909f56bfc062723c751e8b465ee728b)
Start importing Assets/Unit/Skeletons/Skeleton4.prefab using Guid(ceb82173a6538e745964d5c23f170081) Importer(815301076,1909f56bfc062723c751e8b465ee728b)  -> (artifact id: 'afeb094609f111fdde5be95a23a7bedb') in 0.052059 seconds 
========================================================================
Received Import Request.
  Time since last request: 6.386545 seconds.
  path: Assets/Unit/Skeletons/Controller/s_Skeleton.controller
  artifactKey: Guid(cae684442edb32c46a33146278dc7df4) Importer(815301076,1909f56bfc062723c751e8b465ee728b)
Start importing Assets/Unit/Skeletons/Controller/s_Skeleton.controller using Guid(cae684442edb32c46a33146278dc7df4) Importer(815301076,1909f56bfc062723c751e8b465ee728b)  -> (artifact id: 'f6602e534a8398e6ed554342fe60eeaa') in 0.005644 seconds 
========================================================================
Received Import Request.
  Time since last request: 15.685585 seconds.
  path: Assets/Unit/Skeletons/s_Skeleton.prefab
  artifactKey: Guid(d413e9966ba7d9a429411afc7d7491b1) Importer(815301076,1909f56bfc062723c751e8b465ee728b)
Start importing Assets/Unit/Skeletons/s_Skeleton.prefab using Guid(d413e9966ba7d9a429411afc7d7491b1) Importer(815301076,1909f56bfc062723c751e8b465ee728b)  -> (artifact id: 'c83605bdedb9fdb5f85172864b3a0bad') in 0.069468 seconds 
========================================================================
Received Import Request.
  Time since last request: 183.535949 seconds.
  path: Assets/Unit/Skeletons/skeleton_asset/3skel
  artifactKey: Guid(82863de778dd9ef4da982e04846c9c8a) Importer(815301076,1909f56bfc062723c751e8b465ee728b)
Start importing Assets/Unit/Skeletons/skeleton_asset/3skel using Guid(82863de778dd9ef4da982e04846c9c8a) Importer(815301076,1909f56bfc062723c751e8b465ee728b)  -> (artifact id: 'fdf5e6e6aa40350bf457253f8ce619bb') in 0.014677 seconds 
========================================================================
Received Import Request.
  Time since last request: 1.267395 seconds.
  path: Assets/Unit/Skeletons/skeleton_asset/3skel/New Folder
  artifactKey: Guid(504fd85fec93d774e9501e8eb21fc6c4) Importer(815301076,1909f56bfc062723c751e8b465ee728b)
Start importing Assets/Unit/Skeletons/skeleton_asset/3skel/New Folder using Guid(504fd85fec93d774e9501e8eb21fc6c4) Importer(815301076,1909f56bfc062723c751e8b465ee728b)  -> (artifact id: 'f51846478c102c037bdac46aafe68d5a') in 0.011460 seconds 
========================================================================
Received Import Request.
  Time since last request: 2.445458 seconds.
  path: Assets/Unit/Skeletons/skeleton_asset/sk mat
  artifactKey: Guid(3e957af1a46b89640bda044978b01600) Importer(815301076,1909f56bfc062723c751e8b465ee728b)
Start importing Assets/Unit/Skeletons/skeleton_asset/sk mat using Guid(3e957af1a46b89640bda044978b01600) Importer(815301076,1909f56bfc062723c751e8b465ee728b)  -> (artifact id: '702f81aa081e683b5bdd3eb80fc5891e') in 0.011181 seconds 
========================================================================
Received Import Request.
  Time since last request: 9.519212 seconds.
  path: Assets/Unit/Skeletons/weapon/1skel_asset
  artifactKey: Guid(beec69ac72b351445958af661b419862) Importer(815301076,1909f56bfc062723c751e8b465ee728b)
Start importing Assets/Unit/Skeletons/weapon/1skel_asset using Guid(beec69ac72b351445958af661b419862) Importer(815301076,1909f56bfc062723c751e8b465ee728b)  -> (artifact id: '753c73755d1ea207556ad2b7c59a894a') in 0.009927 seconds 
========================================================================
Received Import Request.
  Time since last request: 0.289974 seconds.
  path: Assets/Unit/Skeletons/weapon/2skel_asset
  artifactKey: Guid(8ed4f29e9f3990f498e4994dc758c6aa) Importer(815301076,1909f56bfc062723c751e8b465ee728b)
Start importing Assets/Unit/Skeletons/weapon/2skel_asset using Guid(8ed4f29e9f3990f498e4994dc758c6aa) Importer(815301076,1909f56bfc062723c751e8b465ee728b)  -> (artifact id: '069a632a7c352cc9cde592d375633de6') in 0.012415 seconds 
========================================================================
Received Import Request.
  Time since last request: 1.945953 seconds.
  path: Assets/Unit/Skeletons/weapon/2skel_asset/helmet
  artifactKey: Guid(01a2a36b25cdaa049be0ea4c4fb7594b) Importer(815301076,1909f56bfc062723c751e8b465ee728b)
Start importing Assets/Unit/Skeletons/weapon/2skel_asset/helmet using Guid(01a2a36b25cdaa049be0ea4c4fb7594b) Importer(815301076,1909f56bfc062723c751e8b465ee728b)  -> (artifact id: 'bd1697478eb6f19eeb5ac6fa12cdd83c') in 0.005329 seconds 
========================================================================
Received Import Request.
  Time since last request: 120.492348 seconds.
  path: Assets/Unit/Skeletons/skeleton_asset/3skel/New Folder 1
  artifactKey: Guid(47c0ade0f43f4664facf470dff33a317) Importer(815301076,1909f56bfc062723c751e8b465ee728b)
Start importing Assets/Unit/Skeletons/skeleton_asset/3skel/New Folder 1 using Guid(47c0ade0f43f4664facf470dff33a317) Importer(815301076,1909f56bfc062723c751e8b465ee728b)  -> (artifact id: '79f4acd1864cc10cc1e7fca0b6d63d27') in 0.006000 seconds 
========================================================================
Received Import Request.
  Time since last request: 1.441699 seconds.
  path: Assets/Unit/Skeletons/skeleton_asset/3skel/New Folder 2
  artifactKey: Guid(4d14462907dbb094a828511be773f1c2) Importer(815301076,1909f56bfc062723c751e8b465ee728b)
Start importing Assets/Unit/Skeletons/skeleton_asset/3skel/New Folder 2 using Guid(4d14462907dbb094a828511be773f1c2) Importer(815301076,1909f56bfc062723c751e8b465ee728b)  -> (artifact id: 'dc78f490333b85f098148a0c8bc9288e') in 0.005874 seconds 
========================================================================
Received Import Request.
  Time since last request: 55.374162 seconds.
  path: Assets/Unit/Skeletons/animation
  artifactKey: Guid(e6f578f788e7b6a4a8e06a7e81f3b9e5) Importer(815301076,1909f56bfc062723c751e8b465ee728b)
Start importing Assets/Unit/Skeletons/animation using Guid(e6f578f788e7b6a4a8e06a7e81f3b9e5) Importer(815301076,1909f56bfc062723c751e8b465ee728b)  -> (artifact id: '28e78ecb2532c23865f20ef697f49a1f') in 0.004984 seconds 
========================================================================
Received Import Request.
  Time since last request: 7.867545 seconds.
  path: Assets/Unit/Skeletons/animation/walk1.fbx
  artifactKey: Guid(5a4324e6319037d4c958de7a99bccb7f) Importer(815301076,1909f56bfc062723c751e8b465ee728b)
Start importing Assets/Unit/Skeletons/animation/walk1.fbx using Guid(5a4324e6319037d4c958de7a99bccb7f) Importer(815301076,1909f56bfc062723c751e8b465ee728b)  -> (artifact id: '3c1b1d8ddd055539a5fa5348d47acfbf') in 0.074307 seconds 
========================================================================
Received Import Request.
  Time since last request: 230.202741 seconds.
  path: Assets/Unit/Skeletons/animation/skeleton_base@Walking.fbx
  artifactKey: Guid(6cce9e6b071ec3946972bd414d567549) Importer(815301076,1909f56bfc062723c751e8b465ee728b)
Start importing Assets/Unit/Skeletons/animation/skeleton_base@Walking.fbx using Guid(6cce9e6b071ec3946972bd414d567549) Importer(815301076,1909f56bfc062723c751e8b465ee728b)  -> (artifact id: '96bab1931379aba5ec196437b785f4c8') in 0.012566 seconds 
========================================================================
Received Import Request.
  Time since last request: 2.469957 seconds.
  path: Assets/Unit/Skeletons/animation/walk2.fbx
  artifactKey: Guid(6cce9e6b071ec3946972bd414d567549) Importer(815301076,1909f56bfc062723c751e8b465ee728b)
Start importing Assets/Unit/Skeletons/animation/walk2.fbx using Guid(6cce9e6b071ec3946972bd414d567549) Importer(815301076,1909f56bfc062723c751e8b465ee728b)  -> (artifact id: 'e74bcd7b355c66f59edd4df96cc17bd2') in 0.011235 seconds 
========================================================================
Received Import Request.
  Time since last request: 44.982655 seconds.
  path: Assets/Unit/Skeletons/animation/walk2.fbx
  artifactKey: Guid(6cce9e6b071ec3946972bd414d567549) Importer(815301076,1909f56bfc062723c751e8b465ee728b)
Start importing Assets/Unit/Skeletons/animation/walk2.fbx using Guid(6cce9e6b071ec3946972bd414d567549) Importer(815301076,1909f56bfc062723c751e8b465ee728b)  -> (artifact id: 'ea4691c1fd43f8af2aed1e31245a6e2f') in 0.011524 seconds 
========================================================================
Received Import Request.
  Time since last request: 15.248270 seconds.
  path: Assets/Unit/Skeletons/animation/walk2.fbx
  artifactKey: Guid(6cce9e6b071ec3946972bd414d567549) Importer(815301076,1909f56bfc062723c751e8b465ee728b)
Start importing Assets/Unit/Skeletons/animation/walk2.fbx using Guid(6cce9e6b071ec3946972bd414d567549) Importer(815301076,1909f56bfc062723c751e8b465ee728b)  -> (artifact id: 'c2c8b2dbba8dfa7f1c50460b0113ce92') in 0.011263 seconds 
========================================================================
Received Prepare
Registering precompiled user dll's ...
Registered in 0.008546 seconds.
Begin MonoManager ReloadAssembly
Symbol file LoadedFromMemory doesn't match image C:\Users\Game\Desktop\gitdes\Capstone_2022_Japgokbap\project\Library\PackageCache\com.unity.collab-proxy@1.15.15\Lib\Editor\PlasticSCM\unityplastic.dll
Native extension for WindowsStandalone target not found
Refreshing native plugins compatible for Editor in 0.36 ms, found 2 plugins.
Preloading 0 native plugins for Editor in 0.00 ms.
Mono: successfully reloaded assembly
- Completed reload, in  1.217 seconds
Domain Reload Profiling:
	ReloadAssembly (1217ms)
		BeginReloadAssembly (175ms)
			ExecutionOrderSort (0ms)
			DisableScriptedObjects (4ms)
			BackupInstance (0ms)
			ReleaseScriptingObjects (0ms)
			CreateAndSetChildDomain (32ms)
		EndReloadAssembly (922ms)
			LoadAssemblies (176ms)
			RebuildTransferFunctionScriptingTraits (0ms)
			SetupTypeCache (267ms)
			ReleaseScriptCaches (1ms)
			RebuildScriptCaches (35ms)
			SetupLoadedEditorAssemblies (403ms)
				LogAssemblyErrors (0ms)
				InitializePlatformSupportModulesInManaged (5ms)
				SetLoadedEditorAssemblies (1ms)
				RefreshPlugins (0ms)
				BeforeProcessingInitializeOnLoad (111ms)
				ProcessInitializeOnLoadAttributes (254ms)
				ProcessInitializeOnLoadMethodAttributes (9ms)
				AfterProcessingInitializeOnLoad (22ms)
				EditorAssembliesLoaded (0ms)
			ExecutionOrderSort2 (0ms)
			AwakeInstancesAfterBackupRestoration (8ms)
Platform modules already initialized, skipping
Refreshing native plugins compatible for Editor in 0.41 ms, found 2 plugins.
Preloading 0 native plugins for Editor in 0.00 ms.
Unloading 1675 Unused Serialized files (Serialized files now loaded: 0)
System memory in use before: 107.8 MB.
System memory in use after: 107.9 MB.

Unloading 16 unused Assets to reduce memory usage. Loaded Objects now: 2228.
Total: 2.915600 ms (FindLiveObjects: 0.137900 ms CreateObjectMapping: 0.053100 ms MarkObjects: 2.620800 ms  DeleteObjects: 0.102900 ms)

AssetImportParameters requested are different than current active one (requested -> active):
  custom:framework-win-MediaFoundation: 216162199b28c13a410421893ffa2e32 -> 
  custom:video-decoder-ogg-theora: a1e56fd34408186e4bbccfd4996cb3dc -> 
  custom:container-muxer-webm: aa71ff27fc2769a1b78a27578f13a17b -> 
  custom:container-demuxer-webm: 4f35f7cbe854078d1ac9338744f61a02 -> 
  custom:container-demuxer-ogg: 62fdf1f143b41e24485cea50d1cbac27 -> 
  custom:video-encoder-webm-vp8: eb34c28f22e8b96e1ab97ce403110664 -> 
  custom:video-decoder-webm-vp8: 9c59270c3fd7afecdb556c50c9e8de78 -> 
  custom:audio-decoder-ogg-vorbis: bf7c407c2cedff20999df2af8eb42d56 -> 
  custom:audio-encoder-webm-vorbis: bf7c407c2cedff20999df2af8eb42d56 -> 
========================================================================
Received Prepare
Registering precompiled user dll's ...
Registered in 0.006922 seconds.
Begin MonoManager ReloadAssembly
Symbol file LoadedFromMemory doesn't match image C:\Users\Game\Desktop\gitdes\Capstone_2022_Japgokbap\project\Library\PackageCache\com.unity.collab-proxy@1.15.15\Lib\Editor\PlasticSCM\unityplastic.dll
Native extension for WindowsStandalone target not found
Refreshing native plugins compatible for Editor in 0.36 ms, found 2 plugins.
Preloading 0 native plugins for Editor in 0.00 ms.
Mono: successfully reloaded assembly
- Completed reload, in  1.334 seconds
Domain Reload Profiling:
	ReloadAssembly (1335ms)
		BeginReloadAssembly (296ms)
			ExecutionOrderSort (0ms)
			DisableScriptedObjects (7ms)
			BackupInstance (0ms)
			ReleaseScriptingObjects (0ms)
			CreateAndSetChildDomain (48ms)
		EndReloadAssembly (947ms)
			LoadAssemblies (244ms)
			RebuildTransferFunctionScriptingTraits (0ms)
			SetupTypeCache (270ms)
			ReleaseScriptCaches (1ms)
			RebuildScriptCaches (36ms)
			SetupLoadedEditorAssemblies (418ms)
				LogAssemblyErrors (0ms)
				InitializePlatformSupportModulesInManaged (4ms)
				SetLoadedEditorAssemblies (0ms)
				RefreshPlugins (0ms)
				BeforeProcessingInitializeOnLoad (119ms)
				ProcessInitializeOnLoadAttributes (261ms)
				ProcessInitializeOnLoadMethodAttributes (10ms)
				AfterProcessingInitializeOnLoad (23ms)
				EditorAssembliesLoaded (0ms)
			ExecutionOrderSort2 (0ms)
			AwakeInstancesAfterBackupRestoration (8ms)
Platform modules already initialized, skipping
Refreshing native plugins compatible for Editor in 0.37 ms, found 2 plugins.
Preloading 0 native plugins for Editor in 0.00 ms.
Unloading 1675 Unused Serialized files (Serialized files now loaded: 0)
System memory in use before: 107.8 MB.
System memory in use after: 107.9 MB.

Unloading 13 unused Assets to reduce memory usage. Loaded Objects now: 2232.
Total: 2.440800 ms (FindLiveObjects: 0.132200 ms CreateObjectMapping: 0.055800 ms MarkObjects: 2.193000 ms  DeleteObjects: 0.059200 ms)

AssetImportParameters requested are different than current active one (requested -> active):
  custom:framework-win-MediaFoundation: 216162199b28c13a410421893ffa2e32 -> 
  custom:video-decoder-ogg-theora: a1e56fd34408186e4bbccfd4996cb3dc -> 
  custom:container-muxer-webm: aa71ff27fc2769a1b78a27578f13a17b -> 
  custom:container-demuxer-webm: 4f35f7cbe854078d1ac9338744f61a02 -> 
  custom:container-demuxer-ogg: 62fdf1f143b41e24485cea50d1cbac27 -> 
  custom:video-encoder-webm-vp8: eb34c28f22e8b96e1ab97ce403110664 -> 
  custom:video-decoder-webm-vp8: 9c59270c3fd7afecdb556c50c9e8de78 -> 
  custom:audio-decoder-ogg-vorbis: bf7c407c2cedff20999df2af8eb42d56 -> 
  custom:audio-encoder-webm-vorbis: bf7c407c2cedff20999df2af8eb42d56 -> 
========================================================================
Received Prepare
Registering precompiled user dll's ...
Registered in 0.007903 seconds.
Begin MonoManager ReloadAssembly
Symbol file LoadedFromMemory doesn't match image C:\Users\Game\Desktop\gitdes\Capstone_2022_Japgokbap\project\Library\PackageCache\com.unity.collab-proxy@1.15.15\Lib\Editor\PlasticSCM\unityplastic.dll
Native extension for WindowsStandalone target not found
Refreshing native plugins compatible for Editor in 0.35 ms, found 2 plugins.
Preloading 0 native plugins for Editor in 0.00 ms.
Mono: successfully reloaded assembly
- Completed reload, in  1.319 seconds
Domain Reload Profiling:
	ReloadAssembly (1320ms)
		BeginReloadAssembly (180ms)
			ExecutionOrderSort (0ms)
			DisableScriptedObjects (4ms)
			BackupInstance (0ms)
			ReleaseScriptingObjects (0ms)
			CreateAndSetChildDomain (34ms)
		EndReloadAssembly (1043ms)
			LoadAssemblies (165ms)
			RebuildTransferFunctionScriptingTraits (0ms)
			SetupTypeCache (277ms)
			ReleaseScriptCaches (1ms)
			RebuildScriptCaches (43ms)
			SetupLoadedEditorAssemblies (510ms)
				LogAssemblyErrors (0ms)
				InitializePlatformSupportModulesInManaged (6ms)
				SetLoadedEditorAssemblies (0ms)
				RefreshPlugins (0ms)
				BeforeProcessingInitializeOnLoad (128ms)
				ProcessInitializeOnLoadAttributes (340ms)
				ProcessInitializeOnLoadMethodAttributes (10ms)
				AfterProcessingInitializeOnLoad (26ms)
				EditorAssembliesLoaded (0ms)
			ExecutionOrderSort2 (0ms)
			AwakeInstancesAfterBackupRestoration (9ms)
Platform modules already initialized, skipping
Refreshing native plugins compatible for Editor in 0.34 ms, found 2 plugins.
Preloading 0 native plugins for Editor in 0.00 ms.
Unloading 1675 Unused Serialized files (Serialized files now loaded: 0)
System memory in use before: 107.8 MB.
System memory in use after: 107.9 MB.

Unloading 13 unused Assets to reduce memory usage. Loaded Objects now: 2236.
Total: 3.409600 ms (FindLiveObjects: 0.134400 ms CreateObjectMapping: 0.055100 ms MarkObjects: 3.130900 ms  DeleteObjects: 0.087800 ms)

AssetImportParameters requested are different than current active one (requested -> active):
  custom:framework-win-MediaFoundation: 216162199b28c13a410421893ffa2e32 -> 
  custom:video-decoder-ogg-theora: a1e56fd34408186e4bbccfd4996cb3dc -> 
  custom:container-muxer-webm: aa71ff27fc2769a1b78a27578f13a17b -> 
  custom:container-demuxer-webm: 4f35f7cbe854078d1ac9338744f61a02 -> 
  custom:container-demuxer-ogg: 62fdf1f143b41e24485cea50d1cbac27 -> 
  custom:video-encoder-webm-vp8: eb34c28f22e8b96e1ab97ce403110664 -> 
  custom:video-decoder-webm-vp8: 9c59270c3fd7afecdb556c50c9e8de78 -> 
  custom:audio-decoder-ogg-vorbis: bf7c407c2cedff20999df2af8eb42d56 -> 
  custom:audio-encoder-webm-vorbis: bf7c407c2cedff20999df2af8eb42d56 -> 
========================================================================
Received Import Request.
  Time since last request: 152.267721 seconds.
  path: Assets/Unit/Skeletons/Controller/Skeleton2.controller
  artifactKey: Guid(2cd97e430a3d096428ed4824bd18e2f4) Importer(815301076,1909f56bfc062723c751e8b465ee728b)
Start importing Assets/Unit/Skeletons/Controller/Skeleton2.controller using Guid(2cd97e430a3d096428ed4824bd18e2f4) Importer(815301076,1909f56bfc062723c751e8b465ee728b)  -> (artifact id: '7c731f562593a9be7983764f494916d8') in 0.031267 seconds 
========================================================================
Received Import Request.
  Time since last request: 0.750726 seconds.
  path: Assets/Unit/Skeletons/Controller/Skeleton3.controller
  artifactKey: Guid(882ab105aa81405429160d3b58b2b996) Importer(815301076,1909f56bfc062723c751e8b465ee728b)
Start importing Assets/Unit/Skeletons/Controller/Skeleton3.controller using Guid(882ab105aa81405429160d3b58b2b996) Importer(815301076,1909f56bfc062723c751e8b465ee728b)  -> (artifact id: '86c502474ea4c1fc45e9a21e72d8bb47') in 0.008329 seconds 
========================================================================
Received Import Request.
  Time since last request: 1.590594 seconds.
  path: Assets/Unit/Skeletons/Controller/Skeleton4.controller
  artifactKey: Guid(8fc33559437b6954d98515a55cd8e17c) Importer(815301076,1909f56bfc062723c751e8b465ee728b)
Start importing Assets/Unit/Skeletons/Controller/Skeleton4.controller using Guid(8fc33559437b6954d98515a55cd8e17c) Importer(815301076,1909f56bfc062723c751e8b465ee728b)  -> (artifact id: '34a862c19f03e51796b1f1409bef38a4') in 0.008396 seconds 
========================================================================
Received Prepare
Registering precompiled user dll's ...
Registered in 0.007407 seconds.
Begin MonoManager ReloadAssembly
Symbol file LoadedFromMemory doesn't match image C:\Users\Game\Desktop\gitdes\Capstone_2022_Japgokbap\project\Library\PackageCache\com.unity.collab-proxy@1.15.15\Lib\Editor\PlasticSCM\unityplastic.dll
Native extension for WindowsStandalone target not found
Refreshing native plugins compatible for Editor in 0.34 ms, found 2 plugins.
Preloading 0 native plugins for Editor in 0.00 ms.
Mono: successfully reloaded assembly
- Completed reload, in  1.225 seconds
Domain Reload Profiling:
	ReloadAssembly (1225ms)
		BeginReloadAssembly (213ms)
			ExecutionOrderSort (0ms)
			DisableScriptedObjects (4ms)
			BackupInstance (0ms)
			ReleaseScriptingObjects (0ms)
			CreateAndSetChildDomain (44ms)
		EndReloadAssembly (927ms)
			LoadAssemblies (174ms)
			RebuildTransferFunctionScriptingTraits (0ms)
			SetupTypeCache (277ms)
			ReleaseScriptCaches (1ms)
			RebuildScriptCaches (35ms)
			SetupLoadedEditorAssemblies (405ms)
				LogAssemblyErrors (0ms)
				InitializePlatformSupportModulesInManaged (5ms)
				SetLoadedEditorAssemblies (0ms)
				RefreshPlugins (0ms)
				BeforeProcessingInitializeOnLoad (111ms)
				ProcessInitializeOnLoadAttributes (256ms)
				ProcessInitializeOnLoadMethodAttributes (10ms)
				AfterProcessingInitializeOnLoad (22ms)
				EditorAssembliesLoaded (0ms)
			ExecutionOrderSort2 (0ms)
			AwakeInstancesAfterBackupRestoration (8ms)
Platform modules already initialized, skipping
Refreshing native plugins compatible for Editor in 0.35 ms, found 2 plugins.
Preloading 0 native plugins for Editor in 0.00 ms.
Unloading 1675 Unused Serialized files (Serialized files now loaded: 0)
System memory in use before: 107.8 MB.
System memory in use after: 107.9 MB.

Unloading 13 unused Assets to reduce memory usage. Loaded Objects now: 2240.
Total: 3.290300 ms (FindLiveObjects: 0.135400 ms CreateObjectMapping: 0.056500 ms MarkObjects: 3.030800 ms  DeleteObjects: 0.066600 ms)

AssetImportParameters requested are different than current active one (requested -> active):
  custom:framework-win-MediaFoundation: 216162199b28c13a410421893ffa2e32 -> 
  custom:video-decoder-ogg-theora: a1e56fd34408186e4bbccfd4996cb3dc -> 
  custom:container-muxer-webm: aa71ff27fc2769a1b78a27578f13a17b -> 
  custom:container-demuxer-webm: 4f35f7cbe854078d1ac9338744f61a02 -> 
  custom:container-demuxer-ogg: 62fdf1f143b41e24485cea50d1cbac27 -> 
  custom:video-encoder-webm-vp8: eb34c28f22e8b96e1ab97ce403110664 -> 
  custom:video-decoder-webm-vp8: 9c59270c3fd7afecdb556c50c9e8de78 -> 
  custom:audio-decoder-ogg-vorbis: bf7c407c2cedff20999df2af8eb42d56 -> 
  custom:audio-encoder-webm-vorbis: bf7c407c2cedff20999df2af8eb42d56 -> 
========================================================================
Received Prepare
Registering precompiled user dll's ...
Registered in 0.008512 seconds.
Begin MonoManager ReloadAssembly
Symbol file LoadedFromMemory doesn't match image C:\Users\Game\Desktop\gitdes\Capstone_2022_Japgokbap\project\Library\PackageCache\com.unity.collab-proxy@1.15.15\Lib\Editor\PlasticSCM\unityplastic.dll
Native extension for WindowsStandalone target not found
Refreshing native plugins compatible for Editor in 0.39 ms, found 2 plugins.
Preloading 0 native plugins for Editor in 0.00 ms.
Mono: successfully reloaded assembly
- Completed reload, in  1.159 seconds
Domain Reload Profiling:
	ReloadAssembly (1159ms)
		BeginReloadAssembly (174ms)
			ExecutionOrderSort (0ms)
			DisableScriptedObjects (4ms)
			BackupInstance (0ms)
			ReleaseScriptingObjects (0ms)
			CreateAndSetChildDomain (30ms)
		EndReloadAssembly (900ms)
			LoadAssemblies (166ms)
			RebuildTransferFunctionScriptingTraits (0ms)
			SetupTypeCache (262ms)
			ReleaseScriptCaches (1ms)
			RebuildScriptCaches (38ms)
			SetupLoadedEditorAssemblies (394ms)
				LogAssemblyErrors (0ms)
				InitializePlatformSupportModulesInManaged (5ms)
				SetLoadedEditorAssemblies (0ms)
				RefreshPlugins (0ms)
				BeforeProcessingInitializeOnLoad (109ms)
				ProcessInitializeOnLoadAttributes (247ms)
				ProcessInitializeOnLoadMethodAttributes (10ms)
				AfterProcessingInitializeOnLoad (22ms)
				EditorAssembliesLoaded (0ms)
			ExecutionOrderSort2 (0ms)
			AwakeInstancesAfterBackupRestoration (8ms)
Platform modules already initialized, skipping
Refreshing native plugins compatible for Editor in 0.43 ms, found 2 plugins.
Preloading 0 native plugins for Editor in 0.00 ms.
Unloading 1675 Unused Serialized files (Serialized files now loaded: 0)
System memory in use before: 107.8 MB.
System memory in use after: 107.9 MB.

Unloading 13 unused Assets to reduce memory usage. Loaded Objects now: 2244.
Total: 3.531000 ms (FindLiveObjects: 0.135000 ms CreateObjectMapping: 0.051000 ms MarkObjects: 3.276400 ms  DeleteObjects: 0.067700 ms)

AssetImportParameters requested are different than current active one (requested -> active):
  custom:framework-win-MediaFoundation: 216162199b28c13a410421893ffa2e32 -> 
  custom:video-decoder-ogg-theora: a1e56fd34408186e4bbccfd4996cb3dc -> 
  custom:container-muxer-webm: aa71ff27fc2769a1b78a27578f13a17b -> 
  custom:container-demuxer-webm: 4f35f7cbe854078d1ac9338744f61a02 -> 
  custom:container-demuxer-ogg: 62fdf1f143b41e24485cea50d1cbac27 -> 
  custom:video-encoder-webm-vp8: eb34c28f22e8b96e1ab97ce403110664 -> 
  custom:video-decoder-webm-vp8: 9c59270c3fd7afecdb556c50c9e8de78 -> 
  custom:audio-decoder-ogg-vorbis: bf7c407c2cedff20999df2af8eb42d56 -> 
  custom:audio-encoder-webm-vorbis: bf7c407c2cedff20999df2af8eb42d56 -> 
AssetImportWorkerClient::OnTransportError - code=2 error=End of file
