Using pre-set license
Built from '2020.3/staging' branch; Version is '2020.3.33f1 (915a7af8b0d5) revision 9525882'; Using compiler version '192528614'; Build Type 'Release'
OS: 'Windows 10  (10.0.19042) 64bit Professional' Language: 'ko' Physical Memory: 7997 MB
BatchMode: 1, IsHumanControllingUs: 0, StartBugReporterOnCrash: 0, Is64bit: 1, IsPro: 0

COMMAND LINE ARGUMENTS:
C:\Program Files\Unity 2020.3.33f1\Editor\Unity.exe
-adb2
-batchMode
-noUpm
-name
AssetImportWorker1
-projectPath
E:/4학년 1학기 캡스톤/homeGit/Capstone_2022_Japgokbap/project
-logFile
Logs/AssetImportWorker1.log
-srvPort
57389
Successfully changed project path to: E:/4학년 1학기 캡스톤/homeGit/Capstone_2022_Japgokbap/project
E:/4학년 1학기 캡스톤/homeGit/Capstone_2022_Japgokbap/project
Using Asset Import Pipeline V2.
Refreshing native plugins compatible for Editor in 49.03 ms, found 2 plugins.
Preloading 0 native plugins for Editor in 0.00 ms.
Initialize engine version: 2020.3.33f1 (915a7af8b0d5)
[Subsystems] Discovering subsystems at path C:/Program Files/Unity 2020.3.33f1/Editor/Data/Resources/UnitySubsystems
[Subsystems] Discovering subsystems at path E:/4학년 1학기 캡스톤/homeGit/Capstone_2022_Japgokbap/project/Assets
GfxDevice: creating device client; threaded=0
Direct3D:
    Version:  Direct3D 11.0 [level 11.1]
    Renderer: NVIDIA GeForce GTX 1650 (ID=0x1f91)
    Vendor:   
    VRAM:     3962 MB
    Driver:   27.21.14.5763
Initialize mono
Mono path[0] = 'C:/Program Files/Unity 2020.3.33f1/Editor/Data/Managed'
Mono path[1] = 'C:/Program Files/Unity 2020.3.33f1/Editor/Data/MonoBleedingEdge/lib/mono/unityjit'
Mono config path = 'C:/Program Files/Unity 2020.3.33f1/Editor/Data/MonoBleedingEdge/etc'
Using monoOptions --debugger-agent=transport=dt_socket,embedding=1,server=y,suspend=n,address=127.0.0.1:56492
Begin MonoManager ReloadAssembly
Registering precompiled unity dll's ...
Register platform support module: C:/Program Files/Unity 2020.3.33f1/Editor/Data/PlaybackEngines/WindowsStandaloneSupport/UnityEditor.WindowsStandalone.Extensions.dll
Registered in 0.011071 seconds.
Native extension for WindowsStandalone target not found
Refreshing native plugins compatible for Editor in 49.16 ms, found 2 plugins.
Preloading 0 native plugins for Editor in 0.00 ms.
Mono: successfully reloaded assembly
- Completed reload, in  1.008 seconds
Domain Reload Profiling:
	ReloadAssembly (1008ms)
		BeginReloadAssembly (199ms)
			ExecutionOrderSort (0ms)
			DisableScriptedObjects (0ms)
			BackupInstance (0ms)
			ReleaseScriptingObjects (0ms)
			CreateAndSetChildDomain (1ms)
		EndReloadAssembly (662ms)
			LoadAssemblies (187ms)
			RebuildTransferFunctionScriptingTraits (0ms)
			SetupTypeCache (218ms)
			ReleaseScriptCaches (0ms)
			RebuildScriptCaches (40ms)
			SetupLoadedEditorAssemblies (231ms)
				LogAssemblyErrors (0ms)
				InitializePlatformSupportModulesInManaged (7ms)
				SetLoadedEditorAssemblies (0ms)
				RefreshPlugins (49ms)
				BeforeProcessingInitializeOnLoad (19ms)
				ProcessInitializeOnLoadAttributes (116ms)
				ProcessInitializeOnLoadMethodAttributes (39ms)
				AfterProcessingInitializeOnLoad (0ms)
				EditorAssembliesLoaded (0ms)
			ExecutionOrderSort2 (0ms)
			AwakeInstancesAfterBackupRestoration (0ms)
Platform modules already initialized, skipping
Registering precompiled user dll's ...
Registered in 0.005917 seconds.
Begin MonoManager ReloadAssembly
Symbol file LoadedFromMemory doesn't match image E:\4학년 1학기 캡스톤\homeGit\Capstone_2022_Japgokbap\project\Library\PackageCache\com.unity.collab-proxy@1.15.15\Lib\Editor\PlasticSCM\unityplastic.dll
Native extension for WindowsStandalone target not found
Refreshing native plugins compatible for Editor in 0.47 ms, found 2 plugins.
Preloading 0 native plugins for Editor in 0.00 ms.
Mono: successfully reloaded assembly
- Completed reload, in  1.977 seconds
Domain Reload Profiling:
	ReloadAssembly (1979ms)
		BeginReloadAssembly (322ms)
			ExecutionOrderSort (0ms)
			DisableScriptedObjects (8ms)
			BackupInstance (0ms)
			ReleaseScriptingObjects (0ms)
			CreateAndSetChildDomain (26ms)
		EndReloadAssembly (1522ms)
			LoadAssemblies (243ms)
			RebuildTransferFunctionScriptingTraits (0ms)
			SetupTypeCache (445ms)
			ReleaseScriptCaches (1ms)
			RebuildScriptCaches (52ms)
			SetupLoadedEditorAssemblies (741ms)
				LogAssemblyErrors (0ms)
				InitializePlatformSupportModulesInManaged (8ms)
				SetLoadedEditorAssemblies (1ms)
				RefreshPlugins (1ms)
				BeforeProcessingInitializeOnLoad (169ms)
				ProcessInitializeOnLoadAttributes (509ms)
				ProcessInitializeOnLoadMethodAttributes (19ms)
				AfterProcessingInitializeOnLoad (35ms)
				EditorAssembliesLoaded (0ms)
			ExecutionOrderSort2 (0ms)
			AwakeInstancesAfterBackupRestoration (9ms)
Platform modules already initialized, skipping
========================================================================
Worker process is ready to serve import requests
Launched and connected shader compiler UnityShaderCompiler.exe after 0.07 seconds
Refreshing native plugins compatible for Editor in 0.73 ms, found 2 plugins.
Preloading 0 native plugins for Editor in 0.00 ms.
Unloading 1646 Unused Serialized files (Serialized files now loaded: 0)
System memory in use before: 102.8 MB.
System memory in use after: 102.9 MB.

Unloading 17 unused Assets to reduce memory usage. Loaded Objects now: 2107.
Total: 4.290500 ms (FindLiveObjects: 0.273800 ms CreateObjectMapping: 0.084100 ms MarkObjects: 3.767200 ms  DeleteObjects: 0.163400 ms)

AssetImportParameters requested are different than current active one (requested -> active):
  custom:framework-win-MediaFoundation: 216162199b28c13a410421893ffa2e32 -> 
  custom:video-decoder-ogg-theora: a1e56fd34408186e4bbccfd4996cb3dc -> 
  custom:container-muxer-webm: aa71ff27fc2769a1b78a27578f13a17b -> 
  custom:container-demuxer-webm: 4f35f7cbe854078d1ac9338744f61a02 -> 
  custom:container-demuxer-ogg: 62fdf1f143b41e24485cea50d1cbac27 -> 
  custom:video-encoder-webm-vp8: eb34c28f22e8b96e1ab97ce403110664 -> 
  custom:video-decoder-webm-vp8: 9c59270c3fd7afecdb556c50c9e8de78 -> 
  custom:audio-decoder-ogg-vorbis: bf7c407c2cedff20999df2af8eb42d56 -> 
  custom:audio-encoder-webm-vorbis: bf7c407c2cedff20999df2af8eb42d56 -> 
========================================================================
Received Import Request.
  path: Assets/PlayerAttack/BladeStorm.prefab
  artifactKey: Guid(ff0cf110fe24d944da3cde58faea4e5f) Importer(815301076,1909f56bfc062723c751e8b465ee728b)
Start importing Assets/PlayerAttack/BladeStorm.prefab using Guid(ff0cf110fe24d944da3cde58faea4e5f) Importer(815301076,1909f56bfc062723c751e8b465ee728b)  -> (artifact id: 'f3b3b6fec73ac15a1888d36757a94ee9') in 0.289479 seconds 
========================================================================
Received Import Request.
  Time since last request: 0.000294 seconds.
  path: Assets/Characters/Great Sword Walk.fbx
  artifactKey: Guid(646acc3e3609f03408ea6b3b08cb7b97) Importer(815301076,1909f56bfc062723c751e8b465ee728b)
Start importing Assets/Characters/Great Sword Walk.fbx using Guid(646acc3e3609f03408ea6b3b08cb7b97) Importer(815301076,1909f56bfc062723c751e8b465ee728b)  -> (artifact id: '1b694bb4b82c761e1a802fc659b9192c') in 0.309205 seconds 
========================================================================
Received Import Request.
  Time since last request: 0.000279 seconds.
  path: Assets/Scripts/Skeletons.cs
  artifactKey: Guid(fda72ea32d6b3724cac315b5f4b734b9) Importer(815301076,1909f56bfc062723c751e8b465ee728b)
Start importing Assets/Scripts/Skeletons.cs using Guid(fda72ea32d6b3724cac315b5f4b734b9) Importer(815301076,1909f56bfc062723c751e8b465ee728b)  -> (artifact id: '12564b463ebf03fa2e90e08850ceb093') in 0.074523 seconds 
========================================================================
Received Import Request.
  Time since last request: 0.000224 seconds.
  path: Assets/Scripts/Goblins.cs
  artifactKey: Guid(ee05a87862ca89848a2ef4ae6e163313) Importer(815301076,1909f56bfc062723c751e8b465ee728b)
Start importing Assets/Scripts/Goblins.cs using Guid(ee05a87862ca89848a2ef4ae6e163313) Importer(815301076,1909f56bfc062723c751e8b465ee728b)  -> (artifact id: '0dfbdfc508416d78fbf9fa8d396dac27') in 0.060045 seconds 
========================================================================
Received Import Request.
  Time since last request: 0.000373 seconds.
  path: Assets/Characters/warrior mat.mat
  artifactKey: Guid(7235da4d4a6394c4c90b755fd9acc9b0) Importer(815301076,1909f56bfc062723c751e8b465ee728b)
Start importing Assets/Characters/warrior mat.mat using Guid(7235da4d4a6394c4c90b755fd9acc9b0) Importer(815301076,1909f56bfc062723c751e8b465ee728b)  -> (artifact id: 'd592d5c5a6eb4472180051931d9177f8') in 0.154846 seconds 
========================================================================
Received Import Request.
  Time since last request: 0.000249 seconds.
  path: Assets/Materials/CheckHeadingMaterial.mat
  artifactKey: Guid(0b497d377c560204c9ea8480204a178e) Importer(815301076,1909f56bfc062723c751e8b465ee728b)
Start importing Assets/Materials/CheckHeadingMaterial.mat using Guid(0b497d377c560204c9ea8480204a178e) Importer(815301076,1909f56bfc062723c751e8b465ee728b)  -> (artifact id: '0d8d24803642551c253faaa082940c83') in 0.151767 seconds 
========================================================================
Received Import Request.
  Time since last request: 0.000360 seconds.
  path: Assets/Characters/Walk.fbx
  artifactKey: Guid(7748a1b5566b57e4c90273cf27d94e22) Importer(815301076,1909f56bfc062723c751e8b465ee728b)
Start importing Assets/Characters/Walk.fbx using Guid(7748a1b5566b57e4c90273cf27d94e22) Importer(815301076,1909f56bfc062723c751e8b465ee728b)  -> (artifact id: '7b872b3833a10b1202fe580f424dd7e2') in 0.069417 seconds 
========================================================================
Received Import Request.
  Time since last request: 0.000286 seconds.
  path: Assets/PlayerAttack/SeismWave.prefab
  artifactKey: Guid(4f1e5fb064c8e3c4cb1d97919987d0e9) Importer(815301076,1909f56bfc062723c751e8b465ee728b)
Start importing Assets/PlayerAttack/SeismWave.prefab using Guid(4f1e5fb064c8e3c4cb1d97919987d0e9) Importer(815301076,1909f56bfc062723c751e8b465ee728b)  -> (artifact id: 'ece5d80a42a74078ff9f7824dea9219f') in 0.105620 seconds 
========================================================================
Received Import Request.
  Time since last request: 0.000376 seconds.
  path: Assets/PlayFabEditorExtensions/Editor/PlayFabEditorExtensions.asmdef
  artifactKey: Guid(8f342294dfb958a4694b67859092b749) Importer(815301076,1909f56bfc062723c751e8b465ee728b)
Start importing Assets/PlayFabEditorExtensions/Editor/PlayFabEditorExtensions.asmdef using Guid(8f342294dfb958a4694b67859092b749) Importer(815301076,1909f56bfc062723c751e8b465ee728b)  -> (artifact id: '076ec3215cdd742cc6ef60522043a24b') in 0.062753 seconds 
========================================================================
Received Import Request.
  Time since last request: 0.000306 seconds.
  path: Assets/Characters/Idle.fbx
  artifactKey: Guid(b9dddf4d20e129c40b3d5f6ee2fc5902) Importer(815301076,1909f56bfc062723c751e8b465ee728b)
Start importing Assets/Characters/Idle.fbx using Guid(b9dddf4d20e129c40b3d5f6ee2fc5902) Importer(815301076,1909f56bfc062723c751e8b465ee728b)  -> (artifact id: '22301fad5077d2d24eba43d6ee94b43e') in 0.057997 seconds 
========================================================================
Received Import Request.
  Time since last request: 0.000436 seconds.
  path: Assets/Characters/Slash.fbx
  artifactKey: Guid(666c9e22e1ac17f47a709b5e8ace67d9) Importer(815301076,1909f56bfc062723c751e8b465ee728b)
Start importing Assets/Characters/Slash.fbx using Guid(666c9e22e1ac17f47a709b5e8ace67d9) Importer(815301076,1909f56bfc062723c751e8b465ee728b)  -> (artifact id: '7816ffb7f71595dcec984d1a0ddd1ce9') in 0.067020 seconds 
========================================================================
Received Import Request.
  Time since last request: 0.000313 seconds.
  path: Assets/Characters/Great Sword Walk.prefab
  artifactKey: Guid(a0af58571d7ce104ea01d2863437c206) Importer(815301076,1909f56bfc062723c751e8b465ee728b)
Start importing Assets/Characters/Great Sword Walk.prefab using Guid(a0af58571d7ce104ea01d2863437c206) Importer(815301076,1909f56bfc062723c751e8b465ee728b)  -> (artifact id: '21ad81c0a4f5fb26affa745352476f97') in 0.200949 seconds 
========================================================================
Received Import Request.
  Time since last request: 0.000266 seconds.
  path: Assets/Characters/axe mat.mat
  artifactKey: Guid(1150453554f2a7448b6f92953468d15a) Importer(815301076,1909f56bfc062723c751e8b465ee728b)
Start importing Assets/Characters/axe mat.mat using Guid(1150453554f2a7448b6f92953468d15a) Importer(815301076,1909f56bfc062723c751e8b465ee728b)  -> (artifact id: 'b9357ce9b1192e235c90c3d9fe1cc4d1') in 0.134438 seconds 
========================================================================
Received Import Request.
  Time since last request: 0.000285 seconds.
  path: Assets/Scripts
  artifactKey: Guid(38ea35001a48ef44fb1493ca484df01d) Importer(815301076,1909f56bfc062723c751e8b465ee728b)
Start importing Assets/Scripts using Guid(38ea35001a48ef44fb1493ca484df01d) Importer(815301076,1909f56bfc062723c751e8b465ee728b)  -> (artifact id: 'a60344d9c24c7ee748bc7e3b90b30892') in 0.059651 seconds 
========================================================================
Received Import Request.
  Time since last request: 0.000459 seconds.
  path: Assets/Materials/TestAttackMaterial.mat
  artifactKey: Guid(06db9b3a41704ca4f8424b02389836dd) Importer(815301076,1909f56bfc062723c751e8b465ee728b)
Start importing Assets/Materials/TestAttackMaterial.mat using Guid(06db9b3a41704ca4f8424b02389836dd) Importer(815301076,1909f56bfc062723c751e8b465ee728b)  -> (artifact id: '9a73eec2698cd2b1af5edd8a9d3f7a9a') in 0.115237 seconds 
========================================================================
Received Import Request.
  Time since last request: 0.000420 seconds.
  path: Assets/Characters/SeismWave.fbx
  artifactKey: Guid(38557eda5bbbe4443b66fe2f90ff5c8f) Importer(815301076,1909f56bfc062723c751e8b465ee728b)
Start importing Assets/Characters/SeismWave.fbx using Guid(38557eda5bbbe4443b66fe2f90ff5c8f) Importer(815301076,1909f56bfc062723c751e8b465ee728b)  -> (artifact id: '7fce4caed5c7398d20a177f5dbba4aa5') in 0.069212 seconds 
========================================================================
Received Import Request.
  Time since last request: 0.000385 seconds.
  path: Assets/Scripts/CameraMovement.cs
  artifactKey: Guid(c70d6774a4c10ba42aa337b258c2a763) Importer(815301076,1909f56bfc062723c751e8b465ee728b)
Start importing Assets/Scripts/CameraMovement.cs using Guid(c70d6774a4c10ba42aa337b258c2a763) Importer(815301076,1909f56bfc062723c751e8b465ee728b)  -> (artifact id: '49072a61485b52a1923ee9a81077e5f8') in 0.073222 seconds 
========================================================================
Received Import Request.
  Time since last request: 0.000335 seconds.
  path: Assets/Materials/boxuvw.mat
  artifactKey: Guid(77b462c1dd109b94c999882c69480154) Importer(815301076,1909f56bfc062723c751e8b465ee728b)
Start importing Assets/Materials/boxuvw.mat using Guid(77b462c1dd109b94c999882c69480154) Importer(815301076,1909f56bfc062723c751e8b465ee728b)  -> (artifact id: 'e03fe931f36cfef361f63e8bfb028b79') in 0.130553 seconds 
========================================================================
Received Import Request.
  Time since last request: 0.000336 seconds.
  path: Assets/Materials/wp7818612-medieval-castle-wallpapers.jpg
  artifactKey: Guid(1df5c8316cf5a9d4398b15da8abdb784) Importer(815301076,1909f56bfc062723c751e8b465ee728b)
Start importing Assets/Materials/wp7818612-medieval-castle-wallpapers.jpg using Guid(1df5c8316cf5a9d4398b15da8abdb784) Importer(815301076,1909f56bfc062723c751e8b465ee728b)  -> (artifact id: 'dc341706e03e8cfd88b0bc95b307cb7a') in 0.206408 seconds 
========================================================================
Received Import Request.
  Time since last request: 0.000279 seconds.
  path: Assets/Characters/mix base.fbx
  artifactKey: Guid(681f8180da4b6594f96ccd7dbe6f93c9) Importer(815301076,1909f56bfc062723c751e8b465ee728b)
Start importing Assets/Characters/mix base.fbx using Guid(681f8180da4b6594f96ccd7dbe6f93c9) Importer(815301076,1909f56bfc062723c751e8b465ee728b)  -> (artifact id: '6123f4756f780ca5b0b04a8c27b17a34') in 0.199232 seconds 
========================================================================
Received Import Request.
  Time since last request: 0.000405 seconds.
  path: Assets/Characters/Idle2.fbx
  artifactKey: Guid(f09207f86c80c0b46a29e828aae0ba80) Importer(815301076,1909f56bfc062723c751e8b465ee728b)
Start importing Assets/Characters/Idle2.fbx using Guid(f09207f86c80c0b46a29e828aae0ba80) Importer(815301076,1909f56bfc062723c751e8b465ee728b)  -> (artifact id: '5f443b168a539d9ed451aeb646b217c1') in 0.066401 seconds 
AssetImportWorkerClient::OnTransportError - code=2 error=End of file
